2020-11-03 18:02:38,142 p=22437 u=root n=ansible | PLAY [redmine] *********************************************************************************************************************************************
2020-11-03 18:02:38,159 p=22437 u=root n=ansible | ERROR! Attempting to decrypt but no vault secrets found
2020-11-03 18:04:38,681 p=22463 u=root n=ansible | PLAY [redmine] *********************************************************************************************************************************************
2020-11-03 18:04:38,700 p=22463 u=root n=ansible | TASK [Gathering Facts] *************************************************************************************************************************************
2020-11-03 18:04:38,700 p=22463 u=root n=ansible | Tuesday 03 November 2020  18:04:38 +0300 (0:00:00.155)       0:00:00.155 ****** 
2020-11-03 18:04:41,885 p=22463 u=root n=ansible | ok: [redmine]
2020-11-03 18:04:41,978 p=22463 u=root n=ansible | TASK [Redmine. Install packages] ***************************************************************************************************************************
2020-11-03 18:04:41,978 p=22463 u=root n=ansible | Tuesday 03 November 2020  18:04:41 +0300 (0:00:03.277)       0:00:03.432 ****** 
2020-11-03 18:04:42,047 p=22463 u=root n=ansible | fatal: [redmine]: FAILED! => {"msg": "The task includes an option with an undefined variable. The error was: 'apt_redmine_packages' is undefined\n\nThe error appears to be in '/root/14. Ansible Workshop/redmine.yaml': line 5, column 7, but may\nbe elsewhere in the file depending on the exact syntax problem.\n\nThe offending line appears to be:\n\n  pre_tasks:\n    - name: Redmine. Install packages\n      ^ here\n"}
2020-11-03 18:04:42,049 p=22463 u=root n=ansible | PLAY RECAP *************************************************************************************************************************************************
2020-11-03 18:04:42,049 p=22463 u=root n=ansible | redmine                    : ok=1    changed=0    unreachable=0    failed=1    skipped=0    rescued=0    ignored=0   
2020-11-03 18:04:42,049 p=22463 u=root n=ansible | Tuesday 03 November 2020  18:04:42 +0300 (0:00:00.071)       0:00:03.504 ****** 
2020-11-03 18:04:42,050 p=22463 u=root n=ansible | =============================================================================== 
2020-11-03 18:04:42,050 p=22463 u=root n=ansible | Gathering Facts ------------------------------------------------------------------------------------------------------------------------------------- 3.28s
2020-11-03 18:04:42,050 p=22463 u=root n=ansible | Redmine. Install packages --------------------------------------------------------------------------------------------------------------------------- 0.07s
2020-11-03 18:04:42,050 p=22463 u=root n=ansible | Playbook run took 0 days, 0 hours, 0 minutes, 3 seconds
2020-11-03 18:07:46,051 p=22571 u=root n=ansible | PLAY [redmine] *********************************************************************************************************************************************
2020-11-03 18:07:46,068 p=22571 u=root n=ansible | TASK [Gathering Facts] *************************************************************************************************************************************
2020-11-03 18:07:46,069 p=22571 u=root n=ansible | Tuesday 03 November 2020  18:07:46 +0300 (0:00:00.154)       0:00:00.154 ****** 
2020-11-03 18:07:49,112 p=22571 u=root n=ansible | ok: [redmine]
2020-11-03 18:07:49,204 p=22571 u=root n=ansible | TASK [Redmine. Install packages] ***************************************************************************************************************************
2020-11-03 18:07:49,204 p=22571 u=root n=ansible | Tuesday 03 November 2020  18:07:49 +0300 (0:00:03.135)       0:00:03.290 ****** 
2020-11-03 18:07:51,232 p=22571 u=root n=ansible | ok: [redmine]
2020-11-03 18:07:51,296 p=22571 u=root n=ansible | TASK [Redmine. Clone repository] ***************************************************************************************************************************
2020-11-03 18:07:51,296 p=22571 u=root n=ansible | Tuesday 03 November 2020  18:07:51 +0300 (0:00:02.091)       0:00:05.382 ****** 
2020-11-03 18:07:52,089 p=22571 u=root n=ansible | ok: [redmine]
2020-11-03 18:07:52,184 p=22571 u=root n=ansible | TASK [Redmine. Change permissions] *************************************************************************************************************************
2020-11-03 18:07:52,185 p=22571 u=root n=ansible | Tuesday 03 November 2020  18:07:52 +0300 (0:00:00.888)       0:00:06.270 ****** 
2020-11-03 18:07:52,942 p=22571 u=root n=ansible | ok: [redmine]
2020-11-03 18:07:53,010 p=22571 u=root n=ansible | TASK [Redmine. Change permissions] *************************************************************************************************************************
2020-11-03 18:07:53,011 p=22571 u=root n=ansible | Tuesday 03 November 2020  18:07:53 +0300 (0:00:00.826)       0:00:07.097 ****** 
2020-11-03 18:07:53,545 p=22571 u=root n=ansible | ok: [redmine]
2020-11-03 18:07:53,609 p=22571 u=root n=ansible | TASK [db : MySQL. Install and setup] ***********************************************************************************************************************
2020-11-03 18:07:53,610 p=22571 u=root n=ansible | Tuesday 03 November 2020  18:07:53 +0300 (0:00:00.598)       0:00:07.695 ****** 
2020-11-03 18:07:54,934 p=22571 u=root n=ansible | changed: [redmine]
2020-11-03 18:07:54,935 p=22571 u=root n=ansible | RUNNING HANDLER [db : mysql restart] ***********************************************************************************************************************
2020-11-03 18:07:54,935 p=22571 u=root n=ansible | Tuesday 03 November 2020  18:07:54 +0300 (0:00:01.325)       0:00:09.021 ****** 
2020-11-03 18:07:56,061 p=22571 u=root n=ansible | ok: [redmine]
2020-11-03 18:07:56,128 p=22571 u=root n=ansible | TASK [db : Configuring encoding DB] ************************************************************************************************************************
2020-11-03 18:07:56,128 p=22571 u=root n=ansible | Tuesday 03 November 2020  18:07:56 +0300 (0:00:01.192)       0:00:10.214 ****** 
2020-11-03 18:07:56,872 p=22571 u=root n=ansible | ok: [redmine]
2020-11-03 18:07:56,934 p=22571 u=root n=ansible | TASK [db : Configuring user priviliges] ********************************************************************************************************************
2020-11-03 18:07:56,934 p=22571 u=root n=ansible | Tuesday 03 November 2020  18:07:56 +0300 (0:00:00.805)       0:00:11.020 ****** 
2020-11-03 18:07:57,670 p=22571 u=root n=ansible | [WARNING]: Module did not set no_log for update_password

2020-11-03 18:07:57,670 p=22571 u=root n=ansible | changed: [redmine]
2020-11-03 18:07:57,734 p=22571 u=root n=ansible | TASK [db : Config database] ********************************************************************************************************************************
2020-11-03 18:07:57,735 p=22571 u=root n=ansible | Tuesday 03 November 2020  18:07:57 +0300 (0:00:00.800)       0:00:11.821 ****** 
2020-11-03 18:07:58,731 p=22571 u=root n=ansible | ok: [redmine]
2020-11-03 18:07:58,796 p=22571 u=root n=ansible | TASK [redmine : Redmine. Setup 01] *************************************************************************************************************************
2020-11-03 18:07:58,796 p=22571 u=root n=ansible | Tuesday 03 November 2020  18:07:58 +0300 (0:00:01.061)       0:00:12.882 ****** 
2020-11-03 18:08:08,789 p=22571 u=root n=ansible | ok: [redmine]
2020-11-03 18:08:08,854 p=22571 u=root n=ansible | TASK [redmine : Session store secret generation] ***********************************************************************************************************
2020-11-03 18:08:08,854 p=22571 u=root n=ansible | Tuesday 03 November 2020  18:08:08 +0300 (0:00:10.057)       0:00:22.940 ****** 
2020-11-03 18:08:09,357 p=22571 u=root n=ansible | ok: [redmine]
2020-11-03 18:08:09,420 p=22571 u=root n=ansible | TASK [redmine : Redmine. Setup 02] *************************************************************************************************************************
2020-11-03 18:08:09,420 p=22571 u=root n=ansible | Tuesday 03 November 2020  18:08:09 +0300 (0:00:00.565)       0:00:23.506 ****** 
2020-11-03 18:08:18,246 p=22571 u=root n=ansible | ok: [redmine]
2020-11-03 18:08:18,312 p=22571 u=root n=ansible | TASK [redmine : Configuration files for virtualhost] *******************************************************************************************************
2020-11-03 18:08:18,312 p=22571 u=root n=ansible | Tuesday 03 November 2020  18:08:18 +0300 (0:00:08.892)       0:00:32.398 ****** 
2020-11-03 18:08:19,195 p=22571 u=root n=ansible | ok: [redmine]
2020-11-03 18:08:19,310 p=22571 u=root n=ansible | TASK [redmine : Add redmine-14.sa to host file] ************************************************************************************************************
2020-11-03 18:08:19,310 p=22571 u=root n=ansible | Tuesday 03 November 2020  18:08:19 +0300 (0:00:00.998)       0:00:33.396 ****** 
2020-11-03 18:08:19,764 p=22571 u=root n=ansible | ok: [redmine]
2020-11-03 18:08:19,827 p=22571 u=root n=ansible | TASK [redmine : Check content] *****************************************************************************************************************************
2020-11-03 18:08:19,827 p=22571 u=root n=ansible | Tuesday 03 November 2020  18:08:19 +0300 (0:00:00.516)       0:00:33.913 ****** 
2020-11-03 18:08:20,603 p=22571 u=root n=ansible | ok: [redmine]
2020-11-03 18:08:20,668 p=22571 u=root n=ansible | TASK [redmine : Replace host settings] *********************************************************************************************************************
2020-11-03 18:08:20,669 p=22571 u=root n=ansible | Tuesday 03 November 2020  18:08:20 +0300 (0:00:00.841)       0:00:34.755 ****** 
2020-11-03 18:08:21,326 p=22571 u=root n=ansible | changed: [redmine]
2020-11-03 18:08:21,329 p=22571 u=root n=ansible | PLAY RECAP *************************************************************************************************************************************************
2020-11-03 18:08:21,330 p=22571 u=root n=ansible | redmine                    : ok=17   changed=3    unreachable=0    failed=0    skipped=0    rescued=0    ignored=0   
2020-11-03 18:08:21,330 p=22571 u=root n=ansible | Tuesday 03 November 2020  18:08:21 +0300 (0:00:00.661)       0:00:35.416 ****** 
2020-11-03 18:08:21,330 p=22571 u=root n=ansible | =============================================================================== 
2020-11-03 18:08:21,330 p=22571 u=root n=ansible | redmine : Redmine. Setup 01 ------------------------------------------------------------------------------------------------------------------------ 10.06s
2020-11-03 18:08:21,330 p=22571 u=root n=ansible | redmine : Redmine. Setup 02 ------------------------------------------------------------------------------------------------------------------------- 8.89s
2020-11-03 18:08:21,331 p=22571 u=root n=ansible | Gathering Facts ------------------------------------------------------------------------------------------------------------------------------------- 3.14s
2020-11-03 18:08:21,331 p=22571 u=root n=ansible | Redmine. Install packages --------------------------------------------------------------------------------------------------------------------------- 2.09s
2020-11-03 18:08:21,331 p=22571 u=root n=ansible | db : MySQL. Install and setup ----------------------------------------------------------------------------------------------------------------------- 1.33s
2020-11-03 18:08:21,331 p=22571 u=root n=ansible | db : mysql restart ---------------------------------------------------------------------------------------------------------------------------------- 1.19s
2020-11-03 18:08:21,331 p=22571 u=root n=ansible | db : Config database -------------------------------------------------------------------------------------------------------------------------------- 1.06s
2020-11-03 18:08:21,331 p=22571 u=root n=ansible | redmine : Configuration files for virtualhost ------------------------------------------------------------------------------------------------------- 1.00s
2020-11-03 18:08:21,332 p=22571 u=root n=ansible | Redmine. Clone repository --------------------------------------------------------------------------------------------------------------------------- 0.89s
2020-11-03 18:08:21,332 p=22571 u=root n=ansible | redmine : Check content ----------------------------------------------------------------------------------------------------------------------------- 0.84s
2020-11-03 18:08:21,332 p=22571 u=root n=ansible | Redmine. Change permissions ------------------------------------------------------------------------------------------------------------------------- 0.83s
2020-11-03 18:08:21,332 p=22571 u=root n=ansible | db : Configuring encoding DB ------------------------------------------------------------------------------------------------------------------------ 0.81s
2020-11-03 18:08:21,332 p=22571 u=root n=ansible | db : Configuring user priviliges -------------------------------------------------------------------------------------------------------------------- 0.80s
2020-11-03 18:08:21,332 p=22571 u=root n=ansible | redmine : Replace host settings --------------------------------------------------------------------------------------------------------------------- 0.66s
2020-11-03 18:08:21,332 p=22571 u=root n=ansible | Redmine. Change permissions ------------------------------------------------------------------------------------------------------------------------- 0.60s
2020-11-03 18:08:21,332 p=22571 u=root n=ansible | redmine : Session store secret generation ----------------------------------------------------------------------------------------------------------- 0.57s
2020-11-03 18:08:21,333 p=22571 u=root n=ansible | redmine : Add redmine-14.sa to host file ------------------------------------------------------------------------------------------------------------ 0.52s
2020-11-03 18:08:21,333 p=22571 u=root n=ansible | Playbook run took 0 days, 0 hours, 0 minutes, 35 seconds
