ansible@ansiblehost:~$ ansible inside -m script -a "~/update.sh" --ask-vault-pass
Vault password:
centos | CHANGED => {
    "changed": true,
    "rc": 0,
    "stderr": "Shared connection to 192.168.10.10 closed.\r\n",
    "stderr_lines": [
        "Shared connection to 192.168.10.10 closed."
    ],
    "stdout": "Failed to set locale, defaulting to C\r\nLoaded plugins: fastestmirror\r\nIgnored option -q, -v, -d or -e (probably due to merging: -yq != -y -q)\r\nLoading mirror speeds from cached hostfile\r\n * base: mirror.datacenter.by\r\n * extras: mirror.datacenter.by\r\n * updates: mirror.cherryservers.com\r\nResolving Dependencies\r\n--> Running transaction check\r\n---> Package mc.x86_64 1:4.8.7-11.el7 will be installed\r\n--> Finished Dependency Resolution\r\n\r\nDependencies Resolved\r\n\r\n================================================================================\r\n Package      Arch             Version                     Repository      Size\r\n================================================================================\r\nInstalling:\r\n mc           x86_64           1:4.8.7-11.el7              base           1.7 M\r\n\r\nTransaction Summary\r\n================================================================================\r\nInstall  1 Package\r\n\r\nTotal download size: 1.7 M\r\nInstalled size: 5.6 M\r\nDownloading packages:\r\n\rmc-4.8.7-11.el7.x86_64.rpm 11% [=-              ]  0.0 B/s | 212 kB   --:-- ETA \r\rmc-4.8.7-11.el7.x86_64.rpm 33% [=====           ] 431 kB/s | 599 kB   00:02 ETA \r\rmc-4.8.7-11.el7.x86_64.rpm 71% [===========     ] 537 kB/s | 1.2 MB   00:00 ETA \r\rmc-4.8.7-11.el7.x86_64.rpm                                 | 1.7 MB   00:01     \r\nRunning transaction check\r\nRunning transaction test\r\nTransaction test succeeded\r\nRunning transaction\r\n\r  Installing : 1:mc-4.8.7-11.el7.x86_64 [                                 ] 1/1\r  Installing : 1:mc-4.8.7-11.el7.x86_64 [#                                ] 1/1\r  Installing : 1:mc-4.8.7-11.el7.x86_64 [##                               ] 1/1\r  Installing : 1:mc-4.8.7-11.el7.x86_64 [###                              ] 1/1\r  Installing : 1:mc-4.8.7-11.el7.x86_64 [####                             ] 1/1\r  Installing : 1:mc-4.8.7-11.el7.x86_64 [#####                            ] 1/1\r  Installing : 1:mc-4.8.7-11.el7.x86_64 [######                           ] 1/1\r  Installing : 1:mc-4.8.7-11.el7.x86_64 [#######                          ] 1/1\r  Installing : 1:mc-4.8.7-11.el7.x86_64 [########                         ] 1/1\r  Installing : 1:mc-4.8.7-11.el7.x86_64 [#########                        ] 1/1\r  Installing : 1:mc-4.8.7-11.el7.x86_64 [##########                       ] 1/1\r  Installing : 1:mc-4.8.7-11.el7.x86_64 [###########                      ] 1/1\r  Installing : 1:mc-4.8.7-11.el7.x86_64 [############                     ] 1/1\r  Installing : 1:mc-4.8.7-11.el7.x86_64 [#############                    ] 1/1\r  Installing : 1:mc-4.8.7-11.el7.x86_64 [##############                   ] 1/1\r  Installing : 1:mc-4.8.7-11.el7.x86_64 [###############                  ] 1/1\r  Installing : 1:mc-4.8.7-11.el7.x86_64 [################                 ] 1/1\r  Installing : 1:mc-4.8.7-11.el7.x86_64 [#################                ] 1/1\r  Installing : 1:mc-4.8.7-11.el7.x86_64 [##################               ] 1/1\r  Installing : 1:mc-4.8.7-11.el7.x86_64 [###################              ] 1/1\r  Installing : 1:mc-4.8.7-11.el7.x86_64 [####################             ] 1/1\r  Installing : 1:mc-4.8.7-11.el7.x86_64 [#####################            ] 1/1\r  Installing : 1:mc-4.8.7-11.el7.x86_64 [######################           ] 1/1\r  Installing : 1:mc-4.8.7-11.el7.x86_64 [#######################          ] 1/1\r  Installing : 1:mc-4.8.7-11.el7.x86_64 [########################         ] 1/1\r  Installing : 1:mc-4.8.7-11.el7.x86_64 [#########################        ] 1/1\r  Installing : 1:mc-4.8.7-11.el7.x86_64 [##########################       ] 1/1\r  Installing : 1:mc-4.8.7-11.el7.x86_64 [###########################      ] 1/1\r  Installing : 1:mc-4.8.7-11.el7.x86_64 [############################     ] 1/1\r  Installing : 1:mc-4.8.7-11.el7.x86_64 [#############################    ] 1/1\r  Installing : 1:mc-4.8.7-11.el7.x86_64 [##############################   ] 1/1\r  Installing : 1:mc-4.8.7-11.el7.x86_64 [###############################  ] 1/1\r  Installing : 1:mc-4.8.7-11.el7.x86_64 [################################ ] 1/1\r  Installing : 1:mc-4.8.7-11.el7.x86_64                                     1/1 \r\n\r  Verifying  : 1:mc-4.8.7-11.el7.x86_64                                     1/1 \r\n\r\nInstalled:\r\n  mc.x86_64 1:4.8.7-11.el7                                                      \r\n\r\nComplete!\r\n",
    "stdout_lines": [
        "Failed to set locale, defaulting to C",
        "Loaded plugins: fastestmirror",
        "Ignored option -q, -v, -d or -e (probably due to merging: -yq != -y -q)",
        "Loading mirror speeds from cached hostfile",
        " * base: mirror.datacenter.by",
        " * extras: mirror.datacenter.by",
        " * updates: mirror.cherryservers.com",
        "Resolving Dependencies",
        "--> Running transaction check",
        "---> Package mc.x86_64 1:4.8.7-11.el7 will be installed",
        "--> Finished Dependency Resolution",
        "",
        "Dependencies Resolved",
        "",
        "================================================================================",
        " Package      Arch             Version                     Repository      Size",
        "================================================================================",
        "Installing:",
        " mc           x86_64           1:4.8.7-11.el7              base           1.7 M",
        "",
        "Transaction Summary",
        "================================================================================",
        "Install  1 Package",
        "",
        "Total download size: 1.7 M",
        "Installed size: 5.6 M",
        "Downloading packages:",
        "",
        "mc-4.8.7-11.el7.x86_64.rpm 11% [=-              ]  0.0 B/s | 212 kB   --:-- ETA ",
        "",
        "mc-4.8.7-11.el7.x86_64.rpm 33% [=====           ] 431 kB/s | 599 kB   00:02 ETA ",
        "",
        "mc-4.8.7-11.el7.x86_64.rpm 71% [===========     ] 537 kB/s | 1.2 MB   00:00 ETA ",
        "",
        "mc-4.8.7-11.el7.x86_64.rpm                                 | 1.7 MB   00:01     ",
        "Running transaction check",
        "Running transaction test",
        "Transaction test succeeded",
        "Running transaction",
        "",
        "  Installing : 1:mc-4.8.7-11.el7.x86_64 [                                 ] 1/1",
        "  Installing : 1:mc-4.8.7-11.el7.x86_64 [#                                ] 1/1",
        "  Installing : 1:mc-4.8.7-11.el7.x86_64 [##                               ] 1/1",
        "  Installing : 1:mc-4.8.7-11.el7.x86_64 [###                              ] 1/1",
        "  Installing : 1:mc-4.8.7-11.el7.x86_64 [####                             ] 1/1",
        "  Installing : 1:mc-4.8.7-11.el7.x86_64 [#####                            ] 1/1",
        "  Installing : 1:mc-4.8.7-11.el7.x86_64 [######                           ] 1/1",
        "  Installing : 1:mc-4.8.7-11.el7.x86_64 [#######                          ] 1/1",
        "  Installing : 1:mc-4.8.7-11.el7.x86_64 [########                         ] 1/1",
        "  Installing : 1:mc-4.8.7-11.el7.x86_64 [#########                        ] 1/1",
        "  Installing : 1:mc-4.8.7-11.el7.x86_64 [##########                       ] 1/1",
        "  Installing : 1:mc-4.8.7-11.el7.x86_64 [###########                      ] 1/1",
        "  Installing : 1:mc-4.8.7-11.el7.x86_64 [############                     ] 1/1",
        "  Installing : 1:mc-4.8.7-11.el7.x86_64 [#############                    ] 1/1",
        "  Installing : 1:mc-4.8.7-11.el7.x86_64 [##############                   ] 1/1",
        "  Installing : 1:mc-4.8.7-11.el7.x86_64 [###############                  ] 1/1",
        "  Installing : 1:mc-4.8.7-11.el7.x86_64 [################                 ] 1/1",
        "  Installing : 1:mc-4.8.7-11.el7.x86_64 [#################                ] 1/1",
        "  Installing : 1:mc-4.8.7-11.el7.x86_64 [##################               ] 1/1",
        "  Installing : 1:mc-4.8.7-11.el7.x86_64 [###################              ] 1/1",
        "  Installing : 1:mc-4.8.7-11.el7.x86_64 [####################             ] 1/1",
        "  Installing : 1:mc-4.8.7-11.el7.x86_64 [#####################            ] 1/1",
        "  Installing : 1:mc-4.8.7-11.el7.x86_64 [######################           ] 1/1",
        "  Installing : 1:mc-4.8.7-11.el7.x86_64 [#######################          ] 1/1",
        "  Installing : 1:mc-4.8.7-11.el7.x86_64 [########################         ] 1/1",
        "  Installing : 1:mc-4.8.7-11.el7.x86_64 [#########################        ] 1/1",
        "  Installing : 1:mc-4.8.7-11.el7.x86_64 [##########################       ] 1/1",
        "  Installing : 1:mc-4.8.7-11.el7.x86_64 [###########################      ] 1/1",
        "  Installing : 1:mc-4.8.7-11.el7.x86_64 [############################     ] 1/1",
        "  Installing : 1:mc-4.8.7-11.el7.x86_64 [#############################    ] 1/1",
        "  Installing : 1:mc-4.8.7-11.el7.x86_64 [##############################   ] 1/1",
        "  Installing : 1:mc-4.8.7-11.el7.x86_64 [###############################  ] 1/1",
        "  Installing : 1:mc-4.8.7-11.el7.x86_64 [################################ ] 1/1",
        "  Installing : 1:mc-4.8.7-11.el7.x86_64                                     1/1 ",
        "",
        "  Verifying  : 1:mc-4.8.7-11.el7.x86_64                                     1/1 ",
        "",
        "Installed:",
        "  mc.x86_64 1:4.8.7-11.el7                                                      ",
        "",
        "Complete!"
    ]
}
ubuntu | CHANGED => {
    "changed": true,
    "rc": 0,
    "stderr": "Shared connection to 192.168.10.11 closed.\r\n",
    "stderr_lines": [
        "Shared connection to 192.168.10.11 closed."
    ],
    "stdout": "Hit:1 http://archive.ubuntu.com/ubuntu bionic InRelease\r\nHit:2 http://archive.ubuntu.com/ubuntu bionic-updates InRelease\r\nHit:3 http://security.ubuntu.com/ubuntu bionic-security InRelease\r\nHit:4 http://archive.ubuntu.com/ubuntu bionic-backports InRelease\r\nReading package lists...\r\nReading package lists...\r\nBuilding dependency tree...\r\nReading state information...\r\nSuggested packages:\r\n  arj catdvi | texlive-binaries dbview djvulibre-bin genisoimage gv\r\n  imagemagick libaspell-dev links | w3m | lynx odt2txt poppler-utils python\r\n  python-boto python-tz xpdf | pdf-viewer zip\r\nThe following NEW packages will be installed:\r\n  mc\r\n0 upgraded, 1 newly installed, 0 to remove and 37 not upgraded.\r\nNeed to get 474 kB of archives.\r\nAfter this operation, 1487 kB of additional disk space will be used.\r\nGet:1 http://archive.ubuntu.com/ubuntu bionic/universe amd64 mc amd64 3:4.8.19-1 [474 kB]\r\nFetched 474 kB in 1s (472 kB/s)\r\nSelecting previously unselected package mc.\r\n(Reading database ... \r(Reading database ... 5%\r(Reading database ... 10%\r(Reading database ... 15%\r(Reading database ... 20%\r(Reading database ... 25%\r(Reading database ... 30%\r(Reading database ... 35%\r(Reading database ... 40%\r(Reading database ... 45%\r(Reading database ... 50%\r(Reading database ... 55%\r(Reading database ... 60%\r(Reading database ... 65%\r(Reading database ... 70%\r(Reading database ... 75%\r(Reading database ... 80%\r(Reading database ... 85%\r(Reading database ... 90%\r(Reading database ... 95%\r(Reading database ... 100%\r(Reading database ... 60106 files and directories currently installed.)\r\nPreparing to unpack .../mc_3%3a4.8.19-1_amd64.deb ...\r\nUnpacking mc (3:4.8.19-1) ...\r\nProcessing triggers for mime-support (3.60ubuntu1) ...\r\nSetting up mc (3:4.8.19-1) ...\r\n",
    "stdout_lines": [
        "Hit:1 http://archive.ubuntu.com/ubuntu bionic InRelease",
        "Hit:2 http://archive.ubuntu.com/ubuntu bionic-updates InRelease",
        "Hit:3 http://security.ubuntu.com/ubuntu bionic-security InRelease",
        "Hit:4 http://archive.ubuntu.com/ubuntu bionic-backports InRelease",
        "Reading package lists...",
        "Reading package lists...",
        "Building dependency tree...",
        "Reading state information...",
        "Suggested packages:",
        "  arj catdvi | texlive-binaries dbview djvulibre-bin genisoimage gv",
        "  imagemagick libaspell-dev links | w3m | lynx odt2txt poppler-utils python",
        "  python-boto python-tz xpdf | pdf-viewer zip",
        "The following NEW packages will be installed:",
        "  mc",
        "0 upgraded, 1 newly installed, 0 to remove and 37 not upgraded.",
        "Need to get 474 kB of archives.",
        "After this operation, 1487 kB of additional disk space will be used.",
        "Get:1 http://archive.ubuntu.com/ubuntu bionic/universe amd64 mc amd64 3:4.8.19-1 [474 kB]",
        "Fetched 474 kB in 1s (472 kB/s)",
        "Selecting previously unselected package mc.",
        "(Reading database ... ",
        "(Reading database ... 5%",
        "(Reading database ... 10%",
        "(Reading database ... 15%",
        "(Reading database ... 20%",
        "(Reading database ... 25%",
        "(Reading database ... 30%",
        "(Reading database ... 35%",
        "(Reading database ... 40%",
        "(Reading database ... 45%",
        "(Reading database ... 50%",
        "(Reading database ... 55%",
        "(Reading database ... 60%",
        "(Reading database ... 65%",
        "(Reading database ... 70%",
        "(Reading database ... 75%",
        "(Reading database ... 80%",
        "(Reading database ... 85%",
        "(Reading database ... 90%",
        "(Reading database ... 95%",
        "(Reading database ... 100%",
        "(Reading database ... 60106 files and directories currently installed.)",
        "Preparing to unpack .../mc_3%3a4.8.19-1_amd64.deb ...",
        "Unpacking mc (3:4.8.19-1) ...",
        "Processing triggers for mime-support (3.60ubuntu1) ...",
        "Setting up mc (3:4.8.19-1) ..."
    ]
}
