
PLAY [web-apps] ********************************************************************************************************************************************

TASK [Gathering Facts] *************************************************************************************************************************************
Thursday 21 March 2019  00:17:42 +0300 (0:00:00.201)       0:00:00.201 ******** 
ok: [ub]
ok: [cent]

TASK [my_role : Nginx.Centos.Install] **********************************************************************************************************************
Thursday 21 March 2019  00:17:49 +0300 (0:00:06.977)       0:00:07.178 ******** 
skipping: [ub]
ok: [cent]

TASK [my_role : Nginx.Centos.Start] ************************************************************************************************************************
Thursday 21 March 2019  00:17:51 +0300 (0:00:02.148)       0:00:09.327 ******** 
skipping: [ub]
changed: [cent]

TASK [my_role : Nginx.Ubuntu.Install] **********************************************************************************************************************
Thursday 21 March 2019  00:17:53 +0300 (0:00:01.397)       0:00:10.724 ******** 
skipping: [cent]
ok: [ub]

TASK [my_role : Nginx.Ubuntu.Start] ************************************************************************************************************************
Thursday 21 March 2019  00:17:54 +0300 (0:00:01.459)       0:00:12.184 ******** 
skipping: [cent]
changed: [ub]

TASK [my_role : Ansible create directory "/var/www/"] ******************************************************************************************************
Thursday 21 March 2019  00:17:55 +0300 (0:00:00.640)       0:00:12.824 ******** 
changed: [ub]
changed: [cent]

TASK [my_role : Copy index.html] ***************************************************************************************************************************
Thursday 21 March 2019  00:17:56 +0300 (0:00:01.003)       0:00:13.828 ******** 
changed: [ub]
changed: [cent]

TASK [my_role : Copy config for nginx] *********************************************************************************************************************
Thursday 21 March 2019  00:17:57 +0300 (0:00:01.538)       0:00:15.367 ******** 
changed: [ub]
changed: [cent]

TASK [my_role : Check connection] **************************************************************************************************************************
Thursday 21 March 2019  00:17:58 +0300 (0:00:01.083)       0:00:16.451 ******** 
ok: [ub]
fatal: [cent]: FAILED! => {"changed": false, "elapsed": 3, "msg": "Timeout when waiting for localhost:80"}

TASK [my_role : Check by url!!!] ***************************************************************************************************************************
Thursday 21 March 2019  00:18:02 +0300 (0:00:03.945)       0:00:20.397 ******** 
fatal: [ub]: FAILED! => {"changed": false, "connection": "close", "content": "<html>\r\n<head><title>404 Not Found</title></head>\r\n<body bgcolor=\"white\">\r\n<center><h1>404 Not Found</h1></center>\r\n<hr><center>nginx/1.14.0 (Ubuntu)</center>\r\n</body>\r\n</html>\r\n", "content_length": "178", "content_type": "text/html", "date": "Fri, 22 Mar 2019 15:42:49 GMT", "msg": "Status code was 404 and not [200]: HTTP Error 404: Not Found", "redirected": false, "server": "nginx/1.14.0 (Ubuntu)", "status": 404, "url": "http://localhost"}

RUNNING HANDLER [my_role : restart nginx] ******************************************************************************************************************
Thursday 21 March 2019  00:18:03 +0300 (0:00:00.622)       0:00:21.020 ******** 
	to retry, use: --limit @/home/mel/ansible_book_01/my_play_role.retry

PLAY RECAP *************************************************************************************************************************************************
cent                       : ok=6    changed=4    unreachable=0    failed=1   
ub                         : ok=7    changed=4    unreachable=0    failed=1   

Thursday 21 March 2019  00:18:03 +0300 (0:00:00.001)       0:00:21.021 ******** 
=============================================================================== 
Gathering Facts ------------------------------------------------------------------------------------------------------------------------------------- 6.98s
my_role : Check connection -------------------------------------------------------------------------------------------------------------------------- 3.95s
my_role : Nginx.Centos.Install ---------------------------------------------------------------------------------------------------------------------- 2.15s
my_role : Copy index.html --------------------------------------------------------------------------------------------------------------------------- 1.54s
my_role : Nginx.Ubuntu.Install ---------------------------------------------------------------------------------------------------------------------- 1.46s
my_role : Nginx.Centos.Start ------------------------------------------------------------------------------------------------------------------------ 1.40s
my_role : Copy config for nginx --------------------------------------------------------------------------------------------------------------------- 1.08s
my_role : Ansible create directory "/var/www/" ------------------------------------------------------------------------------------------------------ 1.00s
my_role : Nginx.Ubuntu.Start ------------------------------------------------------------------------------------------------------------------------ 0.64s
my_role : Check by url!!! --------------------------------------------------------------------------------------------------------------------------- 0.62s
my_role : restart nginx ----------------------------------------------------------------------------------------------------------------------------- 0.00s
