Console Output
Started by user Administrator
Obtained Jenkinsfile from git git@github.com:ppavlov28/13.docker.git
Running in Durability level: MAX_SURVIVABILITY
[Pipeline] Start of Pipeline
[Pipeline] node
Running on Jenkins in /var/lib/jenkins/workspace/13.Docker/14.Jenkins
[Pipeline] {
[Pipeline] stage
[Pipeline] { (Declarative: Checkout SCM)
[Pipeline] checkout
using credential jenkins
 > git rev-parse --is-inside-work-tree # timeout=10
Fetching changes from the remote Git repository
 > git config remote.origin.url git@github.com:ppavlov28/13.docker.git # timeout=10
Fetching upstream changes from git@github.com:ppavlov28/13.docker.git
 > git --version # timeout=10
using GIT_SSH to set credentials jenkins
 > git fetch --tags --force --progress -- git@github.com:ppavlov28/13.docker.git +refs/heads/*:refs/remotes/origin/* # timeout=10
 > git rev-parse refs/remotes/origin/master^{commit} # timeout=10
 > git rev-parse refs/remotes/origin/origin/master^{commit} # timeout=10
Checking out Revision 9bb44fe750c0cb61b3687401672dc27d2686ff97 (refs/remotes/origin/master)
 > git config core.sparsecheckout # timeout=10
 > git checkout -f 9bb44fe750c0cb61b3687401672dc27d2686ff97 # timeout=10
Commit message: "Change Jenkinsfile"
 > git rev-list --no-walk 022caf29a4baf638b055d294a788076ad570c343 # timeout=10
[Pipeline] }
[Pipeline] // stage
[Pipeline] withEnv
[Pipeline] {
[Pipeline] withEnv
[Pipeline] {
[Pipeline] stage
[Pipeline] { (Clone Git Repo)
[Pipeline] git
using credential b2922652-0478-4a1d-8072-7083a8ef79f8
 > git rev-parse --is-inside-work-tree # timeout=10
Fetching changes from the remote Git repository
 > git config remote.origin.url https://github.com/ppavlov28/13.docker # timeout=10
Fetching upstream changes from https://github.com/ppavlov28/13.docker
 > git --version # timeout=10
using GIT_SSH to set credentials GitHub
 > git fetch --tags --force --progress -- https://github.com/ppavlov28/13.docker +refs/heads/*:refs/remotes/origin/* # timeout=10
 > git rev-parse refs/remotes/origin/master^{commit} # timeout=10
 > git rev-parse refs/remotes/origin/origin/master^{commit} # timeout=10
Checking out Revision 9bb44fe750c0cb61b3687401672dc27d2686ff97 (refs/remotes/origin/master)
 > git config core.sparsecheckout # timeout=10
 > git checkout -f 9bb44fe750c0cb61b3687401672dc27d2686ff97 # timeout=10
 > git branch -a -v --no-abbrev # timeout=10
 > git branch -D master # timeout=10
 > git checkout -b master 9bb44fe750c0cb61b3687401672dc27d2686ff97 # timeout=10
Commit message: "Change Jenkinsfile"
 > git rev-list --no-walk 022caf29a4baf638b055d294a788076ad570c343 # timeout=10
[Pipeline] }
[Pipeline] // stage
[Pipeline] stage
[Pipeline] { (Build image)
[Pipeline] script
[Pipeline] {
[Pipeline] isUnix
[Pipeline] sh
+ docker build -t ppavlov28/py_test:8 .
Sending build context to Docker daemon  87.55kB

Step 1/5 : FROM python:3.7-alpine3.11
 ---> 61681f520204
Step 2/5 : WORKDIR /usr/src/app
 ---> Using cache
 ---> d603733aab2e
Step 3/5 : EXPOSE 9090
 ---> Using cache
 ---> 124d56ac29c4
Step 4/5 : COPY . .
 ---> 85a9f8be8e9d
Step 5/5 : CMD [ "python", "./pl.py" ]
 ---> Running in 23fcb5ca4d7e
Removing intermediate container 23fcb5ca4d7e
 ---> 4321c5ec3f82
Successfully built 4321c5ec3f82
Successfully tagged ppavlov28/py_test:8
[Pipeline] }
[Pipeline] // script
[Pipeline] }
[Pipeline] // stage
[Pipeline] stage
[Pipeline] { (Deploy image)
[Pipeline] script
[Pipeline] {
[Pipeline] withEnv
[Pipeline] {
[Pipeline] withDockerRegistry
$ docker login -u ppavlov28 -p ******** https://index.docker.io/v1/
WARNING! Using --password via the CLI is insecure. Use --password-stdin.
WARNING! Your password will be stored unencrypted in /var/lib/jenkins/workspace/13.Docker/14.Jenkins@tmp/4670292f-c5d4-49e4-b119-6f9fe0ec739e/config.json.
Configure a credential helper to remove this warning. See
https://docs.docker.com/engine/reference/commandline/login/#credentials-store

Login Succeeded
[Pipeline] {
[Pipeline] isUnix
[Pipeline] sh
+ docker tag ppavlov28/py_test:8 ppavlov28/py_test:8
[Pipeline] isUnix
[Pipeline] sh
+ docker push ppavlov28/py_test:8
The push refers to repository [docker.io/ppavlov28/py_test]
ce1bf0f3defb: Preparing
7cce95c8bc96: Preparing
c70150b2f19b: Preparing
a7c9b014d7a5: Preparing
9e94db3db113: Preparing
a539b76feca4: Preparing
3e207b409db3: Preparing
a539b76feca4: Waiting
3e207b409db3: Waiting
9e94db3db113: Layer already exists
7cce95c8bc96: Layer already exists
a7c9b014d7a5: Layer already exists
c70150b2f19b: Layer already exists
a539b76feca4: Layer already exists
3e207b409db3: Layer already exists
ce1bf0f3defb: Pushed
8: digest: sha256:068d1d1c7cb99285e93f05eaf5f3c2c73573572653c56816d0b2fe30aa8d12c8 size: 1784
[Pipeline] }
[Pipeline] // withDockerRegistry
[Pipeline] }
[Pipeline] // withEnv
[Pipeline] }
[Pipeline] // script
[Pipeline] }
[Pipeline] // stage
[Pipeline] stage
[Pipeline] { (Remove docker image)
[Pipeline] sh
+ docker rmi ppavlov28/py_test:8
Untagged: ppavlov28/py_test:8
Untagged: ppavlov28/py_test@sha256:068d1d1c7cb99285e93f05eaf5f3c2c73573572653c56816d0b2fe30aa8d12c8
Deleted: sha256:4321c5ec3f82a8cbdfb3332c5710dc873801e4c082da5a496e24a08d3db393de
Deleted: sha256:85a9f8be8e9df9f18962c857aaa3a40516351a9e738f254d282876af7bb77538
Deleted: sha256:5293bc40a8dd583380bd619d8d318c08586534002aef96b1c0bb46cd2eb13dd0
[Pipeline] }
[Pipeline] // stage
[Pipeline] }
[Pipeline] // withEnv
[Pipeline] }
[Pipeline] // withEnv
[Pipeline] }
[Pipeline] // node
[Pipeline] End of Pipeline
Finished: SUCCESS
