[    0.000000] Linux version 4.15.0-139-generic (buildd@lgw01-amd64-035) (gcc version 7.5.0 (Ubuntu 7.5.0-3ubuntu1~18.04)) #143-Ubuntu SMP Tue Mar 16 01:30:17 UTC 2021 (Ubuntu 4.15.0-139.143-generic 4.15.18)
[    0.000000] Command line: BOOT_IMAGE=/boot/vmlinuz-4.15.0-139-generic root=UUID=f00ed87f-530d-463c-9a2a-e203095ea73d ro console=tty1 console=ttyS0
[    0.000000] KERNEL supported cpus:
[    0.000000]   Intel GenuineIntel
[    0.000000]   AMD AuthenticAMD
[    0.000000]   Centaur CentaurHauls
[    0.000000] x86/fpu: Supporting XSAVE feature 0x001: 'x87 floating point registers'
[    0.000000] x86/fpu: Supporting XSAVE feature 0x002: 'SSE registers'
[    0.000000] x86/fpu: Supporting XSAVE feature 0x004: 'AVX registers'
[    0.000000] x86/fpu: xstate_offset[2]:  576, xstate_sizes[2]:  256
[    0.000000] x86/fpu: Enabled xstate features 0x7, context size is 832 bytes, using 'standard' format.
[    0.000000] e820: BIOS-provided physical RAM map:
[    0.000000] BIOS-e820: [mem 0x0000000000000000-0x000000000009fbff] usable
[    0.000000] BIOS-e820: [mem 0x000000000009fc00-0x000000000009ffff] reserved
[    0.000000] BIOS-e820: [mem 0x00000000000f0000-0x00000000000fffff] reserved
[    0.000000] BIOS-e820: [mem 0x0000000000100000-0x000000000ffeffff] usable
[    0.000000] BIOS-e820: [mem 0x000000000fff0000-0x000000000fffffff] ACPI data
[    0.000000] BIOS-e820: [mem 0x00000000fec00000-0x00000000fec00fff] reserved
[    0.000000] BIOS-e820: [mem 0x00000000fee00000-0x00000000fee00fff] reserved
[    0.000000] BIOS-e820: [mem 0x00000000fffc0000-0x00000000ffffffff] reserved
[    0.000000] NX (Execute Disable) protection: active
[    0.000000] SMBIOS 2.5 present.
[    0.000000] DMI: innotek GmbH VirtualBox/VirtualBox, BIOS VirtualBox 12/01/2006
[    0.000000] Hypervisor detected: KVM
[    0.000000] e820: last_pfn = 0xfff0 max_arch_pfn = 0x400000000
[    0.000000] MTRR: Disabled
[    0.000000] x86/PAT: MTRRs disabled, skipping PAT initialization too.
[    0.000000] CPU MTRRs all blank - virtualized system.
[    0.000000] x86/PAT: Configuration [0-7]: WB  WT  UC- UC  WB  WT  UC- UC  
[    0.000000] found SMP MP-table at [mem 0x0009fff0-0x0009ffff]
[    0.000000] Scanning 1 areas for low memory corruption
[    0.000000] RAMDISK: [mem 0x0da46000-0x0eddefff]
[    0.000000] ACPI: Early table checksum verification disabled
[    0.000000] ACPI: RSDP 0x00000000000E0000 000024 (v02 VBOX  )
[    0.000000] ACPI: XSDT 0x000000000FFF0030 00003C (v01 VBOX   VBOXXSDT 00000001 ASL  00000061)
[    0.000000] ACPI: FACP 0x000000000FFF00F0 0000F4 (v04 VBOX   VBOXFACP 00000001 ASL  00000061)
[    0.000000] ACPI: DSDT 0x000000000FFF0470 002325 (v02 VBOX   VBOXBIOS 00000002 INTL 20190509)
[    0.000000] ACPI: FACS 0x000000000FFF0200 000040
[    0.000000] ACPI: FACS 0x000000000FFF0200 000040
[    0.000000] ACPI: APIC 0x000000000FFF0240 00005C (v02 VBOX   VBOXAPIC 00000001 ASL  00000061)
[    0.000000] ACPI: SSDT 0x000000000FFF02A0 0001CC (v01 VBOX   VBOXCPUT 00000002 INTL 20190509)
[    0.000000] No NUMA configuration found
[    0.000000] Faking a node at [mem 0x0000000000000000-0x000000000ffeffff]
[    0.000000] NODE_DATA(0) allocated [mem 0x0ffc5000-0x0ffeffff]
[    0.000000] kvm-clock: cpu 0, msr 0:ff44001, primary cpu clock
[    0.000000] kvm-clock: Using msrs 4b564d01 and 4b564d00
[    0.000000] kvm-clock: using sched offset of 4427734101 cycles
[    0.000000] clocksource: kvm-clock: mask: 0xffffffffffffffff max_cycles: 0x1cd42e4dffb, max_idle_ns: 881590591483 ns
[    0.000000] Zone ranges:
[    0.000000]   DMA      [mem 0x0000000000001000-0x0000000000ffffff]
[    0.000000]   DMA32    [mem 0x0000000001000000-0x000000000ffeffff]
[    0.000000]   Normal   empty
[    0.000000]   Device   empty
[    0.000000] Movable zone start for each node
[    0.000000] Early memory node ranges
[    0.000000]   node   0: [mem 0x0000000000001000-0x000000000009efff]
[    0.000000]   node   0: [mem 0x0000000000100000-0x000000000ffeffff]
[    0.000000] Reserved but unavailable: 98 pages
[    0.000000] Initmem setup node 0 [mem 0x0000000000001000-0x000000000ffeffff]
[    0.000000] ACPI: PM-Timer IO Port: 0x4008
[    0.000000] IOAPIC[0]: apic_id 2, version 32, address 0xfec00000, GSI 0-23
[    0.000000] ACPI: INT_SRC_OVR (bus 0 bus_irq 0 global_irq 2 dfl dfl)
[    0.000000] ACPI: INT_SRC_OVR (bus 0 bus_irq 9 global_irq 9 low level)
[    0.000000] Using ACPI (MADT) for SMP configuration information
[    0.000000] smpboot: Allowing 2 CPUs, 0 hotplug CPUs
[    0.000000] PM: Registered nosave memory: [mem 0x00000000-0x00000fff]
[    0.000000] PM: Registered nosave memory: [mem 0x0009f000-0x0009ffff]
[    0.000000] PM: Registered nosave memory: [mem 0x000a0000-0x000effff]
[    0.000000] PM: Registered nosave memory: [mem 0x000f0000-0x000fffff]
[    0.000000] e820: [mem 0x10000000-0xfebfffff] available for PCI devices
[    0.000000] Booting paravirtualized kernel on KVM
[    0.000000] clocksource: refined-jiffies: mask: 0xffffffff max_cycles: 0xffffffff, max_idle_ns: 7645519600211568 ns
[    0.000000] random: get_random_bytes called from start_kernel+0x99/0x500 with crng_init=0
[    0.000000] setup_percpu: NR_CPUS:8192 nr_cpumask_bits:2 nr_cpu_ids:2 nr_node_ids:1
[    0.000000] percpu: Embedded 45 pages/cpu s147456 r8192 d28672 u1048576
[    0.000000] PV qspinlock hash table entries: 256 (order: 0, 4096 bytes)
[    0.000000] Built 1 zonelists, mobility grouping on.  Total pages: 64377
[    0.000000] Policy zone: DMA32
[    0.000000] Kernel command line: BOOT_IMAGE=/boot/vmlinuz-4.15.0-139-generic root=UUID=f00ed87f-530d-463c-9a2a-e203095ea73d ro console=tty1 console=ttyS0
[    0.000000] Memory: 208032K/261688K available (12300K kernel code, 2483K rwdata, 4276K rodata, 2440K init, 2724K bss, 53656K reserved, 0K cma-reserved)
[    0.000000] SLUB: HWalign=64, Order=0-3, MinObjects=0, CPUs=2, Nodes=1
[    0.000000] Kernel/User page tables isolation: enabled
[    0.000000] ftrace: allocating 39429 entries in 155 pages
[    0.004000] Hierarchical RCU implementation.
[    0.004000] 	RCU restricting CPUs from NR_CPUS=8192 to nr_cpu_ids=2.
[    0.004000] 	Tasks RCU enabled.
[    0.004000] RCU: Adjusting geometry for rcu_fanout_leaf=16, nr_cpu_ids=2
[    0.004000] NR_IRQS: 524544, nr_irqs: 440, preallocated irqs: 16
[    0.004000] Console: colour VGA+ 80x25
[    0.004000] console [tty1] enabled
[    0.004000] console [ttyS0] enabled
[    0.004000] ACPI: Core revision 20170831
[    0.004000] ACPI: 2 ACPI AML tables successfully acquired and loaded
[    0.004000] APIC: Switch to symmetric I/O mode setup
[    0.004000] x2apic enabled
[    0.004013] Switched APIC routing to physical x2apic.
[    0.008000] ..TIMER: vector=0x30 apic1=0 pin1=2 apic2=-1 pin2=-1
[    0.008010] tsc: Detected 1991.998 MHz processor
[    0.012025] Calibrating delay loop (skipped) preset value.. 3983.99 BogoMIPS (lpj=7967992)
[    0.016038] pid_max: default: 32768 minimum: 301
[    0.020071] Security Framework initialized
[    0.022338] Yama: becoming mindful.
[    0.024068] AppArmor: AppArmor initialized
[    0.026542] Dentry cache hash table entries: 32768 (order: 6, 262144 bytes)
[    0.028050] Inode-cache hash table entries: 16384 (order: 5, 131072 bytes)
[    0.032028] Mount-cache hash table entries: 512 (order: 0, 4096 bytes)
[    0.036000] Mountpoint-cache hash table entries: 512 (order: 0, 4096 bytes)
[    0.036545] Last level iTLB entries: 4KB 64, 2MB 8, 4MB 8
[    0.040006] Last level dTLB entries: 4KB 64, 2MB 0, 4MB 0, 1GB 4
[    0.042393] Spectre V1 : Mitigation: usercopy/swapgs barriers and __user pointer sanitization
[    0.044009] Spectre V2 : Mitigation: Full generic retpoline
[    0.048004] Spectre V2 : Spectre v2 / SpectreRSB mitigation: Filling RSB on context switch
[    0.052005] Speculative Store Bypass: Vulnerable
[    0.054125] SRBDS: Unknown: Dependent on hypervisor status
[    0.056005] MDS: Mitigation: Clear CPU buffers
[    0.057898] Freeing SMP alternatives memory: 36K
[    0.171828] smpboot: CPU0: Intel(R) Core(TM) i3-6006U CPU @ 2.00GHz (family: 0x6, model: 0x4e, stepping: 0x3)
[    0.172000] Performance Events: unsupported p6 CPU model 78 no PMU driver, software events only.
[    0.172064] Hierarchical SRCU implementation.
[    0.176836] NMI watchdog: Perf event create on CPU 0 failed with -2
[    0.178650] NMI watchdog: Perf NMI watchdog permanently disabled
[    0.180094] smp: Bringing up secondary CPUs ...
[    0.181623] x86: Booting SMP configuration:
[    0.182903] .... node  #0, CPUs:      #1
[    0.004000] kvm-clock: cpu 1, msr 0:ff44041, secondary cpu clock
[    0.188038] smp: Brought up 1 node, 2 CPUs
[    0.189583] smpboot: Max logical packages: 1
[    0.190895] smpboot: Total of 2 processors activated (7967.99 BogoMIPS)
[    0.192246] devtmpfs: initialized
[    0.193168] x86/mm: Memory block size: 128MB
[    0.196193] evm: security.selinux
[    0.197263] evm: security.SMACK64
[    0.198488] evm: security.SMACK64EXEC
[    0.199759] evm: security.SMACK64TRANSMUTE
[    0.200006] evm: security.SMACK64MMAP
[    0.201147] evm: security.apparmor
[    0.202221] evm: security.ima
[    0.204000] evm: security.capability
[    0.204192] clocksource: jiffies: mask: 0xffffffff max_cycles: 0xffffffff, max_idle_ns: 7645041785100000 ns
[    0.207091] futex hash table entries: 512 (order: 3, 32768 bytes)
[    0.208091] pinctrl core: initialized pinctrl subsystem
[    0.210052] RTC time: 22:24:09, date: 03/23/21
[    0.212245] NET: Registered protocol family 16
[    0.213723] audit: initializing netlink subsys (disabled)
[    0.216082] audit: type=2000 audit(1616538255.227:1): state=initialized audit_enabled=0 res=1
[    0.218271] cpuidle: using governor ladder
[    0.218271] cpuidle: using governor menu
[    0.220087] ACPI: bus type PCI registered
[    0.221327] acpiphp: ACPI Hot Plug PCI Controller Driver version: 0.5
[    0.224197] PCI: Using configuration type 1 for base access
[    0.228307] HugeTLB registered 2.00 MiB page size, pre-allocated 0 pages
[    0.229858] ACPI: Added _OSI(Module Device)
[    0.232039] ACPI: Added _OSI(Processor Device)
[    0.234280] ACPI: Added _OSI(3.0 _SCP Extensions)
[    0.236006] ACPI: Added _OSI(Processor Aggregator Device)
[    0.237439] ACPI: Added _OSI(Linux-Dell-Video)
[    0.238612] ACPI: Added _OSI(Linux-Lenovo-NV-HDMI-Audio)
[    0.240011] ACPI: Added _OSI(Linux-HPI-Hybrid-Graphics)
[    0.241518] ACPI: Executed 1 blocks of module-level executable AML code
[    0.248000] ACPI: Interpreter enabled
[    0.248020] ACPI: (supports S0 S5)
[    0.249051] ACPI: Using IOAPIC for interrupt routing
[    0.250999] PCI: Using host bridge windows from ACPI; if necessary, use "pci=nocrs" and report a bug
[    0.252237] ACPI: Enabled 2 GPEs in block 00 to 07
[    0.262653] ACPI: PCI Root Bridge [PCI0] (domain 0000 [bus 00-ff])
[    0.264013] acpi PNP0A03:00: _OSC: OS supports [ASPM ClockPM Segments MSI]
[    0.266112] acpi PNP0A03:00: _OSC: not requesting OS control; OS requires [ExtendedConfig ASPM ClockPM MSI]
[    0.268018] acpi PNP0A03:00: fail to add MMCONFIG information, can't access extended PCI configuration space under this bridge.
[    0.270943] PCI host bridge to bus 0000:00
[    0.272008] pci_bus 0000:00: root bus resource [io  0x0000-0x0cf7 window]
[    0.273413] pci_bus 0000:00: root bus resource [io  0x0d00-0xffff window]
[    0.274791] pci_bus 0000:00: root bus resource [mem 0x000a0000-0x000bffff window]
[    0.276005] pci_bus 0000:00: root bus resource [mem 0x10000000-0xfdffffff window]
[    0.277564] pci_bus 0000:00: root bus resource [bus 00-ff]
[    0.281809] pci 0000:00:01.1: legacy IDE quirk: reg 0x10: [io  0x01f0-0x01f7]
[    0.283336] pci 0000:00:01.1: legacy IDE quirk: reg 0x14: [io  0x03f6]
[    0.284005] pci 0000:00:01.1: legacy IDE quirk: reg 0x18: [io  0x0170-0x0177]
[    0.286419] pci 0000:00:01.1: legacy IDE quirk: reg 0x1c: [io  0x0376]
[    0.301398] pci 0000:00:07.0: quirk: [io  0x4000-0x403f] claimed by PIIX4 ACPI
[    0.303025] pci 0000:00:07.0: quirk: [io  0x4100-0x410f] claimed by PIIX4 SMB
[    0.314520] ACPI: PCI Interrupt Link [LNKA] (IRQs 5 9 10 *11)
[    0.316426] ACPI: PCI Interrupt Link [LNKB] (IRQs 5 9 *10 11)
[    0.318115] ACPI: PCI Interrupt Link [LNKC] (IRQs 5 *9 10 11)
[    0.320193] ACPI: PCI Interrupt Link [LNKD] (IRQs 5 9 10 *11)
[    0.322051] SCSI subsystem initialized
[    0.324127] pci 0000:00:02.0: vgaarb: setting as boot VGA device
[    0.325617] pci 0000:00:02.0: vgaarb: VGA device added: decodes=io+mem,owns=io+mem,locks=none
[    0.327403] pci 0000:00:02.0: vgaarb: bridge control possible
[    0.328018] vgaarb: loaded
[    0.328705] ACPI: bus type USB registered
[    0.329619] usbcore: registered new interface driver usbfs
[    0.330784] usbcore: registered new interface driver hub
[    0.332014] usbcore: registered new device driver usb
[    0.333167] EDAC MC: Ver: 3.0.0
[    0.336131] PCI: Using ACPI for IRQ routing
[    0.337453] NetLabel: Initializing
[    0.338229] NetLabel:  domain hash size = 128
[    0.340008] NetLabel:  protocols = UNLABELED CIPSOv4 CALIPSO
[    0.341249] NetLabel:  unlabeled traffic allowed by default
[    0.342444] clocksource: Switched to clocksource kvm-clock
[    0.356297] VFS: Disk quotas dquot_6.6.0
[    0.357378] VFS: Dquot-cache hash table entries: 512 (order 0, 4096 bytes)
[    0.358930] AppArmor: AppArmor Filesystem Enabled
[    0.359959] pnp: PnP ACPI init
[    0.362037] pnp: PnP ACPI: found 3 devices
[    0.373431] clocksource: acpi_pm: mask: 0xffffff max_cycles: 0xffffff, max_idle_ns: 2085701024 ns
[    0.375661] NET: Registered protocol family 2
[    0.377975] TCP established hash table entries: 2048 (order: 2, 16384 bytes)
[    0.380271] TCP bind hash table entries: 2048 (order: 3, 32768 bytes)
[    0.381747] TCP: Hash tables configured (established 2048 bind 2048)
[    0.383852] UDP hash table entries: 256 (order: 1, 8192 bytes)
[    0.385232] UDP-Lite hash table entries: 256 (order: 1, 8192 bytes)
[    0.387132] NET: Registered protocol family 1
[    0.388512] pci 0000:00:00.0: Limiting direct PCI/PCI transfers
[    0.389790] pci 0000:00:01.0: Activating ISA DMA hang workarounds
[    0.391094] pci 0000:00:02.0: Video device with shadowed ROM at [mem 0x000c0000-0x000dffff]
[    0.393051] Unpacking initramfs...
[    0.844205] Freeing initrd memory: 20068K
[    0.845582] clocksource: tsc: mask: 0xffffffffffffffff max_cycles: 0x396d4e5fc9d, max_idle_ns: 881590756024 ns
[    0.847685] platform rtc_cmos: registered platform RTC device (no PNP device found)
[    0.852710] Scanning for low memory corruption every 60 seconds
[    0.855615] Initialise system trusted keyrings
[    0.856708] Key type blacklist registered
[    0.857753] workingset: timestamp_bits=36 max_order=16 bucket_order=0
[    0.860531] zbud: loaded
[    0.861922] squashfs: version 4.0 (2009/01/31) Phillip Lougher
[    0.863497] fuse init (API version 7.26)
[    0.867879] Key type asymmetric registered
[    0.869349] Asymmetric key parser 'x509' registered
[    0.870948] Block layer SCSI generic (bsg) driver version 0.4 loaded (major 246)
[    0.873328] io scheduler noop registered
[    0.874550] io scheduler deadline registered
[    0.875902] io scheduler cfq registered (default)
[    0.877638] ACPI: AC Adapter [AC] (on-line)
[    0.878596] input: Power Button as /devices/LNXSYSTM:00/LNXPWRBN:00/input/input0
[    0.880354] ACPI: Power Button [PWRF]
[    0.881272] input: Sleep Button as /devices/LNXSYSTM:00/LNXSLPBN:00/input/input1
[    0.882842] ACPI: Sleep Button [SLPF]
[    0.885755] ACPI: Battery Slot [BAT0] (battery present)
[    0.887122] Serial: 8250/16550 driver, 32 ports, IRQ sharing enabled
[    0.910660] 00:02: ttyS0 at I/O 0x3f8 (irq = 4, base_baud = 115200) is a 16550A
[    0.914868] Linux agpgart interface v0.103
[    0.918456] loop: module loaded
[    0.921319] scsi host0: ata_piix
[    0.922372] scsi host1: ata_piix
[    0.923174] ata1: PATA max UDMA/33 cmd 0x1f0 ctl 0x3f6 bmdma 0xd000 irq 14
[    0.924637] ata2: PATA max UDMA/33 cmd 0x170 ctl 0x376 bmdma 0xd008 irq 15
[    0.926238] libphy: Fixed MDIO Bus: probed
[    0.927294] tun: Universal TUN/TAP device driver, 1.6
[    0.928417] PPP generic driver version 2.4.2
[    0.929458] ehci_hcd: USB 2.0 'Enhanced' Host Controller (EHCI) Driver
[    0.930795] ehci-pci: EHCI PCI platform driver
[    0.932073] ehci-platform: EHCI generic platform driver
[    0.933561] ohci_hcd: USB 1.1 'Open' Host Controller (OHCI) Driver
[    0.935355] ohci-pci: OHCI PCI platform driver
[    0.936619] ohci-platform: OHCI generic platform driver
[    0.938080] uhci_hcd: USB Universal Host Controller Interface driver
[    0.939820] i8042: PNP: PS/2 Controller [PNP0303:PS2K,PNP0f03:PS2M] at 0x60,0x64 irq 1,12
[    0.942691] serio: i8042 KBD port at 0x60,0x64 irq 1
[    0.944160] serio: i8042 AUX port at 0x60,0x64 irq 12
[    0.945805] mousedev: PS/2 mouse device common for all mice
[    0.947631] input: AT Translated Set 2 keyboard as /devices/platform/i8042/serio0/input/input2
[    0.950678] rtc_cmos rtc_cmos: rtc core: registered rtc_cmos as rtc0
[    0.952912] rtc_cmos rtc_cmos: alarms up to one day, 114 bytes nvram
[    0.954784] i2c /dev entries driver
[    0.956018] device-mapper: uevent: version 1.0.3
[    0.957640] device-mapper: ioctl: 4.37.0-ioctl (2017-09-20) initialised: dm-devel@redhat.com
[    0.960228] ledtrig-cpu: registered to indicate activity on CPUs
[    0.962760] NET: Registered protocol family 10
[    0.969592] Segment Routing with IPv6
[    0.970812] NET: Registered protocol family 17
[    0.976255] Key type dns_resolver registered
[    0.977962] mce: Using 0 MCE banks
[    0.979063] RAS: Correctable Errors collector initialized.
[    0.980735] sched_clock: Marking stable (980684683, 0)->(1216279690, -235595007)
[    0.983621] registered taskstats version 1
[    0.985284] Loading compiled-in X.509 certificates
[    0.991792] Loaded X.509 cert 'Build time autogenerated kernel key: 9b9955b80c271df2d4651fb935031a2c1666e8fa'
[    0.994999] zswap: loaded using pool lzo/zbud
[    1.002866] Key type big_key registered
[    1.004340] Key type trusted registered
[    1.007953] Key type encrypted registered
[    1.009295] AppArmor: AppArmor sha1 policy hashing enabled
[    1.010784] ima: No TPM chip found, activating TPM-bypass! (rc=-19)
[    1.012570] ima: Allocated hash algorithm: sha1
[    1.013895] evm: HMAC attrs: 0x1
[    1.015243]   Magic number: 13:419:452
[    1.016554] rtc_cmos rtc_cmos: setting system clock to 2021-03-23 22:24:10 UTC (1616538250)
[    1.019042] BIOS EDD facility v0.16 2004-Jun-25, 0 devices found
[    1.020812] EDD information not available.
[    1.203941] Freeing unused kernel image memory: 2440K
[    1.339978] Write protecting the kernel read-only data: 20480k
[    1.348162] Freeing unused kernel image memory: 2008K
[    1.353038] Freeing unused kernel image memory: 1868K
[    1.380126] x86/mm: Checked W+X mappings: passed, no W+X pages found.
[    1.382890] x86/mm: Checking user space page tables
[    1.398688] x86/mm: Checked W+X mappings: passed, no W+X pages found.
Loading, please wait...
starting version 237
[    1.518486] e1000: Intel(R) PRO/1000 Network Driver - version 7.3.21-k8-NAPI
[    1.522339] e1000: Copyright (c) 1999-2006 Intel Corporation.
[    1.525414] Fusion MPT base driver 3.04.20
[    1.526766] Copyright (c) 1999-2008 LSI Corporation
[    1.535422] Fusion MPT SPI Host driver 3.04.20
[    1.560842] AVX2 version of gcm_enc/dec engaged.
[    1.562363] AES CTR mode by8 optimization enabled
[    1.776197] input: ImExPS/2 Generic Explorer Mouse as /devices/platform/i8042/serio1/input/input4
[    1.958049] e1000 0000:00:03.0 eth0: (PCI:33MHz:32-bit) 02:bb:7e:38:85:b0
[    1.960065] e1000 0000:00:03.0 eth0: Intel(R) PRO/1000 Network Connection
[    1.963381] mptbase: ioc0: Initiating bringup
[    2.890620] ioc0: LSI53C1030 A0: Capabilities={Initiator}
[    5.499563] scsi host2: ioc0: LSI53C1030 A0, FwRev=00000000h, Ports=1, MaxQ=256, IRQ=20
[    7.338206] scsi 2:0:0:0: Direct-Access     VBOX     HARDDISK         1.0  PQ: 0 ANSI: 5
[    7.884960] scsi target2:0:0: Beginning Domain Validation
[    7.940210] scsi target2:0:0: Domain Validation skipping write tests
[    7.943467] scsi target2:0:0: Ending Domain Validation
[    7.945028] scsi target2:0:0: asynchronous
[    7.946869] scsi 2:0:1:0: Direct-Access     VBOX     HARDDISK         1.0  PQ: 0 ANSI: 5
[    8.216132] scsi target2:0:1: Beginning Domain Validation
[    8.218852] random: fast init done
[    8.220978] scsi target2:0:1: Domain Validation skipping write tests
[    8.222683] scsi target2:0:1: Ending Domain Validation
[    8.224201] scsi target2:0:1: asynchronous
[    8.231029] random: systemd-udevd: uninitialized urandom read (16 bytes read)
[    8.231296] sd 2:0:0:0: Attached scsi generic sg0 type 0
[    8.234629] random: systemd-udevd: uninitialized urandom read (16 bytes read)
[    8.236254] sd 2:0:1:0: Attached scsi generic sg1 type 0
[    8.239270] sd 2:0:0:0: [sda] 83886080 512-byte logical blocks: (42.9 GB/40.0 GiB)
[    8.242423] sd 2:0:0:0: [sda] Write Protect is off
[    8.243522] sd 2:0:1:0: [sdb] 20480 512-byte logical blocks: (10.5 MB/10.0 MiB)
[    8.246513] random: systemd-udevd: uninitialized urandom read (16 bytes read)
[    8.248151] sd 2:0:1:0: [sdb] Write Protect is off
[    8.249348] sd 2:0:0:0: [sda] Incomplete mode parameter data
[    8.251067] sd 2:0:0:0: [sda] Assuming drive cache: write through
[    8.252684] sd 2:0:1:0: [sdb] Incomplete mode parameter data
[    8.254202] sd 2:0:1:0: [sdb] Assuming drive cache: write through
[    8.259310]  sda: sda1
[    8.262807] sd 2:0:1:0: [sdb] Attached SCSI disk
[    8.263703] e1000 0000:00:08.0 eth1: (PCI:33MHz:32-bit) 08:00:27:9d:88:bc
[    8.264616] sd 2:0:0:0: [sda] Attached SCSI disk
[    8.265848] e1000 0000:00:08.0 eth1: Intel(R) PRO/1000 Network Connection
[    8.270050] e1000 0000:00:03.0 enp0s3: renamed from eth0
[    8.285881] e1000 0000:00:08.0 enp0s8: renamed from eth1
Begin: Loading essential drivers ... [    9.936049] raid6: sse2x1   gen()  6496 MB/s
[    9.984086] raid6: sse2x1   xor()  4508 MB/s
[   10.032098] raid6: sse2x2   gen()  8248 MB/s
[   10.080095] raid6: sse2x2   xor()  5462 MB/s
[   10.128038] raid6: sse2x4   gen()  9264 MB/s
[   10.176090] raid6: sse2x4   xor()  5840 MB/s
[   10.224123] raid6: avx2x1   gen() 13119 MB/s
[   10.272085] raid6: avx2x1   xor()  9618 MB/s
[   10.320085] raid6: avx2x2   gen() 12918 MB/s
[   10.368047] raid6: avx2x2   xor()  7717 MB/s
[   10.416042] raid6: avx2x4   gen() 16253 MB/s
[   10.464081] raid6: avx2x4   xor() 10676 MB/s
[   10.465102] raid6: using algorithm avx2x4 gen() 16253 MB/s
[   10.466266] raid6: .... xor() 10676 MB/s, rmw enabled
[   10.467337] raid6: using avx2x2 recovery algorithm
[   10.471522] xor: automatically using best checksumming function   avx       
[   10.475491] async_tx: api initialized (async)
done.
Begin: Running /scripts/init-premount ... done.
Begin: Mounting root file system ... Begin: Running /scripts/local-top ... done.
Begin: Running /scripts/local-premount ... [   10.544447] Btrfs loaded, crc32c=crc32c-intel
Scanning for Btrfs filesystems
done.
Begin: Will now check root file system ... fsck from util-linux 2.31.1
[/sbin/fsck.ext4 (1) -- /dev/sda1] fsck.ext4 -a -C0 /dev/sda1 
cloudimg-rootfs: recovering journal
cloudimg-rootfs: clean, 98962/5120000 files, 709202/10485499 blocks
done.
[   10.726549] EXT4-fs (sda1): mounted filesystem with ordered data mode. Opts: (null)
done.
Begin: Running /scripts/local-bottom ... done.
Begin: Running /scripts/init-bottom ... done.
[   11.427466] ip_tables: (C) 2000-2006 Netfilter Core Team
[   11.485614] systemd[1]: systemd 237 running in system mode. (+PAM +AUDIT +SELINUX +IMA +APPARMOR +SMACK +SYSVINIT +UTMP +LIBCRYPTSETUP +GCRYPT +GNUTLS +ACL +XZ +LZ4 +SECCOMP +BLKID +ELFUTILS +KMOD -IDN2 +IDN -PCRE2 default-hierarchy=hybrid)
[   11.491249] systemd[1]: Detected virtualization oracle.
[   11.492621] systemd[1]: Detected architecture x86-64.

Welcome to [1mUbuntu 18.04.5 LTS[0m!

[   11.505312] systemd[1]: Set hostname to <ubuntu-bionic>.
[   12.325692] systemd[1]: Created slice User and Session Slice.
[[0;32m  OK  [0m] Created slice User and Session Slice.
[   12.329270] systemd[1]: Created slice System Slice.
[[0;32m  OK  [0m] Created slice System Slice.
[   12.332467] systemd[1]: Listening on LVM2 metadata daemon socket.
[[0;32m  OK  [0m] Listening on LVM2 metadata daemon socket.
[   12.337026] systemd[1]: Listening on LVM2 poll daemon socket.
[[0;32m  OK  [0m] Listening on LVM2 poll daemon socket.
[   12.340331] systemd[1]: Listening on /dev/initctl Compatibility Named Pipe.
[[0;32m  OK  [0m] Listening on /dev/initctl Compatibility Named Pipe.
[   12.343796] systemd[1]: Reached target Slices.
[[0;32m  OK  [0m] Reached target Slices.
[[0;32m  OK  [0m] Listening on udev Control Socket.
[[0;32m  OK  [0m] Created slice system-serial\x2dgetty.slice.
[[0;32m  OK  [0m] Listening on Network Service Netlink Socket.
[[0;32m  OK  [0m] Listening on Journal Audit Socket.
[[0;32m  OK  [0m] Set up automount Arbitrary Executab…rmats File System Automount Point.
[[0;32m  OK  [0m] Reached target User and Group Name Lookups.
[[0;32m  OK  [0m] Started Forward Password Requests to Wall Directory Watch.
[[0;32m  OK  [0m] Listening on Journal Socket (/dev/log).
[[0;32m  OK  [0m] Listening on Journal Socket.
         Starting Uncomplicated firewall...
         Starting Create list of required st…ce nodes for the current kernel...
         Mounting Kernel Debug File System...
         Starting Load Kernel Modules...
         Mounting Huge Pages File System...
[[0;32m  OK  [0m] Listening on Device-mapper event daemon FIFOs.
         Starting Monitoring of LVM2 mirrors…ng dmeventd or progress polling...
         Starting Set the console keyboard layout...
[[0;32m  OK  [0m] Reached target System Time Synchronized.
[[0;32m  OK  [0m] Listening on udev Kernel Socket.
         Starting udev Coldplug all Devices...
         Mounting POSIX Message Queue File System...
[[0;32m  OK  [0m] Listening on fsck to fsckd communication Socket.
         Starting Remount Root and Kernel File Systems...
[[0;32m  OK  [0m] Listening on Syslog Socket.
         Starting Journal Service...
[[0;32m  OK  [0m] Reached target Swap.
[[0;32m  OK  [0m] Started Uncomplicated firewall.
[[0;32m  OK  [0m] Started Create list of required sta…vice nodes for the current kernel.
[[0;32m  OK  [0m] Mounted Kernel Debug File System.
[[0;32m  OK  [0m] Mounted Huge Pages File System.
[[0;32m  OK  [0m] Mounted POSIX Message Queue File System.
         Starting Create Static Device Nodes in /dev...
[[0;32m  OK  [0m] Started LVM2 metadata daemon.
[   13.250199] random: crng init done
[   13.252496] random: 7 urandom warning(s) missed due to ratelimiting
[[0;32m  OK  [0m] Started udev Coldplug all Devices.
[   13.303365] Loading iSCSI transport class v2.0-870.
[   13.314316] iscsi: registered transport (tcp)
[   13.346098] iscsi: registered transport (iser)
[[0;32m  OK  [0m] Started Load Kernel Modules.
         Mounting Kernel Configuration File System...
         Mounting FUSE Control File System...
         Starting Apply Kernel Variables...
[[0;32m  OK  [0m] Mounted Kernel Configuration File System.
[[0;32m  OK  [0m] Mounted FUSE Control File System.
[[0;32m  OK  [0m] Started Create Static Device Nodes in /dev.
[[0;32m  OK  [0m] Started Journal Service.
[   13.440214] EXT4-fs (sda1): re-mounted. Opts: (null)
[[0;32m  OK  [0m] Started Remount Root and Kernel File Systems.
         Starting Flush Journal to Persistent Storage...
         Starting Load/Save Random Seed...
         Starting udev Kernel Device Manager...
[[0;32m  OK  [0m] Started Monitoring of LVM2 mirrors,…sing dmeventd or progress polling.
[   13.489441] systemd-journald[418]: Received request to flush runtime journal from PID 1
[[0;32m  OK  [0m] Started Load/Save Random Seed.
[[0;32m  OK  [0m] Started Apply Kernel Variables.
[[0;32m  OK  [0m] Started udev Kernel Device Manager.
[[0;32m  OK  [0m] Started Flush Journal to Persistent Storage.
[[0;32m  OK  [0m] Started Set the console keyboard layout.
[[0;32m  OK  [0m] Reached target Local File Systems (Pre).
[[0;32m  OK  [0m] Reached target Local File Systems.
         Starting Set console font and keymap...
         Starting ebtables ruleset management...
         Starting Tell Plymouth To Write Out Runtime Data...
         Starting AppArmor initialization...
         Starting Create Volatile Files and Directories...
[[0;32m  OK  [0m] Started Dispatch Password Requests to Console Directory Watch.
[[0;32m  OK  [0m] Reached target Local Encrypted Volumes.
[[0;32m  OK  [0m] Started Tell Plymouth To Write Out Runtime Data.
[[0;32m  OK  [0m] Started Set console font and keymap.
[[0;32m  OK  [0m] Started Create Volatile Files and Directories.
         Starting Update UTMP about System Boot/Shutdown...
[[0;32m  OK  [0m] Started Update UTMP about System Boot/Shutdown.
[[0;32m  OK  [0m] Started ebtables ruleset management.
[[0;32m  OK  [0m] Found device /dev/ttyS0.
[[0;32m  OK  [0m] Listening on Load/Save RF Kill Switch Status /dev/rfkill Watch.
[[0;32m  OK  [0m] Started AppArmor initialization.
         Starting Load AppArmor profiles managed internally by snapd...
         Starting Initial cloud-init job (pre-networking)...
[[0;32m  OK  [0m] Started Load AppArmor profiles managed internally by snapd.
[   16.659600] cloud-init[558]: Cloud-init v. 20.4.1-0ubuntu1~18.04.1 running 'init-local' at Tue, 23 Mar 2021 22:24:25 +0000. Up 16.39 seconds.
[[0;32m  OK  [0m] Started Initial cloud-init job (pre-networking).
[[0;32m  OK  [0m] Reached target Network (Pre).
         Starting Network Service...
[[0;32m  OK  [0m] Started Network Service.
         Starting Wait for Network to be Configured...
         Starting Network Name Resolution...
[[0;32m  OK  [0m] Started Network Name Resolution.
[[0;32m  OK  [0m] Reached target Host and Network Name Lookups.
[[0;32m  OK  [0m] Reached target Network.
[[0;32m  OK  [0m] Started Wait for Network to be Configured.
         Starting Initial cloud-init job (metadata service crawler)...
[   19.815149] cloud-init[685]: Cloud-init v. 20.4.1-0ubuntu1~18.04.1 running 'init' at Tue, 23 Mar 2021 22:24:28 +0000. Up 19.51 seconds.
[   19.820148] cloud-init[685]: ci-info: ++++++++++++++++++++++++++++++++++++++Net device info+++++++++++++++++++++++++++++++++++++++
[   19.822970] cloud-init[685]: ci-info: +--------+------+-----------------------------+---------------+--------+-------------------+
[   19.825562] cloud-init[685]: ci-info: | Device |  Up  |           Address           |      Mask     | Scope  |     Hw-Address    |
[   19.827935] cloud-init[685]: ci-info: +--------+------+-----------------------------+---------------+--------+-------------------+
[   19.830555] cloud-init[685]: ci-info: | enp0s3 | True |          10.0.2.15          | 255.255.255.0 | global | 02:bb:7e:38:85:b0 |
[   19.832117] cloud-init[685]: ci-info: | enp0s3 | True |  fe80::bb:7eff:fe38:85b0/64 |       .       |  link  | 02:bb:7e:38:85:b0 |
[   19.833777] cloud-init[685]: ci-info: | enp0s8 | True |       100.104.146.213       | 255.255.255.0 | global | 08:00:27:9d:88:bc |
[   19.844736] cloud-init[685]: ci-info: | enp0s8 | True | fe80::a00:27ff:fe9d:88bc/64 |       .       |  link  | 08:00:27:9d:88:bc |
[   19.849726] cloud-init[685]: ci-info: |   lo   | True |          127.0.0.1          |   255.0.0.0   |  host  |         .         |
[   19.851942] cloud-init[685]: ci-info: |   lo   | True |           ::1/128           |       .       |  host  |         .         |
[   19.854202] cloud-init[685]: ci-info: +--------+------+-----------------------------+---------------+--------+-------------------+
[   19.868578] cloud-init[685]: ci-info: +++++++++++++++++++++++++++++Route IPv4 info++++++++++++++++++++++++++++++
[   19.876080] cloud-init[685]: ci-info: +-------+---------------+----------+-----------------+-----------+-------+
[   19.878537] cloud-init[685]: ci-info: | Route |  Destination  | Gateway  |     Genmask     | Interface | Flags |
[   19.880457] cloud-init[685]: ci-info: +-------+---------------+----------+-----------------+-----------+-------+
[   19.892582] cloud-init[685]: ci-info: |   0   |    0.0.0.0    | 10.0.2.2 |     0.0.0.0     |   enp0s3  |   UG  |
[   19.895108] cloud-init[685]: ci-info: |   1   |    10.0.2.0   | 0.0.0.0  |  255.255.255.0  |   enp0s3  |   U   |
[   19.897306] cloud-init[685]: ci-info: |   2   |    10.0.2.2   | 0.0.0.0  | 255.255.255.255 |   enp0s3  |   UH  |
[   19.899631] cloud-init[685]: ci-info: |   3   | 100.104.146.0 | 0.0.0.0  |  255.255.255.0  |   enp0s8  |   U   |
[   19.902026] cloud-init[685]: ci-info: +-------+---------------+----------+-----------------+-----------+-------+
[   19.904059] cloud-init[685]: ci-info: +++++++++++++++++++Route IPv6 info+++++++++++++++++++
[   19.905878] cloud-init[685]: ci-info: +-------+-------------+---------+-----------+-------+
[   19.916849] cloud-init[685]: ci-info: | Route | Destination | Gateway | Interface | Flags |
[   19.918404] cloud-init[685]: ci-info: +-------+-------------+---------+-----------+-------+
[   19.919868] cloud-init[685]: ci-info: |   1   |  fe80::/64  |    ::   |   enp0s8  |   U   |
[   19.921412] cloud-init[685]: ci-info: |   2   |  fe80::/64  |    ::   |   enp0s3  |   U   |
[   19.923044] cloud-init[685]: ci-info: |   4   |    local    |    ::   |   enp0s3  |   U   |
[   19.925367] cloud-init[685]: ci-info: |   5   |    local    |    ::   |   enp0s8  |   U   |
[   19.928007] cloud-init[685]: ci-info: |   6   |   ff00::/8  |    ::   |   enp0s8  |   U   |
[   19.930580] cloud-init[685]: ci-info: |   7   |   ff00::/8  |    ::   |   enp0s3  |   U   |
[   19.934345] cloud-init[685]: ci-info: +-------+-------------+---------+-----------+-------+
[[0;32m  OK  [0m] Started Initial cloud-init job (metadata service crawler).
[[0;32m  OK  [0m] Reached target Network is Online.
         Starting Availability of block devices...
[[0;32m  OK  [0m] Reached target Remote File Systems (Pre).
[[0;32m  OK  [0m] Reached target Remote File Systems.
[[0;32m  OK  [0m] Reached target System Initialization.
[[0;32m  OK  [0m] Started ACPI Events Check.
[[0;32m  OK  [0m] Reached target Paths.
[[0;32m  OK  [0m] Listening on ACPID Listen Socket.
[[0;32m  OK  [0m] Listening on Open-iSCSI iscsid Socket.
[[0;32m  OK  [0m] Started Message of the Day.
[[0;32m  OK  [0m] Started Daily apt download activities.
[[0;32m  OK  [0m] Started Daily apt upgrade and clean activities.
[[0;32m  OK  [0m] Started Discard unused blocks once a week.
[[0;32m  OK  [0m] Listening on UUID daemon activation socket.
[[0;32m  OK  [0m] Started Daily Cleanup of Temporary Directories.
[[0;32m  OK  [0m] Reached target Timers.
[[0;32m  OK  [0m] Listening on D-Bus System Message Bus Socket.
         Starting LXD - unix socket.
         Starting Socket activation for snappy daemon.
[[0;32m  OK  [0m] Reached target Cloud-config availability.
[[0;32m  OK  [0m] Started Availability of block devices.
[[0;32m  OK  [0m] Listening on Socket activation for snappy daemon.
[[0;32m  OK  [0m] Listening on LXD - unix socket.
[[0;32m  OK  [0m] Reached target Sockets.
[[0;32m  OK  [0m] Reached target Basic System.
[[0;32m  OK  [0m] Started irqbalance daemon.
[[0;32m  OK  [0m] Started D-Bus System Message Bus.
[[0;32m  OK  [0m] Started FUSE filesystem for LXC.
         Starting LSB: automatic crash report generation...
         Starting Permit User Sessions...
         Starting Accounts Service...
         Starting Virtualbox guest utils...
         Starting Dispatcher daemon for systemd-networkd...
         Starting System Logging Service...
         Starting OpenBSD Secure Shell server...
         Starting Snap Daemon...
         Starting Login Service...
         Starting The Apache HTTP Server...
[[0;32m  OK  [0m] Started Deferred execution scheduler.
         Starting LSB: Record successful boot for GRUB...
[[0;32m  OK  [0m] Started Regular background program processing daemon.
         Starting LXD - container startup/shutdown...
[[0;32m  OK  [0m] Started System Logging Service.
[[0;32m  OK  [0m] Started Permit User Sessions.
         Starting Authorization Manager...
         Starting Hold until boot process finishes up...
         Starting Terminate Plymouth Boot Screen...
[[0;32m  OK  [0m] Started Hold until boot process finishes up.
         Starting Set console scheme...
[[0;32m  OK  [0m] Started Serial Getty on ttyS0.
[[0;32m  OK  [0m] Started Terminate Plymouth Boot Screen.
[[0;32m  OK  [0m] Started Login Service.
[[0;32m  OK  [0m] Started Unattended Upgrades Shutdown.
[[0;32m  OK  [0m] Started Set console scheme.
[[0;32m  OK  [0m] Created slice system-getty.slice.
[[0;32m  OK  [0m] Started Getty on tty1.
[[0;32m  OK  [0m] Reached target Login Prompts.
[[0;32m  OK  [0m] Started OpenBSD Secure Shell server.
[[0;32m  OK  [0m] Started Authorization Manager.
[[0;32m  OK  [0m] Started Accounts Service.
[[0;32m  OK  [0m] Started LSB: automatic crash report generation.
[[0;32m  OK  [0m] Started LSB: Record successful boot for GRUB.
[[0;32m  OK  [0m] Created slice User Slice of vagrant.
[[0;32m  OK  [0m] Started Virtualbox guest utils.
[[0;32m  OK  [0m] Started Session 1 of user vagrant.
         Starting User Manager for UID 1000...
[[0;32m  OK  [0m] Started Dispatcher daemon for systemd-networkd.
[[0;32m  OK  [0m] Started The Apache HTTP Server.
[[0;32m  OK  [0m] Started LXD - container startup/shutdown.
[[0;32m  OK  [0m] Started Snap Daemon.
         Starting Wait until snapd is fully seeded...
[[0;32m  OK  [0m] Started User Manager for UID 1000.
[[0;32m  OK  [0m] Started Wait until snapd is fully seeded.
         Starting Apply the settings specified in cloud-config...
[[0;32m  OK  [0m] Reached target Multi-User System.
[[0;32m  OK  [0m] Reached target Graphical Interface.
         Starting Update UTMP about System Runlevel Changes...
[[0;32m  OK  [0m] Started Update UTMP about System Runlevel Changes.
[   25.931346] cloud-init[1207]: Cloud-init v. 20.4.1-0ubuntu1~18.04.1 running 'modules:config' at Tue, 23 Mar 2021 22:24:35 +0000. Up 25.53 seconds.

Ubuntu 18.04.5 LTS ubuntu-bionic ttyS0

ubuntu-bionic login: [   27.410923] cloud-init[1331]: Cloud-init v. 20.4.1-0ubuntu1~18.04.1 running 'modules:final' at Tue, 23 Mar 2021 22:24:36 +0000. Up 27.17 seconds.
[   27.413928] cloud-init[1331]: Cloud-init v. 20.4.1-0ubuntu1~18.04.1 finished at Tue, 23 Mar 2021 22:24:36 +0000. Datasource DataSourceNoCloud [seed=/dev/sdb][dsmode=net].  Up 27.35 seconds
[[0;32m  OK  [
         Stopping LXD - container startup/shutdown...
         Stopping Deferred execution scheduler...
         Stopping irqbalance daemon...
         Stopping LSB: Record successful boot for GRUB...
         Stopping The Apache HTTP Server...
         Stopping FUSE filesystem for LXC...
[[0;32m  OK  [0m] Stopped Wait until snapd is fully seeded.
         Stopping LSB: automatic crash report generation...
         Stopping Regular background program processing daemon...
         Stopping System Logging Service...
         Stopping Session 12 of user vagrant.
         Stopping Authorization Manager...
[[0;32m  OK  [0m] Stopped irqbalance daemon.
[[0;32m  OK  [0m] Stopped Accounts Service.
[[0;32m  OK  [0m] Stopped Dispatcher daemon for systemd-networkd.
[[0;32m  OK  [0m] Stopped Deferred execution scheduler.
[[0;32m  OK  [0m] Stopped Regular background program processing daemon.
[[0;32m  OK  [0m] Stopped Authorization Manager.
[[0;32m  OK  [0m] Stopped Serial Getty on ttyS0.
[[0;32m  OK  [0m] Stopped Getty on tty1.
[[0;32m  OK  [0m] Stopped OpenBSD Secure Shell server.
[[0;32m  OK  [0m] Stopped User Manager for UID 1000.
[[0;32m  OK  [0m] Stopped D-Bus System Message Bus.
[[0;32m  OK  [0m] Stopped Session 12 of user vagrant.
[[0;32m  OK  [0m] Removed slice User Slice of vagrant.
         Stopping Login Service...
[[0;32m  OK  [0m] Removed slice system-getty.slice.
         Stopping Permit User Sessions...
[[0;32m  OK  [0m] Removed slice system-serial\x2dgetty.slice.
[[0;32m  OK  [0m] Unmounted /var/lib/lxcfs.
[[0;32m  OK  [0m] Stopped LXD - container startup/shutdown.
[[0;32m  OK  [0m] Stopped Availability of block devices.
[[0;32m  OK  [0m] Stopped Permit User Sessions.
[[0;32m  OK  [0m] Stopped FUSE filesystem for LXC.
[[0;32m  OK  [0m] Stopped Login Service.
[[0;32m  OK  [0m] Stopped target User and Group Name Lookups.
[[0;32m  OK  [0m] Stopped System Logging Service.
[[0;32m  OK  [0m] Stopped The Apache HTTP Server.
[[0;32m  OK  [0m] Stopped LSB: Record successful boot for GRUB.
[[0;32m  OK  [0m] Stopped target Host and Network Name Lookups.
[[0;32m  OK  [0m] Stopped target Network.
         Stopping Network Name Resolution...
[[0;32m  OK  [0m] Stopped LSB: automatic crash report generation.
[[0;32m  OK  [0m] Stopped target Remote File Systems.
[[0;32m  OK  [0m] Stopped target Remote File Systems (Pre).
[[0;32m  OK  [0m] Stopped Network Name Resolution.
         Stopping Network Service...
[[0;32m  OK  [0m] Stopped Virtualbox guest utils.
[[0;32m  OK  [0m] Stopped target Basic System.
[[0;32m  OK  [0m] Stopped target Slices.
[[0;32m  OK  [0m] Removed slice User and Session Slice.
[[0;32m  OK  [0m] Stopped target Paths.
[[0;32m  OK  [0m] Stopped ACPI Events Check.
[[0;32m  OK  [0m] Stopped target Sockets.
[[0;32m  OK  [0m] Closed Open-iSCSI iscsid Socket.
[[0;32m  OK  [0m] Closed Syslog Socket.
[[0;32m  OK  [0m] Closed UUID daemon activation socket.
[[0;32m  OK  [0m] Closed ACPID Listen Socket.
[[0;32m  OK  [0m] Closed D-Bus System Message Bus Socket.
[[0;32m  OK  [0m] Closed Socket activation for snappy daemon.
[[0;32m  OK  [0m] Closed LXD - unix socket.
[[0;32m  OK  [0m] Stopped target System Initialization.
[[0;32m  OK  [0m] Stopped Initial cloud-init job (metadata service crawler).
[[0;32m  OK  [0m] Stopped target Local Encrypted Volumes.
[[0;32m  OK  [0m] Stopped Forward Password Requests to Wall Directory Watch.
[[0;32m  OK  [0m] Stopped Dispatch Password Requests to Console Directory Watch.
         Stopping Load/Save Random Seed...
         Stopping Update UTMP about System Boot/Shutdown...
[[0;32m  OK  [0m] Stopped Network Service.
[[0;32m  OK  [0m] Stopped target Network (Pre).
[[0;32m  OK  [0m] Stopped Initial cloud-init job (pre-networking).
[[0;32m  OK  [0m] Stopped Apply Kernel Variables.
[[0;32m  OK  [0m] Stopped Load Kernel Modules.
[[0;32m  OK  [0m] Stopped Update UTMP about System Boot/Shutdown.
[[0;32m  OK  [0m] Stopped Create Volatile Files and Directories.
[[0;32m  OK  [0m] Stopped target Local File Systems.
         Unmounting /vagrant_data...
         Unmounting /run/user/1000...
[[0;32m  OK  [0m] Stopped Load/Save Random Seed.
[[0;32m  OK  [0m] Unmounted /vagrant_data.
[[0;32m  OK  [0m] Unmounted /run/user/1000.
[[0;32m  OK  [0m] Reached target Unmount All Filesystems.
[[0;32m  OK  [0m] Stopped target Local File Systems (Pre).
[[0;32m  OK  [0m] Stopped Remount Root and Kernel File Systems.
         Stopping Monitoring of LVM2 mirrors…ng dmeventd or progress polling...
[[0;32m  OK  [0m] Stopped Create Static Device Nodes in /dev.
[[0;32m  OK  [0m] Stopped target Swap.
[[0;32m  OK  [0m] Reached target Shutdown.
[[0;32m  OK  [0m] Reached target Final Step.
         Starting Power-Off...
[18474.707661] reboot: Power down
