 1002  git init
 1003  ls -la
 1004  git --version
 1005  git config --global user.name "Siarhei Pishchyk"
 1006  git config --global user.email "pluhin@gmail.com"
 1007  git config --list
 1008  date > file.txt
 1009  ls
 1010  ls -l
 1011  cat file.txt 
 1012  git staus
 1013  git status
 1014  vim .gitignore
 1015  mkdir .tmp
 1016  git status
 1017  date > .tmp/file2.txt
 1018  git status
 1019  git add file.txt
 1020  git status
 1021  git add --all
 1022  git status
 1023  git commit -i
 1024  git commit
 1025  clea
 1026  clear 
 1027  git log --oneline 
 1028  git commit --amend -a
 1029  git log --oneline 
 1030  clea
 1031  clear 
 1032  git branch 
 1033  git branch -a
 1034  git checkout -b "second"
 1035  git branch 
 1036  git checkout master 
 1037  git branch 
 1038  git checkout second
 1039  git log --oneline 
 1040  date > second.txt
 1041  ls
 1042  git commit -m "add second file"
 1043  git add second.txt
 1044  git commit -m "add second file"
 1045  git log --oneline 
 1046  git checkout master 
 1047  git merge second
 1048  git log --oneline 
 1049  git log --graph --all --decorate
 1050  git branch 
 1051  vim file.txt 
 1052  git add file.txt
 1053  git commit -m "chenges in first file"
 1054  git commit --amend -a
 1055  git log --oneline 
 1056  git checkout second 
 1057  git log --oneline 
 1058  git rebase -i master 
 1059  git log --oneline 
 1060  git rebase -i
 1061  git rebase HEAD~3
 1062  git rebase HEAD~2
 1063  git rebase -i HEAD~2
 1064  git log --oneline 
 1065  git merge master 
 1066  vim second.txt 
 1067  git merge master 
 1068  git checkout master 
 1069  git merge second 
 1070  git add second.txt
 1071  git commit -m "message for conflict"
 1072  git merge master 
 1073  git checkout second 
 1074  git merge master 
 1075  vim second.txt 
 1076  git add second.txt
 1077  git commit -m "add conflict"
 1078  git branch 
 1079  git checkout master 
 1080  git merge second 
 1081  git tag -a v1.0
 1082  git tag 
 1083  git checkout v1.0 
 1084  git rebase --abort
 1085  git checkout v1.0
 1086  vim second.txt 
 1087  dc ../
 1088  cd  ../projects/sa.it-academy.by/
 1089  ls
 1090  history > demo/02.Git.log 
