Started by upstream project "30.Checks_all_online_hosts" build number 4
originally caused by:
 Started by upstream project "20.Install_upgrade_nmap" build number 21
 originally caused by:
  Started by upstream project "10.Test_connection" build number 23
  originally caused by:
   Started by user yauheni
Running as SYSTEM
Building on master in workspace /var/lib/jenkins/workspace/40.Remove_nmap
[40.Remove_nmap] $ sshpass ******** ansible all -i 192.168.203.32, -m yum -a "name=nmap state=absent" -f 5 -u root -k
192.168.203.32 | CHANGED => {
    "ansible_facts": {
        "discovered_interpreter_python": "/usr/bin/python3"
    },
    "changed": true,
    "stderr": "",
    "stderr_lines": [],
    "stdout": "Reading package lists...\nBuilding dependency tree...\nReading state information...\nThe following packages were automatically installed and are no longer required:\n  libblas3 liblinear3 liblua5.3-0\nUse 'apt autoremove' to remove them.\nThe following packages will be REMOVED:\n  nmap\n0 upgraded, 0 newly installed, 1 to remove and 22 not upgraded.\nAfter this operation, 24.0 MB disk space will be freed.\n(Reading database ... \r(Reading database ... 5%\r(Reading database ... 10%\r(Reading database ... 15%\r(Reading database ... 20%\r(Reading database ... 25%\r(Reading database ... 30%\r(Reading database ... 35%\r(Reading database ... 40%\r(Reading database ... 45%\r(Reading database ... 50%\r(Reading database ... 55%\r(Reading database ... 60%\r(Reading database ... 65%\r(Reading database ... 70%\r(Reading database ... 75%\r(Reading database ... 80%\r(Reading database ... 85%\r(Reading database ... 90%\r(Reading database ... 95%\r(Reading database ... 100%\r(Reading database ... 38537 files and directories currently installed.)\r\nRemoving nmap (7.60-1ubuntu5) ...\r\nProcessing triggers for man-db (2.8.3-2ubuntu0.1) ...\r\n",
    "stdout_lines": [
        "Reading package lists...",
        "Building dependency tree...",
        "Reading state information...",
        "The following packages were automatically installed and are no longer required:",
        "  libblas3 liblinear3 liblua5.3-0",
        "Use 'apt autoremove' to remove them.",
        "The following packages will be REMOVED:",
        "  nmap",
        "0 upgraded, 0 newly installed, 1 to remove and 22 not upgraded.",
        "After this operation, 24.0 MB disk space will be freed.",
        "(Reading database ... ",
        "(Reading database ... 5%",
        "(Reading database ... 10%",
        "(Reading database ... 15%",
        "(Reading database ... 20%",
        "(Reading database ... 25%",
        "(Reading database ... 30%",
        "(Reading database ... 35%",
        "(Reading database ... 40%",
        "(Reading database ... 45%",
        "(Reading database ... 50%",
        "(Reading database ... 55%",
        "(Reading database ... 60%",
        "(Reading database ... 65%",
        "(Reading database ... 70%",
        "(Reading database ... 75%",
        "(Reading database ... 80%",
        "(Reading database ... 85%",
        "(Reading database ... 90%",
        "(Reading database ... 95%",
        "(Reading database ... 100%",
        "(Reading database ... 38537 files and directories currently installed.)",
        "Removing nmap (7.60-1ubuntu5) ...",
        "Processing triggers for man-db (2.8.3-2ubuntu0.1) ..."
    ]
}
Finished: SUCCESS
