
PLAY [all] *************************************************************************************************************************************************

TASK [Gathering Facts] *************************************************************************************************************************************
Saturday 23 March 2019  19:36:38 +0300 (0:00:00.100)       0:00:00.100 ******** 
ok: [ubuntu]

TASK [redmine : Apt update] ********************************************************************************************************************************
Saturday 23 March 2019  19:36:40 +0300 (0:00:02.460)       0:00:02.560 ******** 
changed: [ubuntu]

TASK [redmine : Install Redmine] ***************************************************************************************************************************
Saturday 23 March 2019  19:36:43 +0300 (0:00:02.285)       0:00:04.845 ******** 
ok: [ubuntu]

TASK [redmine : template] **********************************************************************************************************************************
Saturday 23 March 2019  19:36:44 +0300 (0:00:01.095)       0:00:05.940 ******** 
ok: [ubuntu]

TASK [redmine : mysql_db] **********************************************************************************************************************************
Saturday 23 March 2019  19:36:45 +0300 (0:00:01.003)       0:00:06.944 ******** 
ok: [ubuntu]

TASK [redmine : mysql_user] ********************************************************************************************************************************
Saturday 23 March 2019  19:36:46 +0300 (0:00:00.716)       0:00:07.661 ******** 
ok: [ubuntu]

TASK [redmine : RedMine Clone] *****************************************************************************************************************************
Saturday 23 March 2019  19:36:46 +0300 (0:00:00.633)       0:00:08.294 ******** 
changed: [ubuntu]

TASK [redmine : RedMine DB config] *************************************************************************************************************************
Saturday 23 March 2019  19:36:48 +0300 (0:00:02.190)       0:00:10.484 ******** 
ok: [ubuntu]

TASK [redmine : RedMine. Setup 01] *************************************************************************************************************************
Saturday 23 March 2019  19:36:49 +0300 (0:00:00.517)       0:00:11.002 ******** 
changed: [ubuntu]

TASK [redmine : RM. Secret generate] ***********************************************************************************************************************
Saturday 23 March 2019  19:36:59 +0300 (0:00:09.945)       0:00:20.948 ******** 
ok: [ubuntu]

TASK [redmine : RM. Setup 02] ******************************************************************************************************************************
Saturday 23 March 2019  19:36:59 +0300 (0:00:00.336)       0:00:21.284 ******** 
changed: [ubuntu]

TASK [redmine : Apache. Config] ****************************************************************************************************************************
Saturday 23 March 2019  19:37:11 +0300 (0:00:12.230)       0:00:33.515 ******** 
ok: [ubuntu]

TASK [redmine : Add host] **********************************************************************************************************************************
Saturday 23 March 2019  19:37:12 +0300 (0:00:00.597)       0:00:34.113 ******** 
changed: [ubuntu]

TASK [redmine : Check Apache] ******************************************************************************************************************************
Saturday 23 March 2019  19:37:12 +0300 (0:00:00.408)       0:00:34.521 ******** 
ok: [ubuntu]

PLAY RECAP *************************************************************************************************************************************************
ubuntu                     : ok=14   changed=5    unreachable=0    failed=0   

Saturday 23 March 2019  19:37:13 +0300 (0:00:00.683)       0:00:35.204 ******** 
=============================================================================== 
redmine : RM. Setup 02 ----------------------------------------------------------------------------------------------------------------------------- 12.23s
redmine : RedMine. Setup 01 ------------------------------------------------------------------------------------------------------------------------- 9.95s
Gathering Facts ------------------------------------------------------------------------------------------------------------------------------------- 2.46s
redmine : Apt update -------------------------------------------------------------------------------------------------------------------------------- 2.29s
redmine : RedMine Clone ----------------------------------------------------------------------------------------------------------------------------- 2.19s
redmine : Install Redmine --------------------------------------------------------------------------------------------------------------------------- 1.10s
redmine : template ---------------------------------------------------------------------------------------------------------------------------------- 1.00s
redmine : mysql_db ---------------------------------------------------------------------------------------------------------------------------------- 0.72s
redmine : Check Apache ------------------------------------------------------------------------------------------------------------------------------ 0.68s
redmine : mysql_user -------------------------------------------------------------------------------------------------------------------------------- 0.63s
redmine : Apache. Config ---------------------------------------------------------------------------------------------------------------------------- 0.60s
redmine : RedMine DB config ------------------------------------------------------------------------------------------------------------------------- 0.52s
redmine : Add host ---------------------------------------------------------------------------------------------------------------------------------- 0.41s
redmine : RM. Secret generate ----------------------------------------------------------------------------------------------------------------------- 0.34s
Playbook run took 0 days, 0 hours, 0 minutes, 35 seconds
