
PLAY [all_work_hosts] ****************************************************************************************************************

TASK [Gathering Facts] ***************************************************************************************************************
ok: [host12]
ok: [host11]

TASK [webserver : Copy or Replace Page] **********************************************************************************************
ok: [host11]
ok: [host12]

TASK [webserver : Check connection to Localhost] *************************************************************************************
ok: [host11]
ok: [host12]

TASK [webserver : print out] *********************************************************************************************************
ok: [host11] => {
    "msg": {
        "changed": false,
        "elapsed": 0,
        "failed": false,
        "match_groupdict": {},
        "match_groups": [],
        "path": null,
        "port": 80,
        "search_regex": null,
        "state": "started"
    }
}
ok: [host12] => {
    "msg": {
        "changed": false,
        "elapsed": 0,
        "failed": false,
        "match_groupdict": {},
        "match_groups": [],
        "path": null,
        "port": 80,
        "search_regex": null,
        "state": "started"
    }
}

TASK [webserver : Templates] *********************************************************************************************************
ok: [host11]
ok: [host12]

TASK [webserver : Check content to the sites] ****************************************************************************************
ok: [host11] => (item={'name': 'local-cent.site', 'ip': '192.168.202.11'})
ok: [host12] => (item={'name': 'local-cent.site', 'ip': '192.168.202.11'})
ok: [host11] => (item={'name': 'local-deb.site', 'ip': '192.168.202.12'})
ok: [host12] => (item={'name': 'local-deb.site', 'ip': '192.168.202.12'})

TASK [webserver : print out2] ********************************************************************************************************
ok: [host11] => {
    "msg": {
        "changed": false,
        "msg": "All items completed",
        "results": [
            {
                "accept_ranges": "bytes",
                "ansible_loop_var": "item",
                "changed": false,
                "connection": "close",
                "content": "<hl>Hello</hl>\n",
                "content_length": "15",
                "content_type": "text/html",
                "cookies": {},
                "cookies_string": "",
                "date": "Thu, 07 Oct 2021 19:27:18 GMT",
                "elapsed": 0,
                "etag": "\"615f3cd6-f\"",
                "failed": false,
                "failed_when_result": false,
                "invocation": {
                    "module_args": {
                        "attributes": null,
                        "backup": null,
                        "body": null,
                        "body_format": "raw",
                        "client_cert": null,
                        "client_key": null,
                        "content": null,
                        "creates": null,
                        "delimiter": null,
                        "dest": null,
                        "directory_mode": null,
                        "follow": false,
                        "follow_redirects": "safe",
                        "force": false,
                        "force_basic_auth": false,
                        "group": null,
                        "headers": {},
                        "http_agent": "ansible-httpget",
                        "method": "GET",
                        "mode": null,
                        "owner": null,
                        "regexp": null,
                        "remote_src": null,
                        "removes": null,
                        "return_content": true,
                        "selevel": null,
                        "serole": null,
                        "setype": null,
                        "seuser": null,
                        "src": null,
                        "status_code": [
                            200
                        ],
                        "timeout": 30,
                        "unix_socket": null,
                        "unsafe_writes": null,
                        "url": "http://local-cent.site",
                        "url_password": null,
                        "url_username": null,
                        "use_proxy": true,
                        "validate_certs": true
                    }
                },
                "item": {
                    "ip": "192.168.202.11",
                    "name": "local-cent.site"
                },
                "last_modified": "Thu, 07 Oct 2021 18:30:46 GMT",
                "msg": "OK (15 bytes)",
                "redirected": false,
                "server": "nginx/1.20.1",
                "status": 200,
                "url": "http://local-cent.site"
            },
            {
                "accept_ranges": "bytes",
                "ansible_loop_var": "item",
                "changed": false,
                "connection": "close",
                "content": "<hl>Hello</hl>\n",
                "content_length": "15",
                "content_type": "text/html",
                "cookies": {},
                "cookies_string": "",
                "date": "Thu, 07 Oct 2021 19:27:18 GMT",
                "elapsed": 0,
                "etag": "\"615f1a35-f\"",
                "failed": false,
                "failed_when_result": false,
                "invocation": {
                    "module_args": {
                        "attributes": null,
                        "backup": null,
                        "body": null,
                        "body_format": "raw",
                        "client_cert": null,
                        "client_key": null,
                        "content": null,
                        "creates": null,
                        "delimiter": null,
                        "dest": null,
                        "directory_mode": null,
                        "follow": false,
                        "follow_redirects": "safe",
                        "force": false,
                        "force_basic_auth": false,
                        "group": null,
                        "headers": {},
                        "http_agent": "ansible-httpget",
                        "method": "GET",
                        "mode": null,
                        "owner": null,
                        "regexp": null,
                        "remote_src": null,
                        "removes": null,
                        "return_content": true,
                        "selevel": null,
                        "serole": null,
                        "setype": null,
                        "seuser": null,
                        "src": null,
                        "status_code": [
                            200
                        ],
                        "timeout": 30,
                        "unix_socket": null,
                        "unsafe_writes": null,
                        "url": "http://local-deb.site",
                        "url_password": null,
                        "url_username": null,
                        "use_proxy": true,
                        "validate_certs": true
                    }
                },
                "item": {
                    "ip": "192.168.202.12",
                    "name": "local-deb.site"
                },
                "last_modified": "Thu, 07 Oct 2021 16:03:01 GMT",
                "msg": "OK (15 bytes)",
                "redirected": false,
                "server": "nginx/1.14.0 (Ubuntu)",
                "status": 200,
                "url": "http://local-deb.site"
            }
        ]
    }
}
ok: [host12] => {
    "msg": {
        "changed": false,
        "msg": "All items completed",
        "results": [
            {
                "accept_ranges": "bytes",
                "ansible_loop_var": "item",
                "changed": false,
                "connection": "close",
                "content": "<hl>Hello</hl>\n",
                "content_length": "15",
                "content_type": "text/html",
                "cookies": {},
                "cookies_string": "",
                "date": "Thu, 07 Oct 2021 19:27:18 GMT",
                "elapsed": 0,
                "etag": "\"615f3cd6-f\"",
                "failed": false,
                "failed_when_result": false,
                "invocation": {
                    "module_args": {
                        "attributes": null,
                        "backup": null,
                        "body": null,
                        "body_format": "raw",
                        "client_cert": null,
                        "client_key": null,
                        "content": null,
                        "creates": null,
                        "delimiter": null,
                        "dest": null,
                        "directory_mode": null,
                        "follow": false,
                        "follow_redirects": "safe",
                        "force": false,
                        "force_basic_auth": false,
                        "group": null,
                        "headers": {},
                        "http_agent": "ansible-httpget",
                        "method": "GET",
                        "mode": null,
                        "owner": null,
                        "regexp": null,
                        "remote_src": null,
                        "removes": null,
                        "return_content": true,
                        "selevel": null,
                        "serole": null,
                        "setype": null,
                        "seuser": null,
                        "src": null,
                        "status_code": [
                            200
                        ],
                        "timeout": 30,
                        "unix_socket": null,
                        "unsafe_writes": null,
                        "url": "http://local-cent.site",
                        "url_password": null,
                        "url_username": null,
                        "use_proxy": true,
                        "validate_certs": true
                    }
                },
                "item": {
                    "ip": "192.168.202.11",
                    "name": "local-cent.site"
                },
                "last_modified": "Thu, 07 Oct 2021 18:30:46 GMT",
                "msg": "OK (15 bytes)",
                "redirected": false,
                "server": "nginx/1.20.1",
                "status": 200,
                "url": "http://local-cent.site"
            },
            {
                "accept_ranges": "bytes",
                "ansible_loop_var": "item",
                "changed": false,
                "connection": "close",
                "content": "<hl>Hello</hl>\n",
                "content_length": "15",
                "content_type": "text/html",
                "cookies": {},
                "cookies_string": "",
                "date": "Thu, 07 Oct 2021 19:27:18 GMT",
                "elapsed": 0,
                "etag": "\"615f1a35-f\"",
                "failed": false,
                "failed_when_result": false,
                "invocation": {
                    "module_args": {
                        "attributes": null,
                        "backup": null,
                        "body": null,
                        "body_format": "raw",
                        "client_cert": null,
                        "client_key": null,
                        "content": null,
                        "creates": null,
                        "delimiter": null,
                        "dest": null,
                        "directory_mode": null,
                        "follow": false,
                        "follow_redirects": "safe",
                        "force": false,
                        "force_basic_auth": false,
                        "group": null,
                        "headers": {},
                        "http_agent": "ansible-httpget",
                        "method": "GET",
                        "mode": null,
                        "owner": null,
                        "regexp": null,
                        "remote_src": null,
                        "removes": null,
                        "return_content": true,
                        "selevel": null,
                        "serole": null,
                        "setype": null,
                        "seuser": null,
                        "src": null,
                        "status_code": [
                            200
                        ],
                        "timeout": 30,
                        "unix_socket": null,
                        "unsafe_writes": null,
                        "url": "http://local-deb.site",
                        "url_password": null,
                        "url_username": null,
                        "use_proxy": true,
                        "validate_certs": true
                    }
                },
                "item": {
                    "ip": "192.168.202.12",
                    "name": "local-deb.site"
                },
                "last_modified": "Thu, 07 Oct 2021 16:03:01 GMT",
                "msg": "OK (15 bytes)",
                "redirected": false,
                "server": "nginx/1.14.0 (Ubuntu)",
                "status": 200,
                "url": "http://local-deb.site"
            }
        ]
    }
}

PLAY RECAP ***************************************************************************************************************************
host11                     : ok=7    changed=0    unreachable=0    failed=0    skipped=0    rescued=0    ignored=0
host12                     : ok=7    changed=0    unreachable=0    failed=0    skipped=0    rescued=0    ignored=0

