
PLAY [all_work_hosts] ****************************************************************************************************************

TASK [Gathering Facts] ***************************************************************************************************************
ok: [host12]
ok: [host11]

TASK [Print OS information] **********************************************************************************************************
ok: [host11] => {
    "msg": "OSNAme: CentOS, OSFamily: RedHat"
}
ok: [host12] => {
    "msg": "OSNAme: Ubuntu, OSFamily: Debian"
}

PLAY [host12] ************************************************************************************************************************

TASK [Gathering Facts] ***************************************************************************************************************
ok: [host12]

TASK [nginx : Install Nginx RedHat] **************************************************************************************************
skipping: [host12]

TASK [nginx : Install Nginx Debian] **************************************************************************************************
ok: [host12]

TASK [nginx : Start Nginx] ***********************************************************************************************************
ok: [host12]

TASK [nginx : Firewall RedHat] *******************************************************************************************************
skipping: [host12]

PLAY [host11] ************************************************************************************************************************

TASK [Gathering Facts] ***************************************************************************************************************
ok: [host11]

TASK [epel : Install EPEL Repo] ******************************************************************************************************
ok: [host11]

TASK [nginx : Install Nginx RedHat] **************************************************************************************************
ok: [host11]

TASK [nginx : Install Nginx Debian] **************************************************************************************************
skipping: [host11]

TASK [nginx : Start Nginx] ***********************************************************************************************************
ok: [host11]

TASK [nginx : Firewall RedHat] *******************************************************************************************************
changed: [host11]

PLAY RECAP ***************************************************************************************************************************
host11                     : ok=7    changed=1    unreachable=0    failed=0    skipped=1    rescued=0    ignored=0
host12                     : ok=5    changed=0    unreachable=0    failed=0    skipped=2    rescued=0    ignored=0

