$ ansible-playbook -i inv.yaml nginx.yaml 

PLAY [Install WebServer] *************************************************************************************************************************************************************************

TASK [Gathering Facts] ***************************************************************************************************************************************************************************
ok: [sa_cent]
ok: [sa_ub]

TASK [nginx : Install Nginx on Debian OS Family] *************************************************************************************************************************************************
skipping: [sa_cent]
included: ~/ansible_nginx/roles/nginx/tasks/debian_os_family.yaml for sa_ub

TASK [nginx : Update && Upgrade Linux Cache Debian] **********************************************************************************************************************************************
changed: [sa_ub]

TASK [nginx : Install Package] *******************************************************************************************************************************************************************
changed: [sa_ub]

TASK [nginx : Start Nginx] ***********************************************************************************************************************************************************************
ok: [sa_ub]

TASK [nginx : Copy index.html on WebServer] ******************************************************************************************************************************************************
changed: [sa_ub]

TASK [nginx : Copy index.html on WebServer] ******************************************************************************************************************************************************
changed: [sa_ub]

TASK [nginx : Install Nginx on RadHat OS Family] *************************************************************************************************************************************************
skipping: [sa_ub]
included: ~/ansible_nginx/roles/nginx/tasks/redhat_os_family.yaml for sa_cent

TASK [nginx : Install rep] ***********************************************************************************************************************************************************************
changed: [sa_cent]

TASK [nginx : Update && Upgrade CentOS] **********************************************************************************************************************************************************
changed: [sa_cent]

TASK [nginx : Install Package] *******************************************************************************************************************************************************************
changed: [sa_cent]

TASK [nginx : Start Nginx] ***********************************************************************************************************************************************************************
changed: [sa_cent]

TASK [nginx : Copy index.html on WebServer] ******************************************************************************************************************************************************
changed: [sa_cent]

TASK [nginx : Check connect by Port on WebServer] ************************************************************************************************************************************************
ok: [sa_cent]
ok: [sa_ub]

TASK [nginx : Check by url by WebServer] *********************************************************************************************************************************************************
ok: [sa_ub]
ok: [sa_cent]

TASK [nginx : Print Results Checks] **************************************************************************************************************************************************************
ok: [sa_cent] => {
    "msg": {
        "accept_ranges": "bytes", 
        "changed": false, 
        "connection": "close", 
        "content": "<!DOCTYPE html>\n<html>\n<body>\n\n<h1>\"Lesson 5: Ansible Cruise!\"</h1>\n\n</body>\n</html>", 
        "content_length": "84", 
        "content_type": "text/html", 
        "cookies": {}, 
        "date": "Sun, 12 May 2019 17:18:35 GMT", 
        "etag": "\"5cd85569-54\"", 
        "failed": false, 
        "last_modified": "Sun, 12 May 2019 17:18:33 GMT", 
        "msg": "OK (84 bytes)", 
        "redirected": false, 
        "server": "nginx/1.12.2", 
        "status": 200, 
        "url": "http://localhost"
    }
}
ok: [sa_ub] => {
    "msg": {
        "accept_ranges": "bytes", 
        "changed": false, 
        "connection": "close", 
        "content": "<!DOCTYPE html>\n<html>\n<body>\n\n<h1>\"Lesson 5: Ansible Cruise!\"</h1>\n\n</body>\n</html>", 
        "content_length": "84", 
        "content_type": "text/html", 
        "cookies": {}, 
        "date": "Sun, 12 May 2019 17:18:35 GMT", 
        "etag": "\"5cd854d0-54\"", 
        "failed": false, 
        "last_modified": "Sun, 12 May 2019 17:16:00 GMT", 
        "msg": "OK (84 bytes)", 
        "redirected": false, 
        "server": "nginx/1.4.6 (Ubuntu)", 
        "status": 200, 
        "url": "http://localhost"
    }
}

RUNNING HANDLER [nginx : Restart WebServer] ******************************************************************************************************************************************************
changed: [sa_cent]
changed: [sa_ub]

PLAY RECAP ***************************************************************************************************************************************************************************************
sa_cent                    : ok=11   changed=6    unreachable=0    failed=0   
sa_ub                      : ok=11   changed=5    unreachable=0    failed=0   

