[    0.000000] Linux version 4.15.0-58-generic (buildd@lcy01-amd64-013) (gcc version 7.4.0 (Ubuntu 7.4.0-1ubuntu1~18.04.1)) #64-Ubuntu SMP Tue Aug 6 11:12:41 UTC 2019 (Ubuntu 4.15.0-58.64-generic 4.15.18)
[    0.000000] Command line: BOOT_IMAGE=/boot/vmlinuz-4.15.0-58-generic root=LABEL=cloudimg-rootfs ro console=tty1 console=ttyS0
[    0.000000] KERNEL supported cpus:
[    0.000000]   Intel GenuineIntel
[    0.000000]   AMD AuthenticAMD
[    0.000000]   Centaur CentaurHauls
[    0.000000] x86/fpu: Supporting XSAVE feature 0x001: 'x87 floating point registers'
[    0.000000] x86/fpu: Supporting XSAVE feature 0x002: 'SSE registers'
[    0.000000] x86/fpu: Supporting XSAVE feature 0x004: 'AVX registers'
[    0.000000] x86/fpu: xstate_offset[2]:  576, xstate_sizes[2]:  256
[    0.000000] x86/fpu: Enabled xstate features 0x7, context size is 832 bytes, using 'standard' format.
[    0.000000] e820: BIOS-provided physical RAM map:
[    0.000000] BIOS-e820: [mem 0x0000000000000000-0x000000000009fbff] usable
[    0.000000] BIOS-e820: [mem 0x000000000009fc00-0x000000000009ffff] reserved
[    0.000000] BIOS-e820: [mem 0x00000000000f0000-0x00000000000fffff] reserved
[    0.000000] BIOS-e820: [mem 0x0000000000100000-0x000000003ffeffff] usable
[    0.000000] BIOS-e820: [mem 0x000000003fff0000-0x000000003fffffff] ACPI data
[    0.000000] BIOS-e820: [mem 0x00000000fec00000-0x00000000fec00fff] reserved
[    0.000000] BIOS-e820: [mem 0x00000000fee00000-0x00000000fee00fff] reserved
[    0.000000] BIOS-e820: [mem 0x00000000fffc0000-0x00000000ffffffff] reserved
[    0.000000] NX (Execute Disable) protection: active
[    0.000000] SMBIOS 2.5 present.
[    0.000000] DMI: innotek GmbH VirtualBox/VirtualBox, BIOS VirtualBox 12/01/2006
[    0.000000] Hypervisor detected: KVM
[    0.000000] e820: last_pfn = 0x3fff0 max_arch_pfn = 0x400000000
[    0.000000] MTRR: Disabled
[    0.000000] x86/PAT: MTRRs disabled, skipping PAT initialization too.
[    0.000000] CPU MTRRs all blank - virtualized system.
[    0.000000] x86/PAT: Configuration [0-7]: WB  WT  UC- UC  WB  WT  UC- UC  
[    0.000000] found SMP MP-table at [mem 0x0009fff0-0x0009ffff] mapped at [        (ptrval)]
[    0.000000] Scanning 1 areas for low memory corruption
[    0.000000] RAMDISK: [mem 0x35a8f000-0x36d3efff]
[    0.000000] ACPI: Early table checksum verification disabled
[    0.000000] ACPI: RSDP 0x00000000000E0000 000024 (v02 VBOX  )
[    0.000000] ACPI: XSDT 0x000000003FFF0030 00003C (v01 VBOX   VBOXXSDT 00000001 ASL  00000061)
[    0.000000] ACPI: FACP 0x000000003FFF00F0 0000F4 (v04 VBOX   VBOXFACP 00000001 ASL  00000061)
[    0.000000] ACPI: DSDT 0x000000003FFF0470 0022EA (v02 VBOX   VBOXBIOS 00000002 INTL 20100528)
[    0.000000] ACPI: FACS 0x000000003FFF0200 000040
[    0.000000] ACPI: FACS 0x000000003FFF0200 000040
[    0.000000] ACPI: APIC 0x000000003FFF0240 00005C (v02 VBOX   VBOXAPIC 00000001 ASL  00000061)
[    0.000000] ACPI: SSDT 0x000000003FFF02A0 0001CC (v01 VBOX   VBOXCPUT 00000002 INTL 20100528)
[    0.000000] No NUMA configuration found
[    0.000000] Faking a node at [mem 0x0000000000000000-0x000000003ffeffff]
[    0.000000] NODE_DATA(0) allocated [mem 0x3ffc5000-0x3ffeffff]
[    0.000000] kvm-clock: cpu 0, msr 0:3ff44001, primary cpu clock
[    0.000000] kvm-clock: Using msrs 4b564d01 and 4b564d00
[    0.000000] kvm-clock: using sched offset of 3776837663 cycles
[    0.000000] clocksource: kvm-clock: mask: 0xffffffffffffffff max_cycles: 0x1cd42e4dffb, max_idle_ns: 881590591483 ns
[    0.000000] Zone ranges:
[    0.000000]   DMA      [mem 0x0000000000001000-0x0000000000ffffff]
[    0.000000]   DMA32    [mem 0x0000000001000000-0x000000003ffeffff]
[    0.000000]   Normal   empty
[    0.000000]   Device   empty
[    0.000000] Movable zone start for each node
[    0.000000] Early memory node ranges
[    0.000000]   node   0: [mem 0x0000000000001000-0x000000000009efff]
[    0.000000]   node   0: [mem 0x0000000000100000-0x000000003ffeffff]
[    0.000000] Reserved but unavailable: 98 pages
[    0.000000] Initmem setup node 0 [mem 0x0000000000001000-0x000000003ffeffff]
[    0.000000] ACPI: PM-Timer IO Port: 0x4008
[    0.000000] IOAPIC[0]: apic_id 2, version 32, address 0xfec00000, GSI 0-23
[    0.000000] ACPI: INT_SRC_OVR (bus 0 bus_irq 0 global_irq 2 dfl dfl)
[    0.000000] ACPI: INT_SRC_OVR (bus 0 bus_irq 9 global_irq 9 low level)
[    0.000000] Using ACPI (MADT) for SMP configuration information
[    0.000000] smpboot: Allowing 2 CPUs, 0 hotplug CPUs
[    0.000000] PM: Registered nosave memory: [mem 0x00000000-0x00000fff]
[    0.000000] PM: Registered nosave memory: [mem 0x0009f000-0x0009ffff]
[    0.000000] PM: Registered nosave memory: [mem 0x000a0000-0x000effff]
[    0.000000] PM: Registered nosave memory: [mem 0x000f0000-0x000fffff]
[    0.000000] e820: [mem 0x40000000-0xfebfffff] available for PCI devices
[    0.000000] Booting paravirtualized kernel on KVM
[    0.000000] clocksource: refined-jiffies: mask: 0xffffffff max_cycles: 0xffffffff, max_idle_ns: 7645519600211568 ns
[    0.000000] random: get_random_bytes called from start_kernel+0x99/0x4fd with crng_init=0
[    0.000000] setup_percpu: NR_CPUS:8192 nr_cpumask_bits:2 nr_cpu_ids:2 nr_node_ids:1
[    0.000000] percpu: Embedded 46 pages/cpu @        (ptrval) s151552 r8192 d28672 u1048576
[    0.000000] PV qspinlock hash table entries: 256 (order: 0, 4096 bytes)
[    0.000000] Built 1 zonelists, mobility grouping on.  Total pages: 257913
[    0.000000] Policy zone: DMA32
[    0.000000] Kernel command line: BOOT_IMAGE=/boot/vmlinuz-4.15.0-58-generic root=LABEL=cloudimg-rootfs ro console=tty1 console=ttyS0
[    0.000000] Memory: 983460K/1048120K available (12300K kernel code, 2478K rwdata, 4280K rodata, 2424K init, 2384K bss, 64660K reserved, 0K cma-reserved)
[    0.000000] SLUB: HWalign=64, Order=0-3, MinObjects=0, CPUs=2, Nodes=1
[    0.000000] Kernel/User page tables isolation: enabled
[    0.000000] ftrace: allocating 39243 entries in 154 pages
[    0.004000] Hierarchical RCU implementation.
[    0.004000] 	RCU restricting CPUs from NR_CPUS=8192 to nr_cpu_ids=2.
[    0.004000] 	Tasks RCU enabled.
[    0.004000] RCU: Adjusting geometry for rcu_fanout_leaf=16, nr_cpu_ids=2
[    0.004000] NR_IRQS: 524544, nr_irqs: 440, preallocated irqs: 16
[    0.004000] Console: colour VGA+ 80x25
[    0.004000] console [tty1] enabled
[    0.004000] console [ttyS0] enabled
[    0.004000] ACPI: Core revision 20170831
[    0.004000] ACPI: 2 ACPI AML tables successfully acquired and loaded
[    0.004000] APIC: Switch to symmetric I/O mode setup
[    0.004000] x2apic enabled
[    0.004000] Switched APIC routing to physical x2apic.
[    0.004000] ..TIMER: vector=0x30 apic1=0 pin1=2 apic2=-1 pin2=-1
[    0.004005] tsc: Detected 2893.454 MHz processor
[    0.004696] Calibrating delay loop (skipped) preset value.. 5786.90 BogoMIPS (lpj=11573816)
[    0.005209] pid_max: default: 32768 minimum: 301
[    0.005897] Security Framework initialized
[    0.006540] Yama: becoming mindful.
[    0.008022] AppArmor: AppArmor initialized
[    0.009326] Dentry cache hash table entries: 131072 (order: 8, 1048576 bytes)
[    0.010440] Inode-cache hash table entries: 65536 (order: 7, 524288 bytes)
[    0.011462] Mount-cache hash table entries: 2048 (order: 2, 16384 bytes)
[    0.012007] Mountpoint-cache hash table entries: 2048 (order: 2, 16384 bytes)
[    0.013250] mce: CPU supports 0 MCE banks
[    0.013868] Last level iTLB entries: 4KB 512, 2MB 8, 4MB 8
[    0.014666] Last level dTLB entries: 4KB 512, 2MB 32, 4MB 32, 1GB 0
[    0.016003] Spectre V1 : Mitigation: usercopy/swapgs barriers and __user pointer sanitization
[    0.017204] Spectre V2 : Mitigation: Full generic retpoline
[    0.018012] Spectre V2 : Spectre v2 / SpectreRSB mitigation: Filling RSB on context switch
[    0.019176] Speculative Store Bypass: Vulnerable
[    0.020056] MDS: Mitigation: Clear CPU buffers
[    0.020798] Freeing SMP alternatives memory: 36K
[    0.024000] smpboot: CPU0: Intel(R) Core(TM) i5-3470S CPU @ 2.90GHz (family: 0x6, model: 0x3a, stepping: 0x9)
[    0.024000] Performance Events: unsupported p6 CPU model 58 no PMU driver, software events only.
[    0.024000] Hierarchical SRCU implementation.
[    0.024137] NMI watchdog: Perf event create on CPU 0 failed with -2
[    0.025074] NMI watchdog: Perf NMI watchdog permanently disabled
[    0.025984] smp: Bringing up secondary CPUs ...
[    0.026774] x86: Booting SMP configuration:
[    0.027406] .... node  #0, CPUs:      #1
[    0.004000] kvm-clock: cpu 1, msr 0:3ff44041, secondary cpu clock
[    0.004000] mce: CPU supports 0 MCE banks
[    0.031326] smp: Brought up 1 node, 2 CPUs
[    0.032006] smpboot: Max logical packages: 1
[    0.032652] smpboot: Total of 2 processors activated (11573.81 BogoMIPS)
[    0.033780] devtmpfs: initialized
[    0.033780] x86/mm: Memory block size: 128MB
[    0.033780] evm: security.selinux
[    0.033890] evm: security.SMACK64
[    0.036003] evm: security.SMACK64EXEC
[    0.036588] evm: security.SMACK64TRANSMUTE
[    0.037201] evm: security.SMACK64MMAP
[    0.037730] evm: security.apparmor
[    0.038252] evm: security.ima
[    0.038697] evm: security.capability
[    0.039306] clocksource: jiffies: mask: 0xffffffff max_cycles: 0xffffffff, max_idle_ns: 7645041785100000 ns
[    0.040009] futex hash table entries: 512 (order: 3, 32768 bytes)
[    0.040962] pinctrl core: initialized pinctrl subsystem
[    0.044060] RTC time: 18:46:43, date: 10/29/19
[    0.044940] NET: Registered protocol family 16
[    0.045683] audit: initializing netlink subsys (disabled)
[    0.046516] audit: type=2000 audit(1572374808.178:1): state=initialized audit_enabled=0 res=1
[    0.046516] cpuidle: using governor ladder
[    0.048010] cpuidle: using governor menu
[    0.048663] ACPI: bus type PCI registered
[    0.049294] acpiphp: ACPI Hot Plug PCI Controller Driver version: 0.5
[    0.050317] PCI: Using configuration type 1 for base access
[    0.052828] HugeTLB registered 2.00 MiB page size, pre-allocated 0 pages
[    0.053039] ACPI: Added _OSI(Module Device)
[    0.053039] ACPI: Added _OSI(Processor Device)
[    0.053395] ACPI: Added _OSI(3.0 _SCP Extensions)
[    0.056004] ACPI: Added _OSI(Processor Aggregator Device)
[    0.056822] ACPI: Added _OSI(Linux-Dell-Video)
[    0.057505] ACPI: Added _OSI(Linux-Lenovo-NV-HDMI-Audio)
[    0.058278] ACPI: Added _OSI(Linux-HPI-Hybrid-Graphics)
[    0.059323] ACPI: Executed 1 blocks of module-level executable AML code
[    0.064281] ACPI: Interpreter enabled
[    0.064891] ACPI: (supports S0 S5)
[    0.065439] ACPI: Using IOAPIC for interrupt routing
[    0.066406] PCI: Using host bridge windows from ACPI; if necessary, use "pci=nocrs" and report a bug
[    0.067898] ACPI: Enabled 2 GPEs in block 00 to 07
[    0.074489] ACPI: PCI Root Bridge [PCI0] (domain 0000 [bus 00-ff])
[    0.075477] acpi PNP0A03:00: _OSC: OS supports [ASPM ClockPM Segments MSI]
[    0.076522] acpi PNP0A03:00: _OSC: not requesting OS control; OS requires [ExtendedConfig ASPM ClockPM MSI]
[    0.077937] acpi PNP0A03:00: fail to add MMCONFIG information, can't access extended PCI configuration space under this bridge.
[    0.080331] PCI host bridge to bus 0000:00
[    0.080958] pci_bus 0000:00: root bus resource [io  0x0000-0x0cf7 window]
[    0.081966] pci_bus 0000:00: root bus resource [io  0x0d00-0xffff window]
[    0.082929] pci_bus 0000:00: root bus resource [mem 0x000a0000-0x000bffff window]
[    0.084004] pci_bus 0000:00: root bus resource [mem 0x40000000-0xfdffffff window]
[    0.085118] pci_bus 0000:00: root bus resource [bus 00-ff]
[    0.087705] pci 0000:00:01.1: legacy IDE quirk: reg 0x10: [io  0x01f0-0x01f7]
[    0.088004] pci 0000:00:01.1: legacy IDE quirk: reg 0x14: [io  0x03f6]
[    0.088936] pci 0000:00:01.1: legacy IDE quirk: reg 0x18: [io  0x0170-0x0177]
[    0.089942] pci 0000:00:01.1: legacy IDE quirk: reg 0x1c: [io  0x0376]
[    0.107417] pci 0000:00:07.0: quirk: [io  0x4000-0x403f] claimed by PIIX4 ACPI
[    0.108017] pci 0000:00:07.0: quirk: [io  0x4100-0x410f] claimed by PIIX4 SMB
[    0.118591] ACPI: PCI Interrupt Link [LNKA] (IRQs 5 9 10 *11)
[    0.120143] ACPI: PCI Interrupt Link [LNKB] (IRQs 5 9 *10 11)
[    0.121045] ACPI: PCI Interrupt Link [LNKC] (IRQs 5 *9 10 11)
[    0.121983] ACPI: PCI Interrupt Link [LNKD] (IRQs 5 9 10 *11)
[    0.123171] SCSI subsystem initialized
[    0.123828] pci 0000:00:02.0: vgaarb: setting as boot VGA device
[    0.123828] pci 0000:00:02.0: vgaarb: VGA device added: decodes=io+mem,owns=io+mem,locks=none
[    0.124019] pci 0000:00:02.0: vgaarb: bridge control possible
[    0.124837] vgaarb: loaded
[    0.125282] ACPI: bus type USB registered
[    0.125894] usbcore: registered new interface driver usbfs
[    0.128013] usbcore: registered new interface driver hub
[    0.128781] usbcore: registered new device driver usb
[    0.129552] EDAC MC: Ver: 3.0.0
[    0.129552] PCI: Using ACPI for IRQ routing
[    0.132134] NetLabel: Initializing
[    0.132638] NetLabel:  domain hash size = 128
[    0.133274] NetLabel:  protocols = UNLABELED CIPSOv4 CALIPSO
[    0.134095] NetLabel:  unlabeled traffic allowed by default
[    0.134885] clocksource: Switched to clocksource kvm-clock
[    0.143022] VFS: Disk quotas dquot_6.6.0
[    0.143646] VFS: Dquot-cache hash table entries: 512 (order 0, 4096 bytes)
[    0.144754] AppArmor: AppArmor Filesystem Enabled
[    0.145448] pnp: PnP ACPI init
[    0.146850] pnp: PnP ACPI: found 3 devices
[    0.156955] clocksource: acpi_pm: mask: 0xffffff max_cycles: 0xffffff, max_idle_ns: 2085701024 ns
[    0.158318] NET: Registered protocol family 2
[    0.159789] TCP established hash table entries: 8192 (order: 4, 65536 bytes)
[    0.160915] TCP bind hash table entries: 8192 (order: 5, 131072 bytes)
[    0.161857] TCP: Hash tables configured (established 8192 bind 8192)
[    0.162873] UDP hash table entries: 512 (order: 2, 16384 bytes)
[    0.163742] UDP-Lite hash table entries: 512 (order: 2, 16384 bytes)
[    0.164810] NET: Registered protocol family 1
[    0.165476] pci 0000:00:00.0: Limiting direct PCI/PCI transfers
[    0.166351] pci 0000:00:01.0: Activating ISA DMA hang workarounds
[    0.167288] pci 0000:00:02.0: Video device with shadowed ROM at [mem 0x000c0000-0x000dffff]
[    0.168632] Unpacking initramfs...
[    0.403902] Freeing initrd memory: 19136K
[    0.404748] clocksource: tsc: mask: 0xffffffffffffffff max_cycles: 0x29b51b8b761, max_idle_ns: 440795332944 ns
[    0.406211] platform rtc_cmos: registered platform RTC device (no PNP device found)
[    0.407385] Scanning for low memory corruption every 60 seconds
[    0.409351] Initialise system trusted keyrings
[    0.410065] Key type blacklist registered
[    0.410762] workingset: timestamp_bits=36 max_order=18 bucket_order=0
[    0.412565] zbud: loaded
[    0.413460] squashfs: version 4.0 (2009/01/31) Phillip Lougher
[    0.414503] fuse init (API version 7.26)
[    0.417458] Key type asymmetric registered
[    0.418153] Asymmetric key parser 'x509' registered
[    0.418936] Block layer SCSI generic (bsg) driver version 0.4 loaded (major 246)
[    0.420148] io scheduler noop registered
[    0.420773] io scheduler deadline registered
[    0.421452] io scheduler cfq registered (default)
[    0.422485] ACPI: AC Adapter [AC] (on-line)
[    0.423192] input: Power Button as /devices/LNXSYSTM:00/LNXPWRBN:00/input/input0
[    0.424387] ACPI: Power Button [PWRF]
[    0.425042] input: Sleep Button as /devices/LNXSYSTM:00/LNXSLPBN:00/input/input1
[    0.426186] ACPI: Sleep Button [SLPF]
[    0.427185] Serial: 8250/16550 driver, 32 ports, IRQ sharing enabled
[    0.448786] 00:02: ttyS0 at I/O 0x3f8 (irq = 4, base_baud = 115200) is a 16550A
[    0.452896] Linux agpgart interface v0.103
[    0.454978] loop: module loaded
[    0.456038] scsi host0: ata_piix
[    0.456680] scsi host1: ata_piix
[    0.457364] ata1: PATA max UDMA/33 cmd 0x1f0 ctl 0x3f6 bmdma 0xd000 irq 14
[    0.458342] ata2: PATA max UDMA/33 cmd 0x170 ctl 0x376 bmdma 0xd008 irq 15
[    0.459636] libphy: Fixed MDIO Bus: probed
[    0.460310] tun: Universal TUN/TAP device driver, 1.6
[    0.461188] PPP generic driver version 2.4.2
[    0.461942] ehci_hcd: USB 2.0 'Enhanced' Host Controller (EHCI) Driver
[    0.462897] ehci-pci: EHCI PCI platform driver
[    0.463572] ehci-platform: EHCI generic platform driver
[    0.464379] ohci_hcd: USB 1.1 'Open' Host Controller (OHCI) Driver
[    0.465277] ohci-pci: OHCI PCI platform driver
[    0.465953] ohci-platform: OHCI generic platform driver
[    0.466723] uhci_hcd: USB Universal Host Controller Interface driver
[    0.467699] i8042: PNP: PS/2 Controller [PNP0303:PS2K,PNP0f03:PS2M] at 0x60,0x64 irq 1,12
[    0.469412] serio: i8042 KBD port at 0x60,0x64 irq 1
[    0.470203] serio: i8042 AUX port at 0x60,0x64 irq 12
[    0.471168] mousedev: PS/2 mouse device common for all mice
[    0.472606] input: AT Translated Set 2 keyboard as /devices/platform/i8042/serio0/input/input2
[    0.474053] rtc_cmos rtc_cmos: rtc core: registered rtc_cmos as rtc0
[    0.475021] rtc_cmos rtc_cmos: alarms up to one day, 114 bytes nvram
[    0.475956] i2c /dev entries driver
[    0.476570] device-mapper: uevent: version 1.0.3
[    0.477378] device-mapper: ioctl: 4.37.0-ioctl (2017-09-20) initialised: dm-devel@redhat.com
[    0.478698] ledtrig-cpu: registered to indicate activity on CPUs
[    0.479893] NET: Registered protocol family 10
[    0.484589] Segment Routing with IPv6
[    0.485224] NET: Registered protocol family 17
[    0.485952] Key type dns_resolver registered
[    0.486834] RAS: Correctable Errors collector initialized.
[    0.487650] sched_clock: Marking stable (486796420, 0)->(715989274, -229192854)
[    0.489347] registered taskstats version 1
[    0.489972] Loading compiled-in X.509 certificates
[    0.493097] Loaded X.509 cert 'Build time autogenerated kernel key: e343dd3e31c9820cf0adf0156bc2eecdcfc394af'
[    0.494582] zswap: loaded using pool lzo/zbud
[    0.498975] Key type big_key registered
[    0.499576] Key type trusted registered
[    0.502001] Key type encrypted registered
[    0.502628] AppArmor: AppArmor sha1 policy hashing enabled
[    0.503463] ima: No TPM chip found, activating TPM-bypass! (rc=-19)
[    0.504492] ima: Allocated hash algorithm: sha1
[    0.505206] evm: HMAC attrs: 0x1
[    0.506003]   Magic number: 7:351:798
[    0.506658] rtc_cmos rtc_cmos: setting system clock to 2019-10-29 18:46:43 UTC (1572374803)
[    0.508028] BIOS EDD facility v0.16 2004-Jun-25, 0 devices found
[    0.508924] EDD information not available.
[    0.665341] Freeing unused kernel image memory: 2424K
[    0.683930] Write protecting the kernel read-only data: 20480k
[    0.686201] Freeing unused kernel image memory: 2008K
[    0.687839] Freeing unused kernel image memory: 1864K
[    0.698425] x86/mm: Checked W+X mappings: passed, no W+X pages found.
[    0.699813] x86/mm: Checking user space page tables
[    0.709535] x86/mm: Checked W+X mappings: passed, no W+X pages found.
Loading, please wait...
starting version 237
[    0.791042] Fusion MPT base driver 3.04.20
[    0.791845] Copyright (c) 1999-2008 LSI Corporation
[    0.793162] e1000: Intel(R) PRO/1000 Network Driver - version 7.3.21-k8-NAPI
[    0.794199] e1000: Copyright (c) 1999-2006 Intel Corporation.
[    0.799377] Fusion MPT SPI Host driver 3.04.20
[    0.823221] AVX version of gcm_enc/dec engaged.
[    0.824065] AES CTR mode by8 optimization enabled
[    1.005328] input: ImExPS/2 Generic Explorer Mouse as /devices/platform/i8042/serio1/input/input4
[    1.161207] e1000 0000:00:03.0 eth0: (PCI:33MHz:32-bit) 02:cc:50:df:d9:b9
[    1.162509] e1000 0000:00:03.0 eth0: Intel(R) PRO/1000 Network Connection
[    1.164953] mptbase: ioc0: Initiating bringup
[    1.260368] ioc0: LSI53C1030 A0: Capabilities={Initiator}
[    1.504086] scsi host2: ioc0: LSI53C1030 A0, FwRev=00000000h, Ports=1, MaxQ=256, IRQ=20
[    1.672643] scsi 2:0:0:0: Direct-Access     VBOX     HARDDISK         1.0  PQ: 0 ANSI: 5
[    1.727689] scsi target2:0:0: Beginning Domain Validation
[    1.729763] scsi target2:0:0: Domain Validation skipping write tests
[    1.731000] scsi target2:0:0: Ending Domain Validation
[    1.731979] scsi target2:0:0: asynchronous
[    1.733273] scsi 2:0:1:0: Direct-Access     VBOX     HARDDISK         1.0  PQ: 0 ANSI: 5
[    2.023862] scsi target2:0:1: Beginning Domain Validation
[    2.026144] random: fast init done
[    2.026750] scsi target2:0:1: Domain Validation skipping write tests
[    2.027692] scsi target2:0:1: Ending Domain Validation
[    2.028550] scsi target2:0:1: asynchronous
[    2.032383] random: systemd-udevd: uninitialized urandom read (16 bytes read)
[    2.033503] random: systemd-udevd: uninitialized urandom read (16 bytes read)
[    2.034551] random: systemd-udevd: uninitialized urandom read (16 bytes read)
[    2.035906] sd 2:0:0:0: [sda] 20971520 512-byte logical blocks: (10.7 GB/10.0 GiB)
[    2.037154] sd 2:0:0:0: [sda] Write Protect is off
[    2.037983] sd 2:0:0:0: [sda] Incomplete mode parameter data
[    2.038844] sd 2:0:0:0: [sda] Assuming drive cache: write through
[    2.040562] sd 2:0:0:0: Attached scsi generic sg0 type 0
[    2.041814] sd 2:0:1:0: [sdb] 20480 512-byte logical blocks: (10.5 MB/10.0 MiB)
[    2.041924] sd 2:0:1:0: Attached scsi generic sg1 type 0
[    2.043810] sd 2:0:1:0: [sdb] Write Protect is off
[    2.048151] sd 2:0:1:0: [sdb] Incomplete mode parameter data
[    2.049145] sd 2:0:1:0: [sdb] Assuming drive cache: write through
[    2.056829] e1000 0000:00:08.0 eth1: (PCI:33MHz:32-bit) 08:00:27:63:26:ff
[    2.058418] e1000 0000:00:08.0 eth1: Intel(R) PRO/1000 Network Connection
[    2.059835]  sda: sda1
[    2.060806] sd 2:0:0:0: [sda] Attached SCSI disk
[    2.062318] e1000 0000:00:03.0 enp0s3: renamed from eth0
[    2.063436] sd 2:0:1:0: [sdb] Attached SCSI disk
[    2.076633] e1000 0000:00:08.0 enp0s8: renamed from eth1
Begin: Loading essential drivers ... [    3.544050] raid6: sse2x1   gen()  9635 MB/s
[    3.592037] raid6: sse2x1   xor()  6951 MB/s
[    3.640037] raid6: sse2x2   gen() 11366 MB/s
[    3.688039] raid6: sse2x2   xor()  7699 MB/s
[    3.736027] raid6: sse2x4   gen() 13645 MB/s
[    3.784048] raid6: sse2x4   xor()  9040 MB/s
[    3.784798] raid6: using algorithm sse2x4 gen() 13645 MB/s
[    3.785589] raid6: .... xor() 9040 MB/s, rmw enabled
[    3.786337] raid6: using ssse3x2 recovery algorithm
[    3.789087] xor: automatically using best checksumming function   avx       
[    3.791139] async_tx: api initialized (async)
done.
Begin: Running /scripts/init-premount ... done.
Begin: Mounting root file system ... Begin: Running /scripts/local-top ... done.
Begin: Running /scripts/local-premount ... [    3.836263] Btrfs loaded, crc32c=crc32c-intel
Scanning for Btrfs filesystems
done.
Warning: fsck not present, so skipping root file system
[    3.902445] EXT4-fs (sda1): mounted filesystem with ordered data mode. Opts: (null)
done.
Begin: Running /scripts/local-bottom ... done.
Begin: Running /scripts/init-bottom ... done.
[    5.200535] ip_tables: (C) 2000-2006 Netfilter Core Team
[    5.310052] systemd[1]: systemd 237 running in system mode. (+PAM +AUDIT +SELINUX +IMA +APPARMOR +SMACK +SYSVINIT +UTMP +LIBCRYPTSETUP +GCRYPT +GNUTLS +ACL +XZ +LZ4 +SECCOMP +BLKID +ELFUTILS +KMOD -IDN2 +IDN -PCRE2 default-hierarchy=hybrid)
[    5.314986] systemd[1]: Detected virtualization oracle.
[    5.316255] systemd[1]: Detected architecture x86-64.

Welcome to [1mUbuntu 18.04.3 LTS[0m!

[    5.376175] systemd[1]: Set hostname to <ubuntu>.
[    5.407534] systemd[1]: Initializing machine ID from random generator.
[    5.409107] systemd[1]: Installed transient /etc/machine-id file.
[    6.820233] random: crng init done
[    6.821226] random: 7 urandom warning(s) missed due to ratelimiting
[    7.910559] systemd[1]: Created slice System Slice.
[[0;32m  OK  [0m] Created slice System Slice.
[    7.912929] systemd[1]: Listening on Journal Socket (/dev/log).
[[0;32m  OK  [0m] Listening on Journal Socket (/dev/log).
[    7.915353] systemd[1]: Listening on Journal Audit Socket.
[[0;32m  OK  [0m] Listening on Journal Audit Socket.
[    7.917603] systemd[1]: Listening on Device-mapper event daemon FIFOs.
[[0;32m  OK  [0m] Listening on Device-mapper event daemon FIFOs.
[[0;32m  OK  [0m] Created slice system-serial\x2dgetty.slice.
[[0;32m  OK  [0m] Reached target User and Group Name Lookups.
[[0;32m  OK  [0m] Listening on Journal Socket.
         Starting Create list of required st…ce nodes for the current kernel...
         Mounting Kernel Debug File System...
         Starting Remount Root and Kernel File Systems...
[[0;32m  OK  [0m] Reached target System Time Synchronized.
[[0;32m  OK  [0m] Created slice User and Session Slice.
[[0;32m  OK  [0m] Reached target Slices.
[[0;32m  OK  [0m] Listening on LVM2 metadata daemon socket.
         Starting Monitoring of LVM2 mirrors…ng dmeventd or progress polling...
[[0;32m  OK  [0m] Started Forward Password Requests to Wall Directory Watch.
         Mounting Huge Pages File System...
[[0;32m  OK  [0m] Listening on Network Service Netlink Socket.
[[0;32m  OK  [0m] Reached target Swap.
[[0;32m  OK  [0m] Listening on udev Control Socket.
[[0;32m  OK  [0m] Set up automount Arbitrary Executab…rmats File System Automount Point.
         Starting Uncomplicated firewall...
[[0;32m  OK  [0m] Listening on LVM2 poll daemon socket.
[[0;32m  OK  [0m] Listening on udev Kernel Socket.
         Starting udev Coldplug all Devices...
         Mounting POSIX Message Queue File System...
[[0;32m  OK  [0m] Listening on Syslog Socket.
         Starting Journal Service...
[    8.215980] EXT4-fs (sda1): re-mounted. Opts: (null)
         Starting Load Kernel Modules...
         Starting Set the console keyboard layout...
[[0;32m  OK  [0m] Listening on /dev/initctl Compatibility Named Pipe.
[[0;32m  OK  [0m] Started Create list of required sta…vice nodes for the current kernel.
[[0;32m  OK  [0m] Mounted Kernel Debug File System.
[[0;32m  OK  [0m] Started Remount Root and Kernel File Systems.
[[0;32m  OK  [0m] Mounted Huge Pages File System.
[[0;32m  OK  [0m] Started Uncomplicated firewall.
[[0;32m  OK  [0m] Mounted POSIX Message Queue File System.
         Starting Load/Save Random Seed...
         Starting Create Static Device Nodes in /dev...
[[0;32m  OK  [0m] Started udev Coldplug all Devices.
[[0;32m  OK  [0m] Started Journal Service.
         Starting Flush Journal to Persistent Storage...
[    8.391749] Loading iSCSI transport class v2.0-870.
[[0;32m  OK  [0m] Started Load/Save Random Seed.
[    8.577396] systemd-journald[402]: Received request to flush runtime journal from PID 1
[    8.669874] iscsi: registered transport (tcp)
[[0;32m  OK  [0m] Started LVM2 metadata daemon.
[    8.946489] iscsi: registered transport (iser)
[[0;32m  OK  [0m] Started Load Kernel Modules.
         Starting Apply Kernel Variables...
         Mounting FUSE Control File System...
         Mounting Kernel Configuration File System...
[[0;32m  OK  [0m] Mounted FUSE Control File System.
[[0;32m  OK  [0m] Mounted Kernel Configuration File System.
[[0;32m  OK  [0m] Started Flush Journal to Persistent Storage.
[[0;32m  OK  [0m] Started Create Static Device Nodes in /dev.
         Starting udev Kernel Device Manager...
[[0;32m  OK  [0m] Started Monitoring of LVM2 mirrors,…sing dmeventd or progress polling.
[[0;32m  OK  [0m] Started Apply Kernel Variables.
[[0;32m  OK  [0m] Started udev Kernel Device Manager.
[[0;32m  OK  [0m] Found device /dev/ttyS0.
[[0;32m  OK  [0m] Listening on Load/Save RF Kill Switch Status /dev/rfkill Watch.
[[0;32m  OK  [0m] Started Set the console keyboard layout.
[[0;32m  OK  [0m] Reached target Local File Systems (Pre).
[[0;32m  OK  [0m] Reached target Local File Systems.
         Starting AppArmor initialization...
         Starting Commit a transient machine-id on disk...
         Starting Set console font and keymap...
         Starting Tell Plymouth To Write Out Runtime Data...
         Starting Create Volatile Files and Directories...
         Starting ebtables ruleset management...
[[0;32m  OK  [0m] Started Dispatch Password Requests to Console Directory Watch.
[[0;32m  OK  [0m] Reached target Local Encrypted Volumes.
[[0;32m  OK  [0m] Started Set console font and keymap.
[[0;32m  OK  [0m] Started Tell Plymouth To Write Out Runtime Data.
[[0;32m  OK  [0m] Started Create Volatile Files and Directories.
         Starting Update UTMP about System Boot/Shutdown...
[[0;32m  OK  [0m] Started Update UTMP about System Boot/Shutdown.
[[0;32m  OK  [0m] Started Commit a transient machine-id on disk.
[[0;32m  OK  [0m] Started ebtables ruleset management.
[[0;32m  OK  [0m] Started AppArmor initialization.
         Starting Initial cloud-init job (pre-networking)...
[   18.294411] cloud-init[698]: Cloud-init v. 19.1-1-gbaa47854-0ubuntu1~18.04.1 running 'init-local' at Tue, 29 Oct 2019 18:47:00 +0000. Up 17.21 seconds.
[[0;32m  OK  [0m] Started Initial cloud-init job (pre-networking).
[[0;32m  OK  [0m] Reached target Network (Pre).
         Starting Network Service...
[[0;32m  OK  [0m] Started Network Service.
         Starting Network Name Resolution...
         Starting Wait for Network to be Configured...
[[0;32m  OK  [0m] Started Network Name Resolution.
[[0;32m  OK  [0m] Reached target Network.
[[0;32m  OK  [0m] Reached target Host and Network Name Lookups.
[[0;32m  OK  [0m] Started Wait for Network to be Configured.
         Starting Initial cloud-init job (metadata service crawler)...
[   20.844234] cloud-init[820]: Cloud-init v. 19.1-1-gbaa47854-0ubuntu1~18.04.1 running 'init' at Tue, 29 Oct 2019 18:47:03 +0000. Up 20.66 seconds.
[   20.856251] cloud-init[820]: ci-info: ++++++++++++++++++++++++++++++++++++++Net device info+++++++++++++++++++++++++++++++++++++++
[   20.857555] cloud-init[820]: ci-info: +--------+-------+----------------------------+---------------+--------+-------------------+
[   20.858835] cloud-init[820]: ci-info: | Device |   Up  |          Address           |      Mask     | Scope  |     Hw-Address    |
[   20.860125] cloud-init[820]: ci-info: +--------+-------+----------------------------+---------------+--------+-------------------+
[   20.861498] cloud-init[820]: ci-info: | enp0s3 |  True |         10.0.2.15          | 255.255.255.0 | global | 02:cc:50:df:d9:b9 |
[   20.872191] cloud-init[820]: ci-info: | enp0s3 |  True | fe80::cc:50ff:fedf:d9b9/64 |       .       |  link  | 02:cc:50:df:d9:b9 |
[   20.884188] cloud-init[820]: ci-info: | enp0s8 | False |             .              |       .       |   .    | 08:00:27:63:26:ff |
[   20.885455] cloud-init[820]: ci-info: |   lo   |  True |         127.0.0.1          |   255.0.0.0   |  host  |         .         |
[   20.886751] cloud-init[820]: ci-info: |   lo   |  True |          ::1/128           |       .       |  host  |         .         |
[   20.888109] cloud-init[820]: ci-info: +--------+-------+----------------------------+---------------+--------+-------------------+
[   20.889480] cloud-init[820]: ci-info: ++++++++++++++++++++++++++++Route IPv4 info+++++++++++++++++++++++++++++
[   20.890757] cloud-init[820]: ci-info: +-------+-------------+----------+-----------------+-----------+-------+
[   20.891944] cloud-init[820]: ci-info: | Route | Destination | Gateway  |     Genmask     | Interface | Flags |
[   20.893917] cloud-init[820]: ci-info: +-------+-------------+----------+-----------------+-----------+-------+
[   20.895218] cloud-init[820]: ci-info: |   0   |   0.0.0.0   | 10.0.2.2 |     0.0.0.0     |   enp0s3  |   UG  |
[   20.896376] cloud-init[820]: ci-info: |   1   |   10.0.2.0  | 0.0.0.0  |  255.255.255.0  |   enp0s3  |   U   |
[   20.897505] cloud-init[820]: ci-info: |   2   |   10.0.2.2  | 0.0.0.0  | 255.255.255.255 |   enp0s3  |   UH  |
[   20.904175] cloud-init[820]: ci-info: +-------+-------------+----------+-----------------+-----------+-------+
[   20.905301] cloud-init[820]: ci-info: +++++++++++++++++++Route IPv6 info+++++++++++++++++++
[   20.906229] cloud-init[820]: ci-info: +-------+-------------+---------+-----------+-------+
[   20.907175] cloud-init[820]: ci-info: | Route | Destination | Gateway | Interface | Flags |
[   20.908149] cloud-init[820]: ci-info: +-------+-------------+---------+-----------+-------+
[   20.920249] cloud-init[820]: ci-info: |   1   |  fe80::/64  |    ::   |   enp0s3  |   U   |
[   20.921371] cloud-init[820]: ci-info: |   3   |    local    |    ::   |   enp0s3  |   U   |
[   20.922068] cloud-init[820]: ci-info: |   4   |   ff00::/8  |    ::   |   enp0s3  |   U   |
[   20.922835] cloud-init[820]: ci-info: +-------+-------------+---------+-----------+-------+
[   22.757869] cloud-init[820]: Generating public/private rsa key pair.
[   22.758876] cloud-init[820]: Your identification has been saved in /etc/ssh/ssh_host_rsa_key.
[   22.759867] cloud-init[820]: Your public key has been saved in /etc/ssh/ssh_host_rsa_key.pub.
[   22.760818] cloud-init[820]: The key fingerprint is:
[   22.761440] cloud-init[820]: SHA256:7P8iKgOyBuI6A+YoU5Y6k2HLMpRtrPIftgiVyNAVn+g root@ubuntu-bionic
[   22.762451] cloud-init[820]: The key's randomart image is:
[   22.763114] cloud-init[820]: +---[RSA 2048]----+
[   22.763791] cloud-init[820]: |    o.           |
[   22.784419] cloud-init[820]: | . . o .         |
[   22.784944] cloud-init[820]: |. . . o          |
[   22.785440] cloud-init[820]: |o. o   .         |
[   22.803894] cloud-init[820]: |..*.E   S        |
[   22.804510] cloud-init[820]: |**=+   .         |
[   22.805092] cloud-init[820]: |&O+.o   .        |
[   22.805542] cloud-init[820]: |/O ooo  ...      |
[   22.806086] cloud-init[820]: |BOo.oo.. ..o.    |
[   22.806670] cloud-init[820]: +----[SHA256]-----+
[   22.807158] cloud-init[820]: Generating public/private dsa key pair.
[[0;32m  OK  [0m[   22.820233] cloud-init[820]: Your identification has been saved in /etc/ssh/ssh_host_dsa_key.
[   22.820486] cloud-init[820]: Your public key has been saved in /etc/ssh/ssh_host_dsa_key.pub.
[   22.820880] cloud-init[820]: The key fingerprint is:
[   22.821087] cloud-init[820]: SHA256:ygDbHx6bLa9611NH5WyxRN9h/hTZIuAzirYGdlRgc0A root@ubuntu-bionic
[   22.821437] cloud-init[820]: The key's randomart image is:] 
Started Initial cloud-init job (metadata service crawler).
[   22.821565] cloud-init[820]: +---[DSA 1024]----+
[   22.824372] cloud-init[820]: |     .Eoo ..  .=o|
[   22.824879] cloud-init[820]: |     . + .  . ++B|
[[   22.825552] cloud-init[820]: |  .   .   +  ..**|
[   22.825677] cloud-init[820]: |   + . . . o  .o=|
[   22.826079] cloud-init[820]: |  . = * S    . ..|
[   22.826481] cloud-init[820]: |   . O O    . .  |
[   22.826906] cloud-init[820]: |      @ .. . .   |
[   22.827306] cloud-init[820]: |     ..o. o      |
[   22.827744] cloud-init[820]: |    .o.o.  .     |
[   22.828275] cloud-init[820]: +----[SHA256]-----+
[   22.828373] cloud-init[820]: Generating public/private ecdsa key pair.
[   22.828819] cloud-init[820]: Your identification has been saved in /etc/ssh/ssh_host_ecdsa_key.
[   22.829209] cloud-init[820]: Your public key has been saved in /etc/ssh/ssh_host_ecdsa_key.pub.
[   22.829625] cloud-init[820]: The key fingerprint is:
[0;32m  OK  [0m] Reached target Network is Online.
[   22.829706] cloud-init[820]: SHA256:ELslDROAz/Dg/3Rxzj75lqrhAKIjXEJLdEi7LkjaINg root@ubuntu-bionic
[   22.832961] cloud-init[820]: The key's randomart image is:
[   22.844179] cloud-init[820]: +---[ECDSA 256]---+
[   22.844808] cloud-init[820]: |.o.o..=.         |
[   22.845431] cloud-init[820]: |..*    *         |
[   22.846056] cloud-init[820]: | = *  + o        |
[   22.846635] cloud-init[820]: |+.+ +  =. .      |
[   22.847199] cloud-init[820]: |+=Eo. . S=       |
[   22.847827] cloud-init[820]: |B+o.... . o      |
[   22.848430] cloud-init[820]: |Bo.  o.... . .   |
[   22.849022] cloud-init[820]: |o.    .o .+ o    |
[   22.849760] cloud-init[820]: |        o..=.    |
[   22.850347] cloud-init[820]: +----[SHA256]-----+
[   22.850916] cloud-init[820]: Generating public/private ed25519 key pair.
[   22.851720] cloud-init[820]: Your identification has been saved in /etc/ssh/ssh_host_ed25519_key.
[   22.852767] cloud-init[820]: Your public key has been saved in /etc/ssh/ssh_host_ed25519_key.pub.
[   22.853712] cloud-init[820]: The key fingerprint is:
[   22.854310] cloud-init[820]: SHA256:EbSyT6tBAufj42CIDz+ZEkF3/J3QSxJG2AGKN+bn2ss root@ubuntu-bionic
[   22.855327] cloud-init[820]: The key's randomart image is:
[   22.855979] cloud-init[820]: +--[ED25519 256]--+
[   22.856558] cloud-init[820]: |    ..=**        |
         Starting Availability of block devices...
[[0;32m  OK  [0m] Reached target Remote File Systems (Pre).
[   22.861164] cloud-init[820]: | ....+.+ =       |
[[0;32m  OK  [0m[   22.880336] cloud-init[820]: |..o=o o B o      |
[   22.880571] cloud-init[820]: |. ++.  + =       |
[   22.881009] cloud-init[820]: | . .+.o S        |
[   22.881401] cloud-init[820]: |o. .o+ o .       |
[   22.881724] cloud-init[820]: |+.ooo.. o        |
[   22.882127] cloud-init[820]: |.=+o+. o         |
[   22.882574] cloud-init[820]: | .oo.Eo          |
] Reached target Remote File Systems.
[   22.882663] cloud-init[820]: +----[SHA256]-----+
[[0;32m  OK  [0m] Reached target System Initialization.
         Starting Socket activation for snappy daemon.
[[0;32m  OK  [0m] Listening on Open-iSCSI iscsid Socket.
[[0;32m  OK  [0m] Listening on UUID daemon activation socket.
         Starting LXD - unix socket.
[[0;32m  OK  [0m] Started Daily apt download activities.
[[0;32m  OK  [0m] Started Message of the Day.
[[0;32m  OK  [0m] Started ACPI Events Check.
[[0;32m  OK  [0m] Started Daily apt upgrade and clean activities.
[[0;32m  OK  [0m] Reached target Paths.
[[0;32m  OK  [0m] Listening on ACPID Listen Socket.
[[0;32m  OK  [0m] Started Daily Cleanup of Temporary Directories.
[[0;32m  OK  [0m] Started Discard unused blocks once a week.
[[0;32m  OK  [0m] Reached target Timers.
[[0;32m  OK  [0m] Listening on D-Bus System Message Bus Socket.
[[0;32m  OK  [0m] Reached target Cloud-config availability.
[[0;32m  OK  [0m] Started Availability of block devices.
[[0;32m  OK  [0m] Listening on Socket activation for snappy daemon.
[[0;32m  OK  [0m] Listening on LXD - unix socket.
[[0;32m  OK  [0m] Reached target Sockets.
[[0;32m  OK  [0m] Reached target Basic System.
         Starting System Logging Service...
         Starting Dispatcher daemon for systemd-networkd...
[[0;32m  OK  [0m] Started D-Bus System Message Bus.
         Starting Login Service...
[[0;32m  OK  [0m] Started FUSE filesystem for LXC.
         Starting LXD - container startup/shutdown...
         Starting Permit User Sessions...
[[0;32m  OK  [0m] Started Regular background program processing daemon.
         Starting Accounts Service...
[[0;32m  OK  [0m] Started Deferred execution scheduler.
         Starting LSB: Record successful boot for GRUB...
         Starting Virtualbox guest utils...
         Starting LSB: automatic crash report generation...
[[0;32m  OK  [0m] Started irqbalance daemon.
         Starting Pollinate to seed the pseudo random number generator...
         Starting Snappy daemon...
[[0;32m  OK  [0m] Started System Logging Service.
[[0;32m  OK  [0m] Started Permit User Sessions.
[[0;32m  OK  [0m] Started Login Service.
[[0;32m  OK  [0m] Started Unattended Upgrades Shutdown.
         Starting Terminate Plymouth Boot Screen...
         Starting Hold until boot process finishes up...
[[0;32m  OK  [0m] Started Hold until boot process finishes up.
         Starting Set console scheme...
[[0;32m  OK  [0m] Started Serial Getty on ttyS0.
[[0;32m  OK  [0m] Started Terminate Plymouth Boot Screen.
[[0;32m  OK  [0m] Started Set console scheme.
[[0;32m  OK  [0m] Created slice system-getty.slice.
[[0;32m  OK  [0m] Started Getty on tty1.
[[0;32m  OK  [0m] Reached target Login Prompts.
[[0;32m  OK  [0m] Started LSB: automatic crash report generation.
[[0;32m  OK  [0m] Started LSB: Record successful boot for GRUB.
         Starting Authorization Manager...
[[0;32m  OK  [0m] Started Authorization Manager.
[[0;32m  OK  [0m] Started Accounts Service.
[[0;32m  OK  [0m] Started Virtualbox guest utils.
[[0;32m  OK  [0m] Started Dispatcher daemon for systemd-networkd.
[[0;32m  OK  [0m] Started LXD - container startup/shutdown.
[[0;32m  OK  [0m] Started Pollinate to seed the pseudo random number generator.
         Starting OpenBSD Secure Shell server...
[[0;32m  OK  [0m] Started OpenBSD Secure Shell server.
[[0;32m  OK  [0m] Started Snappy daemon.
         Starting Wait until snapd is fully seeded...

Ubuntu 18.04.3 LTS ubuntu-bionic ttyS0

ubuntu-bionic login: [   40.149723] cloud-init[1943]: Cloud-init v. 19.1-1-gbaa47854-0ubuntu1~18.04.1 running 'modules:config' at Tue, 29 Oct 2019 18:47:21 +0000. Up 38.96 seconds.
ci-info: no authorized ssh keys fingerprints found for user ubuntu.
<14>Oct 29 18:47:23 ec2: 
<14>Oct 29 18:47:23 ec2: #############################################################
<14>Oct 29 18:47:23 ec2: -----BEGIN SSH HOST KEY FINGERPRINTS-----
<14>Oct 29 18:47:23 ec2: 1024 SHA256:ygDbHx6bLa9611NH5WyxRN9h/hTZIuAzirYGdlRgc0A root@ubuntu-bionic (DSA)
<14>Oct 29 18:47:23 ec2: 256 SHA256:ELslDROAz/Dg/3Rxzj75lqrhAKIjXEJLdEi7LkjaINg root@ubuntu-bionic (ECDSA)
<14>Oct 29 18:47:23 ec2: 256 SHA256:EbSyT6tBAufj42CIDz+ZEkF3/J3QSxJG2AGKN+bn2ss root@ubuntu-bionic (ED25519)
<14>Oct 29 18:47:23 ec2: 2048 SHA256:7P8iKgOyBuI6A+YoU5Y6k2HLMpRtrPIftgiVyNAVn+g root@ubuntu-bionic (RSA)
<14>Oct 29 18:47:23 ec2: -----END SSH HOST KEY FINGERPRINTS-----
<14>Oct 29 18:47:23 ec2: #############################################################
-----BEGIN SSH HOST KEY KEYS-----
ecdsa-sha2-nistp256 AAAAE2VjZHNhLXNoYTItbmlzdHAyNTYAAAAIbmlzdHAyNTYAAABBBEIHWT6no7qvGzQR1oBbqY2/OOoK7psfyKaVJ5oJ8hbf/TolMB5L0mX1fkXCzNXNJ4uQR5knD2uLi+4GGk1Kbc8= root@ubuntu-bionic
ssh-ed25519 AAAAC3NzaC1lZDI1NTE5AAAAINugHcWNZCgts1Mw1rGUzkcqKsW1wpCpcWdUbTvkli0y root@ubuntu-bionic
ssh-rsa AAAAB3NzaC1yc2EAAAADAQABAAABAQC+JeyUA9MT00TIH9EpL4AutsI9Vf70jvyrTZHUyOTjQqp5h7qJqfWDKHxAXwj/SBaBEbcepy0/yITIVZx/n9N6flvO3DH0C6r2c5zZe8TD7mDQ6Flb7Ms3gGWUMwQSzm1APVbiMLjTkVccQhEbmeSxHJ+aqFynpE1MKRqitSUZd9OcMLruZ6DQmdMitXJMye4AVf7JUvYk5M11oJj0NByYax+EmdHFVvNV7d5GJ8ALk6y1P0vF8n61GHhCyQePFX0CuoAcZ1oMfxiuMJm6D35k3ym64k1fPADkkUp70gUMrJoQKgIC/d/woWY2a0cN/3fdXJ0C6pDRcr4hbvK24/+H root@ubuntu-bionic
-----END SSH HOST KEY KEYS-----
[   40.782758] cloud-init[2107]: Cloud-init v. 19.1-1-gbaa47854-0ubuntu1~18.04.1 running 'modules:final' at Tue, 29 Oct 2019 18:47:23 +0000. Up 40.60 seconds.
[   40.783348] cloud-init[2107]: ci-info: no authorized ssh keys fingerprints found for user ubuntu.
[   40.783859] cloud-init[2107]: Cloud-init v. 19.1-1-gbaa47854-0ubuntu1~18.04.1 finished at Tue, 29 Oct 2019 18:47:23 +0000. Datasource DataSourceNoCloud [seed=/dev/sdb][dsmode=net].  Up 40.77 seconds
[[0;32m  OK  [0m] Stopped target Timers.
[[0;32m  OK  [0m] Stopped target Cloud-init target.
[[0;32m  OK  [0m] Stopped Message of the Day.
         Stopping Session 9 of user vagrant.
[[0;32m  OK  [0m] Stopped Discard unused blocks once a week.
         Stopping Availability of block devices...
[[0;32m  OK  [0m] Stopped target Graphical Interface.
         Stopping Accounts Service...
[[0;32m  OK  [0m] Stopped Daily apt upgrade and clean activities.
[[0;32m  OK  [0m] Stopped Daily apt download activities.
[[0;32m  OK  [0m] Stopped target System Time Synchronized.
[[0;32m  OK  [0m] Closed Load/Save RF Kill Switch Status /dev/rfkill Watch.
         Stopping Authorization Manager...
         Stopping User Manager for UID 1000...
[[0;32m  OK  [0m] Stopped Daily Cleanup of Temporary Directories.
[[0;32m  OK  [0m] Stopped Execute cloud user/final scripts.
[[0;32m  OK  [0m] Stopped Apply the settings specified in cloud-config.
[[0;32m  OK  [0m] Stopped target Cloud-config availability.
[[0;32m  OK  [0m] Stopped target Multi-User System.
[[0;32m  OK  [0m] Stopped target Login Prompts.
         Stopping Getty on tty1...
         Stopping Serial Getty on ttyS0...
[[0;32m  OK  [0m] Stopped Wait until snapd is fully seeded.
         Stopping irqbalance daemon...
         Stopping Dispatcher daemon for systemd-networkd...
         Stopping Unattended Upgrades Shutdown...
         Stopping Virtualbox guest utils...
         Stopping LSB: automatic crash report generation...
         Stopping FUSE filesystem for LXC...
         Stopping OpenBSD Secure Shell server...
         Stopping D-Bus System Message Bus...
         Stopping System Logging Service...
         Stopping The Apache HTTP Server...
[[0;32m  OK  [0m] Stopped target Network is Online.
         Stopping LXD - container startup/shutdown...
         Stopping Regular background program processing daemon...
         Stopping Deferred execution scheduler...
         Stopping LSB: Record successful boot for GRUB...
[[0;32m  OK  [0m] Unmounted /var/lib/lxcfs.
[[0;32m  OK  [0m] Stopped System Logging Service.
[[0;32m  OK  [0m] Stopped Dispatcher daemon for systemd-networkd.
[[0;32m  OK  [0m] Stopped Regular background program processing daemon.
[[0;32m  OK  [0m] Stopped Accounts Service.
[[0;32m  OK  [0m] Stopped Deferred execution scheduler.
[[0;32m  OK  [0m] Stopped irqbalance daemon.
[[0;32m  OK  [0m] Stopped Serial Getty on ttyS0.
[[0;32m  OK  [0m] Stopped Getty on tty1.
[[0;32m  OK  [0m] Stopped Unattended Upgrades Shutdown.
[[0;32m  OK  [0m] Stopped Authorization Manager.
[[0;32m  OK  [0m] Stopped OpenBSD Secure Shell server.
[[0;32m  OK  [0m] Stopped User Manager for UID 1000.
[[0;32m  OK  [0m] Stopped Availability of block devices.
[[0;32m  OK  [0m] Stopped D-Bus System Message Bus.
[[0;32m  OK  [0m] Stopped FUSE filesystem for LXC.
[[0;32m  OK  [0m] Stopped Session 9 of user vagrant.
[[0;32m  OK  [0m] Stopped LXD - container startup/shutdown.
[[0;32m  OK  [0m] Removed slice User Slice of vagrant.
         Stopping Login Service...
[[0;32m  OK  [0m] Removed slice system-getty.slice.
         Stopping Permit User Sessions...
[[0;32m  OK  [0m] Removed slice system-serial\x2dgetty.slice.
[[0;32m  OK  [0m] Stopped Permit User Sessions.
[[0;32m  OK  [0m] Stopped LSB: Record successful boot for GRUB.
[[0;32m  OK  [0m] Stopped Virtualbox guest utils.
[[0;32m  OK  [0m] Stopped LSB: automatic crash report generation.
[[0;32m  OK  [0m] Stopped The Apache HTTP Server.
[[0;32m  OK  [0m] Stopped target Network.
[[0;32m  OK  [0m] Stopped target Host and Network Name Lookups.
         Stopping Network Name Resolution...
[[0;32m  OK  [0m] Stopped target Remote File Systems.
[[0;32m  OK  [0m] Stopped target Remote File Systems (Pre).
[[0;32m  OK  [0m] Stopped Login Service.
[[0;32m  OK  [0m] Stopped Network Name Resolution.
         Stopping Network Service...
[[0;32m  OK  [0m] Stopped target Basic System.
[[0;32m  OK  [0m] Stopped target Paths.
[[0;32m  OK  [0m] Stopped ACPI Events Check.
[[0;32m  OK  [0m] Stopped target Slices.
[[0;32m  OK  [0m] Stopped target Sockets.
[[0;32m  OK  [0m] Closed Syslog Socket.
[[0;32m  OK  [0m] Closed ACPID Listen Socket.
[[0;32m  OK  [0m] Closed Socket activation for snappy daemon.
[[0;32m  OK  [0m] Closed D-Bus System Message Bus Socket.
[[0;32m  OK  [0m] Closed LXD - unix socket.
[[0;32m  OK  [0m] Closed Open-iSCSI iscsid Socket.
[[0;32m  OK  [0m] Closed UUID daemon activation socket.
[[0;32m  OK  [0m] Stopped target System Initialization.
[[0;32m  OK  [0m] Stopped target Local Encrypted Volumes.
[[0;32m  OK  [0m] Stopped Dispatch Password Requests to Console Directory Watch.
[[0;32m  OK  [0m] Stopped Forward Password Requests to Wall Directory Watch.
         Stopping Update UTMP about System Boot/Shutdown...
[[0;32m  OK  [0m] Stopped Initial cloud-init job (metadata service crawler).
         Stopping Load/Save Random Seed...
[[0;32m  OK  [0m] Stopped Commit a transient machine-id on disk.
[[0;32m  OK  [0m] Removed slice User and Session Slice.
[[0;32m  OK  [0m] Stopped target User and Group Name Lookups.
[[0;32m  OK  [0m] Stopped Network Service.
[[0;32m  OK  [0m] Stopped Load/Save Random Seed.
[[0;32m  OK  [0m] Stopped Apply Kernel Variables.
[[0;32m  OK  [0m] Stopped Load Kernel Modules.
[[0;32m  OK  [0m] Stopped target Network (Pre).
[[0;32m  OK  [0m] Stopped Initial cloud-init job (pre-networking).
[[0;32m  OK  [0m] Stopped Update UTMP about System Boot/Shutdown.
[[0;32m  OK  [0m] Stopped Create Volatile Files and Directories.
[[0;32m  OK  [0m] Stopped target Local File Systems.
         Unmounting /run/user/1000...
         Unmounting /vagrant_data...
[[0;32m  OK  [0m] Unmounted /vagrant_data.
[[0;32m  OK  [0m] Unmounted /run/user/1000.
[[0;32m  OK  [0m] Stopped target Swap.
[[0;32m  OK  [0m] Reached target Unmount All Filesystems.
[[0;32m  OK  [0m] Stopped target Local File Systems (Pre).
[[0;32m  OK  [0m] Stopped Create Static Device Nodes in /dev.
[[0;32m  OK  [0m] Stopped Remount Root and Kernel File Systems.
[[0;32m  OK  [0m] Reached target Shutdown.
[[0;32m  OK  [0m] Reached target Final Step.
         Starting Power-Off...
         Stopping Monitoring of LVM2 mirrors…ng dmeventd or progress polling...
[  328.692978] reboot: Power down
