Started by user Albert
Running in Durability level: MAX_SURVIVABILITY
[Pipeline] Start of Pipeline
[Pipeline] node
Running on Jenkins in /var/lib/jenkins/workspace/docker-logistics/docker-logistics
[Pipeline] {
[Pipeline] withEnv
[Pipeline] {
[Pipeline] stage
[Pipeline] { (Cloning Git)
[Pipeline] git
No credentials specified
 > git rev-parse --is-inside-work-tree # timeout=10
Fetching changes from the remote Git repository
 > git config remote.origin.url https://github.com/RPMFAN/docker_l1.git # timeout=10
Fetching upstream changes from https://github.com/RPMFAN/docker_l1.git
 > git --version # timeout=10
 > git fetch --tags --progress https://github.com/RPMFAN/docker_l1.git +refs/heads/*:refs/remotes/origin/*
 > git rev-parse refs/remotes/origin/master^{commit} # timeout=10
 > git rev-parse refs/remotes/origin/origin/master^{commit} # timeout=10
Checking out Revision da1dd881c91a634121cba118ccf279953e8c6c48 (refs/remotes/origin/master)
 > git config core.sparsecheckout # timeout=10
 > git checkout -f da1dd881c91a634121cba118ccf279953e8c6c48
 > git branch -a -v --no-abbrev # timeout=10
 > git branch -D master # timeout=10
 > git checkout -b master da1dd881c91a634121cba118ccf279953e8c6c48
Commit message: "Update api.py"
First time build. Skipping changelog.
[Pipeline] }
[Pipeline] // stage
[Pipeline] stage
[Pipeline] { (Building image)
[Pipeline] script
[Pipeline] {
[Pipeline] sh
+ docker build -t rpmfan/dockerl12:1 .
Sending build context to Docker daemon  76.29kB

Step 1/5 : FROM rpmfan/sa:1.3
 ---> f9fd31817a92
Step 2/5 : MAINTAINER albert
 ---> Using cache
 ---> 52ce36599b1a
Step 3/5 : COPY . /usr/src/app
 ---> d5ce7e16947f
Step 4/5 : WORKDIR /usr/src/app
 ---> Running in 541b1b2b923b
Removing intermediate container 541b1b2b923b
 ---> 32b20c3ea7c5
Step 5/5 : CMD ["python", "api.py"]
 ---> Running in bdf57a6c4e73
Removing intermediate container bdf57a6c4e73
 ---> 3740ce48ece0
Successfully built 3740ce48ece0
Successfully tagged rpmfan/dockerl12:1
[Pipeline] dockerFingerprintFrom
[Pipeline] }
[Pipeline] // script
[Pipeline] }
[Pipeline] // stage
[Pipeline] stage
[Pipeline] { (Deploy Image)
[Pipeline] script
[Pipeline] {
[Pipeline] withEnv
[Pipeline] {
[Pipeline] withDockerRegistry
$ docker login -u rpmfan -p ******** https://index.docker.io/v1/
WARNING! Using --password via the CLI is insecure. Use --password-stdin.
WARNING! Your password will be stored unencrypted in /var/lib/jenkins/workspace/docker-logistics/docker-logistics@tmp/39930e85-cccb-4485-bbf6-00cf05e0fbd3/config.json.
Configure a credential helper to remove this warning. See
https://docs.docker.com/engine/reference/commandline/login/#credentials-store

Login Succeeded
[Pipeline] {
[Pipeline] sh
+ docker tag rpmfan/dockerl12:1 rpmfan/dockerl12:1
[Pipeline] sh
+ docker push rpmfan/dockerl12:1
The push refers to repository [docker.io/rpmfan/dockerl12]
44e8bb2bc593: Preparing
4838bfa70625: Preparing
4838bfa70625: Preparing
b9a69a84aa1d: Preparing
ba6408d7030d: Preparing
29778035860f: Preparing
fc88d2431f4d: Preparing
1dc1b82fa010: Preparing
09e3fd9cf357: Preparing
138d1921c15b: Preparing
d714f65bc280: Preparing
fd6060e25706: Preparing
d7ed640784f1: Preparing
1618a71a1198: Preparing
fc88d2431f4d: Waiting
1dc1b82fa010: Waiting
09e3fd9cf357: Waiting
138d1921c15b: Waiting
d714f65bc280: Waiting
fd6060e25706: Waiting
d7ed640784f1: Waiting
1618a71a1198: Waiting
4838bfa70625: Layer already exists
ba6408d7030d: Layer already exists
29778035860f: Layer already exists
b9a69a84aa1d: Layer already exists
1dc1b82fa010: Layer already exists
fc88d2431f4d: Layer already exists
09e3fd9cf357: Layer already exists
138d1921c15b: Layer already exists
d714f65bc280: Layer already exists
fd6060e25706: Layer already exists
1618a71a1198: Layer already exists
d7ed640784f1: Layer already exists
44e8bb2bc593: Pushed
1: digest: sha256:c57cecb6dff45ee6931ba30b6b31cce1065a3d561536f43fba23ad34bfbc6938 size: 3256
[Pipeline] }
[Pipeline] // withDockerRegistry
[Pipeline] }
[Pipeline] // withEnv
[Pipeline] }
[Pipeline] // script
[Pipeline] }
[Pipeline] // stage
[Pipeline] stage
[Pipeline] { (Remove Unused docker image)
[Pipeline] sh
+ docker rmi rpmfan/dockerl12:1
Untagged: rpmfan/dockerl12:1
Untagged: rpmfan/dockerl12@sha256:c57cecb6dff45ee6931ba30b6b31cce1065a3d561536f43fba23ad34bfbc6938
Deleted: sha256:3740ce48ece0085ef80eecd726ddbc4c1f50ce42190230c3993bee25f93cca94
Deleted: sha256:32b20c3ea7c51f2982b487c7618f3264055b27ec9f7b424422f87ac27614f271
Deleted: sha256:d5ce7e16947fb1ebb3d4575e4f07b669c7d3db2d872fd35a2d0992d55ad9912c
Deleted: sha256:50bc65a5dfd93388c7f6f1e3990dab17768c3bee3ae004425b86a5ba2ddbed70
[Pipeline] }
[Pipeline] // stage
[Pipeline] }
[Pipeline] // withEnv
[Pipeline] }
[Pipeline] // node
[Pipeline] End of Pipeline
Finished: SUCCESS