[    0.000000] Linux version 4.15.0-70-generic (buildd@lgw01-amd64-055) (gcc version 7.4.0 (Ubuntu 7.4.0-1ubuntu1~18.04.1)) #79-Ubuntu SMP Tue Nov 12 10:36:11 UTC 2019 (Ubuntu 4.15.0-70.79-generic 4.15.18)
[    0.000000] Command line: BOOT_IMAGE=/boot/vmlinuz-4.15.0-70-generic root=LABEL=cloudimg-rootfs ro console=tty1 console=ttyS0
[    0.000000] KERNEL supported cpus:
[    0.000000]   Intel GenuineIntel
[    0.000000]   AMD AuthenticAMD
[    0.000000]   Centaur CentaurHauls
[    0.000000] x86/fpu: Supporting XSAVE feature 0x001: 'x87 floating point registers'
[    0.000000] x86/fpu: Supporting XSAVE feature 0x002: 'SSE registers'
[    0.000000] x86/fpu: Supporting XSAVE feature 0x004: 'AVX registers'
[    0.000000] x86/fpu: xstate_offset[2]:  576, xstate_sizes[2]:  256
[    0.000000] x86/fpu: Enabled xstate features 0x7, context size is 832 bytes, using 'standard' format.
[    0.000000] e820: BIOS-provided physical RAM map:
[    0.000000] BIOS-e820: [mem 0x0000000000000000-0x000000000009fbff] usable
[    0.000000] BIOS-e820: [mem 0x000000000009fc00-0x000000000009ffff] reserved
[    0.000000] BIOS-e820: [mem 0x00000000000f0000-0x00000000000fffff] reserved
[    0.000000] BIOS-e820: [mem 0x0000000000100000-0x000000001ffeffff] usable
[    0.000000] BIOS-e820: [mem 0x000000001fff0000-0x000000001fffffff] ACPI data
[    0.000000] BIOS-e820: [mem 0x00000000fec00000-0x00000000fec00fff] reserved
[    0.000000] BIOS-e820: [mem 0x00000000fee00000-0x00000000fee00fff] reserved
[    0.000000] BIOS-e820: [mem 0x00000000fffc0000-0x00000000ffffffff] reserved
[    0.000000] NX (Execute Disable) protection: active
[    0.000000] SMBIOS 2.5 present.
[    0.000000] DMI: innotek GmbH VirtualBox/VirtualBox, BIOS VirtualBox 12/01/2006
[    0.000000] Hypervisor detected: KVM
[    0.000000] e820: last_pfn = 0x1fff0 max_arch_pfn = 0x400000000
[    0.000000] MTRR: Disabled
[    0.000000] x86/PAT: MTRRs disabled, skipping PAT initialization too.
[    0.000000] CPU MTRRs all blank - virtualized system.
[    0.000000] x86/PAT: Configuration [0-7]: WB  WT  UC- UC  WB  WT  UC- UC  
[    0.000000] found SMP MP-table at [mem 0x0009fff0-0x0009ffff]
[    0.000000] Scanning 1 areas for low memory corruption
[    0.000000] RAMDISK: [mem 0x1db7e000-0x1eeb4fff]
[    0.000000] ACPI: Early table checksum verification disabled
[    0.000000] ACPI: RSDP 0x00000000000E0000 000024 (v02 VBOX  )
[    0.000000] ACPI: XSDT 0x000000001FFF0030 00003C (v01 VBOX   VBOXXSDT 00000001 ASL  00000061)
[    0.000000] ACPI: FACP 0x000000001FFF00F0 0000F4 (v04 VBOX   VBOXFACP 00000001 ASL  00000061)
[    0.000000] ACPI: DSDT 0x000000001FFF0470 0022EA (v02 VBOX   VBOXBIOS 00000002 INTL 20100528)
[    0.000000] ACPI: FACS 0x000000001FFF0200 000040
[    0.000000] ACPI: FACS 0x000000001FFF0200 000040
[    0.000000] ACPI: APIC 0x000000001FFF0240 00005C (v02 VBOX   VBOXAPIC 00000001 ASL  00000061)
[    0.000000] ACPI: SSDT 0x000000001FFF02A0 0001CC (v01 VBOX   VBOXCPUT 00000002 INTL 20100528)
[    0.000000] No NUMA configuration found
[    0.000000] Faking a node at [mem 0x0000000000000000-0x000000001ffeffff]
[    0.000000] NODE_DATA(0) allocated [mem 0x1ffc5000-0x1ffeffff]
[    0.000000] kvm-clock: cpu 0, msr 0:1ff44001, primary cpu clock
[    0.000000] kvm-clock: Using msrs 4b564d01 and 4b564d00
[    0.000000] kvm-clock: using sched offset of 3710864353 cycles
[    0.000000] clocksource: kvm-clock: mask: 0xffffffffffffffff max_cycles: 0x1cd42e4dffb, max_idle_ns: 881590591483 ns
[    0.000000] Zone ranges:
[    0.000000]   DMA      [mem 0x0000000000001000-0x0000000000ffffff]
[    0.000000]   DMA32    [mem 0x0000000001000000-0x000000001ffeffff]
[    0.000000]   Normal   empty
[    0.000000]   Device   empty
[    0.000000] Movable zone start for each node
[    0.000000] Early memory node ranges
[    0.000000]   node   0: [mem 0x0000000000001000-0x000000000009efff]
[    0.000000]   node   0: [mem 0x0000000000100000-0x000000001ffeffff]
[    0.000000] Reserved but unavailable: 98 pages
[    0.000000] Initmem setup node 0 [mem 0x0000000000001000-0x000000001ffeffff]
[    0.000000] ACPI: PM-Timer IO Port: 0x4008
[    0.000000] IOAPIC[0]: apic_id 2, version 32, address 0xfec00000, GSI 0-23
[    0.000000] ACPI: INT_SRC_OVR (bus 0 bus_irq 0 global_irq 2 dfl dfl)
[    0.000000] ACPI: INT_SRC_OVR (bus 0 bus_irq 9 global_irq 9 low level)
[    0.000000] Using ACPI (MADT) for SMP configuration information
[    0.000000] smpboot: Allowing 2 CPUs, 0 hotplug CPUs
[    0.000000] PM: Registered nosave memory: [mem 0x00000000-0x00000fff]
[    0.000000] PM: Registered nosave memory: [mem 0x0009f000-0x0009ffff]
[    0.000000] PM: Registered nosave memory: [mem 0x000a0000-0x000effff]
[    0.000000] PM: Registered nosave memory: [mem 0x000f0000-0x000fffff]
[    0.000000] e820: [mem 0x20000000-0xfebfffff] available for PCI devices
[    0.000000] Booting paravirtualized kernel on KVM
[    0.000000] clocksource: refined-jiffies: mask: 0xffffffff max_cycles: 0xffffffff, max_idle_ns: 7645519600211568 ns
[    0.000000] random: get_random_bytes called from start_kernel+0x99/0x4fd with crng_init=0
[    0.000000] setup_percpu: NR_CPUS:8192 nr_cpumask_bits:2 nr_cpu_ids:2 nr_node_ids:1
[    0.000000] percpu: Embedded 45 pages/cpu s147456 r8192 d28672 u1048576
[    0.000000] PV qspinlock hash table entries: 256 (order: 0, 4096 bytes)
[    0.000000] Built 1 zonelists, mobility grouping on.  Total pages: 128889
[    0.000000] Policy zone: DMA32
[    0.000000] Kernel command line: BOOT_IMAGE=/boot/vmlinuz-4.15.0-70-generic root=LABEL=cloudimg-rootfs ro console=tty1 console=ttyS0
[    0.000000] Memory: 466816K/523832K available (12300K kernel code, 2481K rwdata, 4264K rodata, 2432K init, 2388K bss, 57016K reserved, 0K cma-reserved)
[    0.000000] SLUB: HWalign=64, Order=0-3, MinObjects=0, CPUs=2, Nodes=1
[    0.000000] Kernel/User page tables isolation: enabled
[    0.000000] ftrace: allocating 39315 entries in 154 pages
[    0.004000] Hierarchical RCU implementation.
[    0.004000] 	RCU restricting CPUs from NR_CPUS=8192 to nr_cpu_ids=2.
[    0.004000] 	Tasks RCU enabled.
[    0.004000] RCU: Adjusting geometry for rcu_fanout_leaf=16, nr_cpu_ids=2
[    0.004000] NR_IRQS: 524544, nr_irqs: 440, preallocated irqs: 16
[    0.004000] Console: colour VGA+ 80x25
[    0.004000] console [tty1] enabled
[    0.004000] console [ttyS0] enabled
[    0.004000] ACPI: Core revision 20170831
[    0.004000] ACPI: 2 ACPI AML tables successfully acquired and loaded
[    0.004000] APIC: Switch to symmetric I/O mode setup
[    0.004000] x2apic enabled
[    0.004000] Switched APIC routing to physical x2apic.
[    0.004000] ..TIMER: vector=0x30 apic1=0 pin1=2 apic2=-1 pin2=-1
[    0.004004] tsc: Detected 3000.002 MHz processor
[    0.005040] Calibrating delay loop (skipped) preset value.. 6000.00 BogoMIPS (lpj=12000008)
[    0.008003] pid_max: default: 32768 minimum: 301
[    0.009365] Security Framework initialized
[    0.010230] Yama: becoming mindful.
[    0.010962] AppArmor: AppArmor initialized
[    0.012088] Dentry cache hash table entries: 65536 (order: 7, 524288 bytes)
[    0.013415] Inode-cache hash table entries: 32768 (order: 6, 262144 bytes)
[    0.014704] Mount-cache hash table entries: 1024 (order: 1, 8192 bytes)
[    0.016004] Mountpoint-cache hash table entries: 1024 (order: 1, 8192 bytes)
[    0.017572] Last level iTLB entries: 4KB 128, 2MB 8, 4MB 8
[    0.018617] Last level dTLB entries: 4KB 64, 2MB 0, 4MB 0, 1GB 4
[    0.020006] Spectre V1 : Mitigation: usercopy/swapgs barriers and __user pointer sanitization
[    0.021754] Spectre V2 : Mitigation: Full generic retpoline
[    0.022917] Spectre V2 : Spectre v2 / SpectreRSB mitigation: Filling RSB on context switch
[    0.024004] Speculative Store Bypass: Vulnerable
[    0.025057] MDS: Vulnerable: Clear CPU buffers attempted, no microcode
[    0.026639] Freeing SMP alternatives memory: 36K
[    0.138754] smpboot: CPU0: Intel(R) Core(TM) i5-7400 CPU @ 3.00GHz (family: 0x6, model: 0x9e, stepping: 0x9)
[    0.140000] Performance Events: unsupported p6 CPU model 158 no PMU driver, software events only.
[    0.140033] Hierarchical SRCU implementation.
[    0.141475] NMI watchdog: Perf event create on CPU 0 failed with -2
[    0.142798] NMI watchdog: Perf NMI watchdog permanently disabled
[    0.144041] smp: Bringing up secondary CPUs ...
[    0.145076] x86: Booting SMP configuration:
[    0.146033] .... node  #0, CPUs:      #1
[    0.004000] kvm-clock: cpu 1, msr 0:1ff44041, secondary cpu clock
[    0.150550] smp: Brought up 1 node, 2 CPUs
[    0.150550] smpboot: Max logical packages: 1
[    0.152005] smpboot: Total of 2 processors activated (12000.00 BogoMIPS)
[    0.153557] devtmpfs: initialized
[    0.153557] x86/mm: Memory block size: 128MB
[    0.156194] evm: security.selinux
[    0.156883] evm: security.SMACK64
[    0.157588] evm: security.SMACK64EXEC
[    0.158325] evm: security.SMACK64TRANSMUTE
[    0.159117] evm: security.SMACK64MMAP
[    0.160003] evm: security.apparmor
[    0.160770] evm: security.ima
[    0.161712] evm: security.capability
[    0.162768] clocksource: jiffies: mask: 0xffffffff max_cycles: 0xffffffff, max_idle_ns: 7645041785100000 ns
[    0.164014] futex hash table entries: 512 (order: 3, 32768 bytes)
[    0.165184] pinctrl core: initialized pinctrl subsystem
[    0.166299] RTC time: 14:10:29, date: 12/05/19
[    0.168144] NET: Registered protocol family 16
[    0.169103] audit: initializing netlink subsys (disabled)
[    0.170168] audit: type=2000 audit(1575555034.402:1): state=initialized audit_enabled=0 res=1
[    0.172010] cpuidle: using governor ladder
[    0.172848] cpuidle: using governor menu
[    0.173911] ACPI: bus type PCI registered
[    0.174774] acpiphp: ACPI Hot Plug PCI Controller Driver version: 0.5
[    0.176117] PCI: Using configuration type 1 for base access
[    0.180022] HugeTLB registered 2.00 MiB page size, pre-allocated 0 pages
[    0.181314] ACPI: Added _OSI(Module Device)
[    0.181314] ACPI: Added _OSI(Processor Device)
[    0.182343] ACPI: Added _OSI(3.0 _SCP Extensions)
[    0.184004] ACPI: Added _OSI(Processor Aggregator Device)
[    0.185045] ACPI: Added _OSI(Linux-Dell-Video)
[    0.185933] ACPI: Added _OSI(Linux-Lenovo-NV-HDMI-Audio)
[    0.187003] ACPI: Added _OSI(Linux-HPI-Hybrid-Graphics)
[    0.188376] ACPI: Executed 1 blocks of module-level executable AML code
[    0.193709] ACPI: Interpreter enabled
[    0.194886] ACPI: (supports S0 S5)
[    0.196005] ACPI: Using IOAPIC for interrupt routing
[    0.197453] PCI: Using host bridge windows from ACPI; if necessary, use "pci=nocrs" and report a bug
[    0.199601] ACPI: Enabled 2 GPEs in block 00 to 07
[    0.212023] ACPI: PCI Root Bridge [PCI0] (domain 0000 [bus 00-ff])
[    0.213256] acpi PNP0A03:00: _OSC: OS supports [ASPM ClockPM Segments MSI]
[    0.215138] acpi PNP0A03:00: _OSC: not requesting OS control; OS requires [ExtendedConfig ASPM ClockPM MSI]
[    0.216043] acpi PNP0A03:00: fail to add MMCONFIG information, can't access extended PCI configuration space under this bridge.
[    0.220232] PCI host bridge to bus 0000:00
[    0.221067] pci_bus 0000:00: root bus resource [io  0x0000-0x0cf7 window]
[    0.222298] pci_bus 0000:00: root bus resource [io  0x0d00-0xffff window]
[    0.223568] pci_bus 0000:00: root bus resource [mem 0x000a0000-0x000bffff window]
[    0.224003] pci_bus 0000:00: root bus resource [mem 0x20000000-0xfdffffff window]
[    0.225962] pci_bus 0000:00: root bus resource [bus 00-ff]
[    0.229960] pci 0000:00:01.1: legacy IDE quirk: reg 0x10: [io  0x01f0-0x01f7]
[    0.231443] pci 0000:00:01.1: legacy IDE quirk: reg 0x14: [io  0x03f6]
[    0.232005] pci 0000:00:01.1: legacy IDE quirk: reg 0x18: [io  0x0170-0x0177]
[    0.233351] pci 0000:00:01.1: legacy IDE quirk: reg 0x1c: [io  0x0376]
[    0.249540] pci 0000:00:07.0: quirk: [io  0x4000-0x403f] claimed by PIIX4 ACPI
[    0.251060] pci 0000:00:07.0: quirk: [io  0x4100-0x410f] claimed by PIIX4 SMB
[    0.262425] ACPI: PCI Interrupt Link [LNKA] (IRQs 5 9 10 *11)
[    0.264069] ACPI: PCI Interrupt Link [LNKB] (IRQs 5 9 *10 11)
[    0.265380] ACPI: PCI Interrupt Link [LNKC] (IRQs 5 *9 10 11)
[    0.266728] ACPI: PCI Interrupt Link [LNKD] (IRQs 5 9 10 *11)
[    0.268278] SCSI subsystem initialized
[    0.269123] pci 0000:00:02.0: vgaarb: setting as boot VGA device
[    0.269470] pci 0000:00:02.0: vgaarb: VGA device added: decodes=io+mem,owns=io+mem,locks=none
[    0.272007] pci 0000:00:02.0: vgaarb: bridge control possible
[    0.273332] vgaarb: loaded
[    0.274078] ACPI: bus type USB registered
[    0.275087] usbcore: registered new interface driver usbfs
[    0.276010] usbcore: registered new interface driver hub
[    0.277121] usbcore: registered new device driver usb
[    0.278417] EDAC MC: Ver: 3.0.0
[    0.280297] PCI: Using ACPI for IRQ routing
[    0.281305] NetLabel: Initializing
[    0.282047] NetLabel:  domain hash size = 128
[    0.282973] NetLabel:  protocols = UNLABELED CIPSOv4 CALIPSO
[    0.284027] NetLabel:  unlabeled traffic allowed by default
[    0.285131] clocksource: Switched to clocksource kvm-clock
[    0.303899] VFS: Disk quotas dquot_6.6.0
[    0.305027] VFS: Dquot-cache hash table entries: 512 (order 0, 4096 bytes)
[    0.306955] AppArmor: AppArmor Filesystem Enabled
[    0.308396] pnp: PnP ACPI init
[    0.310499] pnp: PnP ACPI: found 3 devices
[    0.321720] clocksource: acpi_pm: mask: 0xffffff max_cycles: 0xffffff, max_idle_ns: 2085701024 ns
[    0.323542] NET: Registered protocol family 2
[    0.324754] TCP established hash table entries: 4096 (order: 3, 32768 bytes)
[    0.326182] TCP bind hash table entries: 4096 (order: 4, 65536 bytes)
[    0.327566] TCP: Hash tables configured (established 4096 bind 4096)
[    0.328858] UDP hash table entries: 256 (order: 1, 8192 bytes)
[    0.329937] UDP-Lite hash table entries: 256 (order: 1, 8192 bytes)
[    0.331139] NET: Registered protocol family 1
[    0.332111] pci 0000:00:00.0: Limiting direct PCI/PCI transfers
[    0.333535] pci 0000:00:01.0: Activating ISA DMA hang workarounds
[    0.334841] pci 0000:00:02.0: Video device with shadowed ROM at [mem 0x000c0000-0x000dffff]
[    0.336949] Unpacking initramfs...
[    0.676423] Freeing initrd memory: 19676K
[    0.677633] clocksource: tsc: mask: 0xffffffffffffffff max_cycles: 0x2b3e46fa93c, max_idle_ns: 440795237232 ns
[    0.679708] platform rtc_cmos: registered platform RTC device (no PNP device found)
[    0.681348] Scanning for low memory corruption every 60 seconds
[    0.683514] Initialise system trusted keyrings
[    0.684480] Key type blacklist registered
[    0.685465] workingset: timestamp_bits=36 max_order=17 bucket_order=0
[    0.687853] zbud: loaded
[    0.689058] squashfs: version 4.0 (2009/01/31) Phillip Lougher
[    0.690472] fuse init (API version 7.26)
[    0.693461] Key type asymmetric registered
[    0.694321] Asymmetric key parser 'x509' registered
[    0.695517] Block layer SCSI generic (bsg) driver version 0.4 loaded (major 246)
[    0.697191] io scheduler noop registered
[    0.698121] io scheduler deadline registered
[    0.699044] io scheduler cfq registered (default)
[    0.700319] ACPI: AC Adapter [AC] (on-line)
[    0.701273] input: Power Button as /devices/LNXSYSTM:00/LNXPWRBN:00/input/input0
[    0.703148] ACPI: Power Button [PWRF]
[    0.704070] input: Sleep Button as /devices/LNXSYSTM:00/LNXSLPBN:00/input/input1
[    0.705611] ACPI: Sleep Button [SLPF]
[    0.706812] Serial: 8250/16550 driver, 32 ports, IRQ sharing enabled
[    0.729879] 00:02: ttyS0 at I/O 0x3f8 (irq = 4, base_baud = 115200) is a 16550A
[    0.735107] Linux agpgart interface v0.103
[    0.737788] loop: module loaded
[    0.739127] scsi host0: ata_piix
[    0.739970] scsi host1: ata_piix
[    0.740716] ata1: PATA max UDMA/33 cmd 0x1f0 ctl 0x3f6 bmdma 0xd000 irq 14
[    0.742023] ata2: PATA max UDMA/33 cmd 0x170 ctl 0x376 bmdma 0xd008 irq 15
[    0.743800] libphy: Fixed MDIO Bus: probed
[    0.744858] tun: Universal TUN/TAP device driver, 1.6
[    0.746068] PPP generic driver version 2.4.2
[    0.747154] ehci_hcd: USB 2.0 'Enhanced' Host Controller (EHCI) Driver
[    0.748556] ehci-pci: EHCI PCI platform driver
[    0.749551] ehci-platform: EHCI generic platform driver
[    0.750578] ohci_hcd: USB 1.1 'Open' Host Controller (OHCI) Driver
[    0.751765] ohci-pci: OHCI PCI platform driver
[    0.752783] ohci-platform: OHCI generic platform driver
[    0.753815] uhci_hcd: USB Universal Host Controller Interface driver
[    0.755691] i8042: PNP: PS/2 Controller [PNP0303:PS2K,PNP0f03:PS2M] at 0x60,0x64 irq 1,12
[    0.757812] serio: i8042 KBD port at 0x60,0x64 irq 1
[    0.758816] serio: i8042 AUX port at 0x60,0x64 irq 12
[    0.760083] mousedev: PS/2 mouse device common for all mice
[    0.762067] input: AT Translated Set 2 keyboard as /devices/platform/i8042/serio0/input/input2
[    0.763976] rtc_cmos rtc_cmos: rtc core: registered rtc_cmos as rtc0
[    0.765311] rtc_cmos rtc_cmos: alarms up to one day, 114 bytes nvram
[    0.766548] i2c /dev entries driver
[    0.767304] device-mapper: uevent: version 1.0.3
[    0.768360] device-mapper: ioctl: 4.37.0-ioctl (2017-09-20) initialised: dm-devel@redhat.com
[    0.770059] ledtrig-cpu: registered to indicate activity on CPUs
[    0.771727] NET: Registered protocol family 10
[    0.777089] Segment Routing with IPv6
[    0.777858] NET: Registered protocol family 17
[    0.778917] Key type dns_resolver registered
[    0.780201] mce: Using 0 MCE banks
[    0.780984] RAS: Correctable Errors collector initialized.
[    0.782165] sched_clock: Marking stable (780171935, 0)->(972380578, -192208643)
[    0.784779] registered taskstats version 1
[    0.786027] Loading compiled-in X.509 certificates
[    0.790134] Loaded X.509 cert 'Build time autogenerated kernel key: 1859b0531897959199376c446a0bd70df75fd1fc'
[    0.792056] zswap: loaded using pool lzo/zbud
[    0.796107] Key type big_key registered
[    0.796905] Key type trusted registered
[    0.799466] Key type encrypted registered
[    0.800366] AppArmor: AppArmor sha1 policy hashing enabled
[    0.801420] ima: No TPM chip found, activating TPM-bypass! (rc=-19)
[    0.802835] ima: Allocated hash algorithm: sha1
[    0.803826] evm: HMAC attrs: 0x1
[    0.805025]   Magic number: 15:512:181
[    0.806124] rtc_cmos rtc_cmos: setting system clock to 2019-12-05 14:10:29 UTC (1575555029)
[    0.807907] BIOS EDD facility v0.16 2004-Jun-25, 0 devices found
[    0.809086] EDD information not available.
[    0.906847] Freeing unused kernel image memory: 2432K
[    0.931498] Write protecting the kernel read-only data: 20480k
[    0.939287] Freeing unused kernel image memory: 2008K
[    0.943629] Freeing unused kernel image memory: 1880K
[    0.968557] x86/mm: Checked W+X mappings: passed, no W+X pages found.
[    0.970067] x86/mm: Checking user space page tables
[    0.981274] x86/mm: Checked W+X mappings: passed, no W+X pages found.
Loading, please wait...
starting version 237
[    1.088200] Fusion MPT base driver 3.04.20
[    1.089121] Copyright (c) 1999-2008 LSI Corporation
[    1.092957] e1000: Intel(R) PRO/1000 Network Driver - version 7.3.21-k8-NAPI
[    1.094523] e1000: Copyright (c) 1999-2006 Intel Corporation.
[    1.107320] AVX2 version of gcm_enc/dec engaged.
[    1.108688] AES CTR mode by8 optimization enabled
[    1.115683] Fusion MPT SPI Host driver 3.04.20
[    1.305117] input: ImExPS/2 Generic Explorer Mouse as /devices/platform/i8042/serio1/input/input4
[    1.515528] e1000 0000:00:03.0 eth0: (PCI:33MHz:32-bit) 02:83:96:c1:64:f9
[    1.516974] e1000 0000:00:03.0 eth0: Intel(R) PRO/1000 Network Connection
[    1.519412] mptbase: ioc0: Initiating bringup
[    1.722605] ioc0: LSI53C1030 A0: Capabilities={Initiator}
[    2.701402] scsi host2: ioc0: LSI53C1030 A0, FwRev=00000000h, Ports=1, MaxQ=256, IRQ=20
[    3.150791] scsi 2:0:0:0: Direct-Access     VBOX     HARDDISK         1.0  PQ: 0 ANSI: 5
[    3.184406] scsi target2:0:0: Beginning Domain Validation
[    3.187140] scsi target2:0:0: Domain Validation skipping write tests
[    3.188477] scsi target2:0:0: Ending Domain Validation
[    3.189797] scsi target2:0:0: asynchronous
[    3.191113] scsi 2:0:1:0: Direct-Access     VBOX     HARDDISK         1.0  PQ: 0 ANSI: 5
[    3.512382] scsi target2:0:1: Beginning Domain Validation
[    3.514572] random: fast init done
[    3.515518] scsi target2:0:1: Domain Validation skipping write tests
[    3.516746] scsi target2:0:1: Ending Domain Validation
[    3.517810] scsi target2:0:1: asynchronous
[    3.522112] random: systemd-udevd: uninitialized urandom read (16 bytes read)
[    3.523566] random: systemd-udevd: uninitialized urandom read (16 bytes read)
[    3.524398] sd 2:0:0:0: [sda] 20971520 512-byte logical blocks: (10.7 GB/10.0 GiB)
[    3.524983] random: systemd-udevd: uninitialized urandom read (16 bytes read)
[    3.527628] sd 2:0:0:0: [sda] Write Protect is off
[    3.529898] sd 2:0:0:0: Attached scsi generic sg0 type 0
[    3.531031] sd 2:0:0:0: [sda] Incomplete mode parameter data
[    3.532108] sd 2:0:0:0: [sda] Assuming drive cache: write through
[    3.533865] sd 2:0:1:0: Attached scsi generic sg1 type 0
[    3.535182] sd 2:0:1:0: [sdb] 20480 512-byte logical blocks: (10.5 MB/10.0 MiB)
[    3.537172]  sda: sda1
[    3.538187] sd 2:0:1:0: [sdb] Write Protect is off
[    3.539519] sd 2:0:1:0: [sdb] Incomplete mode parameter data
[    3.539939] sd 2:0:0:0: [sda] Attached SCSI disk
[    3.540640] sd 2:0:1:0: [sdb] Assuming drive cache: write through
[    3.555727] e1000 0000:00:08.0 eth1: (PCI:33MHz:32-bit) 08:00:27:2e:db:3e
[    3.558182] e1000 0000:00:08.0 eth1: Intel(R) PRO/1000 Network Connection
[    3.560614] sd 2:0:1:0: [sdb] Attached SCSI disk
[    3.561360] e1000 0000:00:03.0 enp0s3: renamed from eth0
[    3.576793] e1000 0000:00:08.0 enp0s8: renamed from eth1
Begin: Loading essential drivers ... [    5.200454] raid6: sse2x1   gen() 11319 MB/s
[    5.248324] raid6: sse2x1   xor()  8190 MB/s
[    5.296107] raid6: sse2x2   gen() 13893 MB/s
[    5.344422] raid6: sse2x2   xor()  9339 MB/s
[    5.392213] raid6: sse2x4   gen() 15892 MB/s
[    5.440065] raid6: sse2x4   xor()  9666 MB/s
[    5.488364] raid6: avx2x1   gen() 22101 MB/s
[    5.536634] raid6: avx2x1   xor() 15976 MB/s
[    5.584022] raid6: avx2x2   gen() 28220 MB/s
[    5.632130] raid6: avx2x2   xor() 17144 MB/s
[    5.680029] raid6: avx2x4   gen() 30430 MB/s
[    5.728506] raid6: avx2x4   xor() 15681 MB/s
[    5.729512] raid6: using algorithm avx2x4 gen() 30430 MB/s
[    5.730723] raid6: .... xor() 15681 MB/s, rmw enabled
[    5.731893] raid6: using avx2x2 recovery algorithm
[    5.734873] xor: automatically using best checksumming function   avx       
[    5.738184] async_tx: api initialized (async)
done.
Begin: Running /scripts/init-premount ... done.
Begin: Mounting root file system ... Begin: Running /scripts/local-top ... done.
Begin: Running /scripts/local-premount ... [    5.791320] Btrfs loaded, crc32c=crc32c-intel
Scanning for Btrfs filesystems
done.
Warning: fsck not present, so skipping root file system
[    5.822347] EXT4-fs (sda1): mounted filesystem with ordered data mode. Opts: (null)
done.
Begin: Running /scripts/local-bottom ... done.
Begin: Running /scripts/init-bottom ... done.
[    6.009822] ip_tables: (C) 2000-2006 Netfilter Core Team
[    6.017997] systemd[1]: systemd 237 running in system mode. (+PAM +AUDIT +SELINUX +IMA +APPARMOR +SMACK +SYSVINIT +UTMP +LIBCRYPTSETUP +GCRYPT +GNUTLS +ACL +XZ +LZ4 +SECCOMP +BLKID +ELFUTILS +KMOD -IDN2 +IDN -PCRE2 default-hierarchy=hybrid)
[    6.022348] systemd[1]: Detected virtualization oracle.
[    6.023548] systemd[1]: Detected architecture x86-64.

Welcome to [1mUbuntu 18.04.3 LTS[0m!

[    6.029456] systemd[1]: Set hostname to <ubuntu-bionic>.
[    6.321997] systemd[1]: Reached target System Time Synchronized.
[[0;32m  OK  [0m] Reached target System Time Synchronized.
[    6.336984] systemd[1]: Started Forward Password Requests to Wall Directory Watch.
[[0;32m  OK  [0m] Started Forward Password Requests to Wall Directory Watch.
[    6.339851] systemd[1]: Set up automount Arbitrary Executable File Formats File System Automount Point.
[[0;32m  OK  [0m] Set up automount Arbitrary Executab…rmats File System Automount Point.
[    6.343092] systemd[1]: Reached target Swap.
[[0;32m  OK  [0m] Reached target Swap.
[    6.344408] systemd[1]: Reached target User and Group Name Lookups.
[[0;32m  OK  [0m] Reached target User and Group Name Lookups.
[    6.347618] systemd[1]: Created slice System Slice.
[[0;32m  OK  [0m] Created slice System Slice.
[[0;32m  OK  [0m] Listening on udev Control Socket.
[[0;32m  OK  [0m] Listening on Journal Socket.
         Starting Remount Root and Kernel File Systems...
[[0;32m  OK  [0m] Listening on /dev/initctl Compatibility Named Pipe.
[    6.375645] EXT4-fs (sda1): re-mounted. Opts: (null)
         Starting Create list of required st…ce nodes for the current kernel...
[[0;32m  OK  [0m] Listening on Journal Socket (/dev/log).
         Mounting POSIX Message Queue File System...
[[0;32m  OK  [0m] Listening on Journal Audit Socket.
[[0;32m  OK  [0m] Listening on Device-mapper event daemon FIFOs.
[[0;32m  OK  [0m] Listening on Network Service Netlink Socket.
         Mounting Huge Pages File System...
[[0;32m  OK  [0m] Created slice system-serial\x2dgetty.slice.
[[0;32m  OK  [0m] Listening on LVM2 metadata daemon socket.
         Starting Monitoring of LVM2 mirrors…ng dmeventd or progress polling...
         Mounting Kernel Debug File System...
         Starting Load Kernel Modules...
[[0;32m  OK  [0m] Listening on Syslog Socket.
         Starting Journal Service...
[[0;32m  OK  [0m] Listening on udev Kernel Socket.
         Starting udev Coldplug all Devices...
[[0;32m  OK  [0m] Listening on LVM2 poll daemon socket.
         Starting Uncomplicated firewall...
[[0;32m  OK  [0m] Created slice User and Session Slice.
[    6.467033] Loading iSCSI transport class v2.0-870.
[[0;32m  OK  [0m] Reached target Slices.
         Starting Set the console keyboard layout...
[[0;32m  OK  [0m] Started Remount Root and Kernel File Systems.
[[0;32m  OK  [0m] Started Create list of required sta…vice nodes for the current kernel.
[[0;32m  OK  [0m] Mounted POSIX Message Queue File System.
[[0;32m  OK  [0m] Mounted Huge Pages File System.
[[0;32m  OK  [0m] Mounted Kernel Debug File System.
[[0;32m  OK  [0m] Started Uncomplicated firewall.
[[0;32m  OK  [0m] Started LVM2 metadata daemon.
         Starting Create Static Device Nodes in /dev...
[    6.515898] iscsi: registered transport (tcp)
         Starting Load/Save Random Seed...
[[0;32m  OK  [0m] Started Journal Service.
[[0;32m  OK  [0m] Started udev Coldplug all Devices.
         Starting Flush Journal to Persistent Storage...
[[0;32m  OK  [0m] Started Create Static Device Nodes in /dev.
         Starting udev Kernel Device Manager...
[    6.590042] iscsi: registered transport (iser)
[[0;32m  OK  [0m] Started Load Kernel Modules.
         Mounting FUSE Control File System...
         Starting Apply Kernel Variables...
         Mounting Kernel Configuration File System...
[[0;32m  OK  [0m] Mounted Kernel Configuration File System.
[[0;32m  OK  [0m] Mounted FUSE Control File System.
[[0;32m  OK  [0m] Started Monitoring of LVM2 mirrors,…sing dmeventd or progress polling.
[[0;32m  OK  [0m] Started Load/Save Random Seed.
[[0;32m  OK  [0m] Started udev Kernel Device Manager.
[[0;32m  OK  [0m] Started Apply Kernel Variables.
[[0;32m  OK  [0m] Started Flush Journal to Persistent Storage.
[[0;32m  OK  [0m] Started Set the console keyboard layout.
[[0;32m  OK  [0m] Reached target Local File Systems (Pre).
[[0;32m  OK  [0m] Reached target Local File Systems.
         Starting AppArmor initialization...
         Starting Tell Plymouth To Write Out Runtime Data...
         Starting Create Volatile Files and Directories...
         Starting Set console font and keymap...
         Starting ebtables ruleset management...
[[0;32m  OK  [0m] Started Dispatch Password Requests to Console Directory Watch.
[[0;32m  OK  [0m] Reached target Local Encrypted Volumes.
[[0;32m  OK  [0m] Started Tell Plymouth To Write Out Runtime Data.
[[0;32m  OK  [0m] Started Set console font and keymap.
[[0;32m  OK  [0m] Started Create Volatile Files and Directories.
         Starting Update UTMP about System Boot/Shutdown...
[[0;32m  OK  [0m] Started Update UTMP about System Boot/Shutdown.
[[0;32m  OK  [0m] Found device /dev/ttyS0.
[[0;32m  OK  [0m] Started ebtables ruleset management.
[[0;32m  OK  [0m] Listening on Load/Save RF Kill Switch Status /dev/rfkill Watch.
[[0;32m  OK  [0m] Started AppArmor initialization.
         Starting Initial cloud-init job (pre-networking)...
[    8.478287] cloud-init[539]: Cloud-init v. 19.2-36-g059d049c-0ubuntu2~18.04.1 running 'init-local' at Thu, 05 Dec 2019 14:10:36 +0000. Up 8.22 seconds.
[[0;32m  OK  [0m] Started Initial cloud-init job (pre-networking).
[[0;32m  OK  [0m] Reached target Network (Pre).
         Starting Network Service...
[[0;32m  OK  [0m] Started Network Service.
         Starting Wait for Network to be Configured...
         Starting Network Name Resolution...
[[0;32m  OK  [0m] Started Network Name Resolution.
[[0;32m  OK  [0m] Reached target Network.
[[0;32m  OK  [0m] Reached target Host and Network Name Lookups.
[[0;32m  OK  [0m] Started Wait for Network to be Configured.
         Starting Initial cloud-init job (metadata service crawler)...
[   11.113037] cloud-init[664]: Cloud-init v. 19.2-36-g059d049c-0ubuntu2~18.04.1 running 'init' at Thu, 05 Dec 2019 14:10:39 +0000. Up 10.88 seconds.
[   11.116028] cloud-init[664]: ci-info: ++++++++++++++++++++++++++++++++++++++Net device info+++++++++++++++++++++++++++++++++++++++
[   11.132238] cloud-init[664]: ci-info: +--------+------+-----------------------------+---------------+--------+-------------------+
[   11.133603] cloud-init[664]: ci-info: | Device |  Up  |           Address           |      Mask     | Scope  |     Hw-Address    |
[   11.135001] cloud-init[664]: ci-info: +--------+------+-----------------------------+---------------+--------+-------------------+
[   11.136684] cloud-init[664]: ci-info: | enp0s3 | True |          10.0.2.15          | 255.255.255.0 | global | 02:83:96:c1:64:f9 |
[   11.138272] cloud-init[664]: ci-info: | enp0s3 | True |  fe80::83:96ff:fec1:64f9/64 |       .       |  link  | 02:83:96:c1:64:f9 |
[   11.140215] cloud-init[664]: ci-info: | enp0s8 | True |        192.168.56.200       | 255.255.255.0 | global | 08:00:27:2e:db:3e |
[   11.141077] cloud-init[664]: ci-info: | enp0s8 | True | fe80::a00:27ff:fe2e:db3e/64 |       .       |  link  | 08:00:27:2e:db:3e |
[   11.142020] cloud-init[664]: ci-info: |   lo   | True |          127.0.0.1          |   255.0.0.0   |  host  |         .         |
[   11.143232] cloud-init[664]: ci-info: |   lo   | True |           ::1/128           |       .       |  host  |         .         |
[   11.145700] cloud-init[664]: ci-info: +--------+------+-----------------------------+---------------+--------+-------------------+
[   11.156430] cloud-init[664]: ci-info: +++++++++++++++++++++++++++++Route IPv4 info+++++++++++++++++++++++++++++
[   11.168432] cloud-init[664]: ci-info: +-------+--------------+----------+-----------------+-----------+-------+
[   11.169410] cloud-init[664]: ci-info: | Route | Destination  | Gateway  |     Genmask     | Interface | Flags |
[   11.181847] cloud-init[664]: ci-info: +-------+--------------+----------+-----------------+-----------+-------+
[   11.182875] cloud-init[664]: ci-info: |   0   |   0.0.0.0    | 10.0.2.2 |     0.0.0.0     |   enp0s3  |   UG  |
[   11.192195] cloud-init[664]: ci-info: |   1   |   10.0.2.0   | 0.0.0.0  |  255.255.255.0  |   enp0s3  |   U   |
[   11.193449] cloud-init[664]: ci-info: |   2   |   10.0.2.2   | 0.0.0.0  | 255.255.255.255 |   enp0s3  |   UH  |
[   11.204272] cloud-init[664]: ci-info: |   3   | 192.168.56.0 | 0.0.0.0  |  255.255.255.0  |   enp0s8  |   U   |
[   11.205330] cloud-init[664]: ci-info: +-------+--------------+----------+-----------------+-----------+-------+
[   11.206326] cloud-init[664]: ci-info: +++++++++++++++++++Route IPv6 info+++++++++++++++++++
[   11.207205] cloud-init[664]: ci-info: +-------+-------------+---------+-----------+-------+
[   11.216666] cloud-init[664]: ci-info: | Route | Destination | Gateway | Interface | Flags |
[   11.217319] cloud-init[664]: ci-info: +-------+-------------+---------+-----------+-------+
[   11.217987] cloud-init[664]: ci-info: |   1   |  fe80::/64  |    ::   |   enp0s8  |   U   |
[   11.218972] cloud-init[664]: ci-info: |   2   |  fe80::/64  |    ::   |   enp0s3  |   U   |
[   11.219797] cloud-init[664]: ci-info: |   4   |    local    |    ::   |   enp0s3  |   U   |
[   11.220680] cloud-init[664]: ci-info: |   5   |    local    |    ::   |   enp0s8  |   U   |
[   11.221790] cloud-init[664]: ci-info: |   6   |   ff00::/8  |    ::   |   enp0s8  |   U   |
[   11.232729] cloud-init[664]: ci-info: |   7   |   ff00::/8  |    ::   |   enp0s3  |   U   |
[   11.233557] cloud-init[664]: ci-info: +-------+-------------+---------+-----------+-------+
[[0;32m  OK  [0m] Started Initial cloud-init job (metadata service crawler).
[[0;32m  OK  [0m] Reached target Cloud-config availability.
[[0;32m  OK  [0m] Reached target System Initialization.
[[0;32m  OK  [0m] Started Message of the Day.
[[0;32m  OK  [0m] Listening on D-Bus System Message Bus Socket.
[[0;32m  OK  [0m] Listening on UUID daemon activation socket.
         Starting LXD - unix socket.
[[0;32m  OK  [0m] Listening on Open-iSCSI iscsid Socket.
[[0;32m  OK  [0m] Started Discard unused blocks once a week.
[[0;32m  OK  [0m] Started Daily apt download activities.
[[0;32m  OK  [0m] Started Daily apt upgrade and clean activities.
[[0;32m  OK  [0m] Started Daily Cleanup of Temporary Directories.
[[0;32m  OK  [0m] Reached target Timers.
[[0;32m  OK  [0m] Started ACPI Events Check.
[[0;32m  OK  [0m] Reached target Paths.
[[0;32m  OK  [0m] Listening on ACPID Listen Socket.
         Starting Socket activation for snappy daemon.
[[0;32m  OK  [0m] Reached target Network is Online.
[[0;32m  OK  [0m] Reached target Remote File Systems (Pre).
[[0;32m  OK  [0m] Reached target Remote File Systems.
         Starting Availability of block devices...
[[0;32m  OK  [0m] Listening on LXD - unix socket.
[[0;32m  OK  [0m] Listening on Socket activation for snappy daemon.
[[0;32m  OK  [0m] Reached target Sockets.
[[0;32m  OK  [0m] Reached target Basic System.
         Starting System Logging Service...
         Starting Permit User Sessions...
[[0;32m  OK  [0m] Started irqbalance daemon.
         Starting Dispatcher daemon for systemd-networkd...
[[0;32m  OK  [0m] Started Deferred execution scheduler.
[[0;32m  OK  [0m] Started D-Bus System Message Bus.
[[0;32m  OK  [0m] Started Regular background program processing daemon.
         Starting LXD - container startup/shutdown...
[[0;32m  OK  [0m] Started FUSE filesystem for LXC.
         Starting Virtualbox guest utils...
         Starting Login Service...
         Starting OpenBSD Secure Shell server...
         Starting LSB: Record successful boot for GRUB...
         Starting Accounts Service...
         Starting Snappy daemon...
         Starting LSB: automatic crash report generation...
[[0;32m  OK  [0m] Started System Logging Service.
[[0;32m  OK  [0m] Started Availability of block devices.
[[0;32m  OK  [0m] Started Permit User Sessions.
[[0;32m  OK  [0m] Started Login Service.
[[0;32m  OK  [0m] Started Unattended Upgrades Shutdown.
         Starting Terminate Plymouth Boot Screen...
         Starting Hold until boot process finishes up...
[[0;32m  OK  [0m] Started Hold until boot process finishes up.
[[0;32m  OK  [0m] Started Serial Getty on ttyS0.
         Starting Set console scheme...
[[0;32m  OK  [0m] Started Terminate Plymouth Boot Screen.
[[0;32m  OK  [0m] Started Set console scheme.
[[0;32m  OK  [0m] Created slice system-getty.slice.
[[0;32m  OK  [0m] Started Getty on tty1.
[[0;32m  OK  [0m] Reached target Login Prompts.
[[0;32m  OK  [0m] Started OpenBSD Secure Shell server.
[[0;32m  OK  [0m] Started Dispatcher daemon for systemd-networkd.
[[0;32m  OK  [0m] Started LSB: Record successful boot for GRUB.
[[0;32m  OK  [0m] Started LSB: automatic crash report generation.
         Starting Authorization Manager...
[[0;32m  OK  [0m] Started Virtualbox guest utils.
[[0;32m  OK  [0m] Started Authorization Manager.
[[0;32m  OK  [0m] Started Accounts Service.
[[0;32m  OK  [0m] Started LXD - container startup/shutdown.
[[0;32m  OK  [0m] Started Snappy daemon.
         Starting Wait until snapd is fully seeded...
[[0;32m  OK  [0m] Started Wait until snapd is fully seeded.
[[0;32m  OK  [0m] Reached target Multi-User System.
[[0;32m  OK  [0m] Reached target Graphical Interface.
         Starting Update UTMP about System Runlevel Changes...
         Starting Apply the settings specified in cloud-config...
[[0;32m  OK  [0m] Started Update UTMP about System Runlevel Changes.
[   13.023430] cloud-init[1050]: Cloud-init v. 19.2-36-g059d049c-0ubuntu2~18.04.1 running 'modules:config' at Thu, 05 Dec 2019 14:10:41 +0000. Up 12.87 seconds.
[[0;32m  OK  [0m] Started Apply the settings specified in cloud-config.
         Starting Execute cloud user/final scripts...
[   13.711113] cloud-init[1095]: Cloud-init v. 19.2-36-g059d049c-0ubuntu2~18.04.1 running 'modules:final' at Thu, 05 Dec 2019 14:10:42 +0000. Up 13.56 seconds.
[   13.712814] cloud-init[1095]: Cloud-init v. 19.2-36-g059d049c-0ubuntu2~18.04.1 finished at Thu, 05 Dec 2019 14:10:42 +0000. Datasource DataSourceNoCloud [seed=/dev/sdb][dsmode=net].  Up 13.70 seconds
[[0;32m  OK  [0m] Started Execute cloud user/final scripts.
[[0;32m  OK  [0m] Reached target Cloud-init target.

Ubuntu 18.04.3 LTS ubuntu-bionic ttyS0

ubuntu-bionic login: [[0;32m  OK  [0m] Stopped target Cloud-init target.
         Stopping Session 1 of user vagrant.
         Stopping Availability of block devices...
[[0;32m  OK  [0m] Closed Load/Save RF Kill Switch Status /dev/rfkill Watch.
[[0;32m  OK  [0m] Stopped target Timers.
[[0;32m  OK  [0m] Stopped Daily apt upgrade and clean activities.
[[0;32m  OK  [0m] Stopped Daily apt download activities.
[[0;32m  OK  [0m] Stopped target Graphical Interface.
         Stopping Accounts Service...
[[0;32m  OK  [0m] Stopped Discard unused blocks once a week.
[[0;32m  OK  [0m] Stopped target Host and Network Name Lookups.
[[0;32m  OK  [0m] Stopped Execute cloud user/final scripts.
[[0;32m  OK  [0m] Stopped Apply the settings specified in cloud-config.
[[0;32m  OK  [0m] Stopped target Cloud-config availability.
         Stopping User Manager for UID 1000...
[[0;32m  OK  [0m] Stopped Daily Cleanup of Temporary Directories.
[[0;32m  OK  [0m] Stopped target Network is Online.
[[0;32m  OK  [0m] Stopped target Multi-User System.
         Stopping Virtualbox guest utils...
         Stopping System Logging Service...
         Stopping LSB: automatic crash report generation...
         Stopping D-Bus System Message Bus...
         Stopping LSB: Record successful boot for GRUB...
         Stopping OpenBSD Secure Shell server...
         Stopping irqbalance daemon...
         Stopping Unattended Upgrades Shutdown...
         Stopping Dispatcher daemon for systemd-networkd...
         Stopping LXD - container startup/shutdown...
[[0;32m  OK  [0m] Stopped Wait until snapd is fully seeded.
         Stopping Regular background program processing daemon...
[[0;32m  OK  [0m] Stopped target Login Prompts.
         Stopping Getty on tty1...
         Stopping Serial Getty on ttyS0...
         Stopping Authorization Manager...
[[0;32m  OK  [0m] Stopped Message of the Day.
[[0;32m  OK  [0m] Stopped target System Time Synchronized.
         Stopping FUSE filesystem for LXC...
         Stopping Deferred execution scheduler...
[[0;32m  OK  [0m] Stopped System Logging Service.
[[0;32m  OK  [0m] Stopped Dispatcher daemon for systemd-networkd.
[[0;32m  OK  [0m] Stopped Deferred execution scheduler.
[[0;32m  OK  [0m] Stopped Regular background program processing daemon.
[[0;32m  OK  [0m] Stopped Accounts Service.
[[0;32m  OK  [0m] Unmounted /var/lib/lxcfs.
[[0;32m  OK  [0m] Stopped OpenBSD Secure Shell server.
[[0;32m  OK  [0m] Stopped irqbalance daemon.
[[0;32m  OK  [0m] Stopped Getty on tty1.
[[0;32m  OK  [0m] Stopped Serial Getty on ttyS0.
[[0;32m  OK  [0m] Stopped User Manager for UID 1000.
[[0;32m  OK  [0m] Stopped D-Bus System Message Bus.
[[0;32m  OK  [0m] Stopped Unattended Upgrades Shutdown.
[[0;32m  OK  [0m] Stopped Authorization Manager.
[[0;32m  OK  [0m] Stopped Availability of block devices.
[[0;32m  OK  [0m] Stopped FUSE filesystem for LXC.
[[0;32m  OK  [0m] Stopped Session 1 of user vagrant.
[[0;32m  OK  [0m] Stopped LXD - container startup/shutdown.
[[0;32m  OK  [0m] Stopped LSB: Record successful boot for GRUB.
[[0;32m  OK  [0m] Removed slice User Slice of vagrant.
         Stopping Login Service...
[[0;32m  OK  [0m] Removed slice system-serial\x2dgetty.slice.
[[0;32m  OK  [0m] Removed slice system-getty.slice.
         Stopping Permit User Sessions...
[[0;32m  OK  [0m] Stopped Permit User Sessions.
[[0;32m  OK  [0m] Stopped LSB: automatic crash report generation.
[[0;32m  OK  [0m] Stopped target Network.
         Stopping Network Name Resolution...
[[0;32m  OK  [0m] Stopped target Remote File Systems.
[[0;32m  OK  [0m] Stopped target Remote File Systems (Pre).
[[0;32m  OK  [0m] Stopped Virtualbox guest utils.
[[0;32m  OK  [0m] Stopped Network Name Resolution.
[[0;32m  OK  [0m] Stopped Login Service.
[[0;32m  OK  [0m] Stopped target User and Group Name Lookups.
[[0;32m  OK  [0m] Stopped target Basic System.
[[0;32m  OK  [0m] Stopped target Sockets.
[[0;32m  OK  [0m] Closed Socket activation for snappy daemon.
[[0;32m  OK  [0m] Closed Syslog Socket.
[[0;32m  OK  [0m] Closed Open-iSCSI iscsid Socket.
[[0;32m  OK  [0m] Closed UUID daemon activation socket.
[[0;32m  OK  [0m] Closed ACPID Listen Socket.
[[0;32m  OK  [0m] Closed LXD - unix socket.
[[0;32m  OK  [0m] Closed D-Bus System Message Bus Socket.
[[0;32m  OK  [0m] Stopped target Slices.
[[0;32m  OK  [0m] Stopped target Paths.
[[0;32m  OK  [0m] Stopped ACPI Events Check.
[[0;32m  OK  [0m] Stopped target System Initialization.
         Stopping Load/Save Random Seed...
[[0;32m  OK  [0m] Stopped target Local Encrypted Volumes.
[[0;32m  OK  [0m] Stopped Forward Password Requests to Wall Directory Watch.
[[0;32m  OK  [0m] Stopped Dispatch Password Requests to Console Directory Watch.
         Stopping Update UTMP about System Boot/Shutdown...
[[0;32m  OK  [0m] Stopped Initial cloud-init job (metadata service crawler).
[[0;32m  OK  [0m] Stopped Wait for Network to be Configured.
         Stopping Network Service...
[[0;32m  OK  [0m] Removed slice User and Session Slice.
[[0;32m  OK  [0m] Stopped Load/Save Random Seed.
[[0;32m  OK  [0m] Stopped Update UTMP about System Boot/Shutdown.
[[0;32m  OK  [0m] Stopped Create Volatile Files and Directories.
[[0;32m  OK  [0m] Stopped target Local File Systems.
         Unmounting /run/user/1000...
         Unmounting /media/sf_11111...
[[0;32m  OK  [0m] Stopped Network Service.
[[0;32m  OK  [0m] Unmounted /run/user/1000.
[[0;32m  OK  [0m] Stopped target Swap.
[[0;32m  OK  [0m] Stopped target Network (Pre).
[[0;32m  OK  [0m] Stopped Initial cloud-init job (pre-networking).
[[0;32m  OK  [0m] Stopped Apply Kernel Variables.
[[0;32m  OK  [0m] Stopped Load Kernel Modules.
[[0;32m  OK  [0m] Unmounted /media/sf_11111.
[[0;32m  OK  [0m] Reached target Unmount All Filesystems.
[[0;32m  OK  [0m] Stopped target Local File Systems (Pre).
[[0;32m  OK  [0m] Stopped Remount Root and Kernel File Systems.
[[0;32m  OK  [0m] Stopped Create Static Device Nodes in /dev.
[[0;32m  OK  [0m] Reached target Shutdown.
[[0;32m  OK  [0m] Reached target Final Step.
         Starting Power-Off...
         Stopping Monitoring of LVM2 mirrors…ng dmeventd or progress polling...
[  157.485228] reboot: Power down
