$ ansible-playbook -i inv.yaml minikube.yaml

PLAY [Install Minikube] **********************************************************************************************************************************************************************************************************************

TASK [Gathering Facts] ***********************************************************************************************************************************************************************************************************************
ok: [host_01]

TASK [minikube : Kubectl. Add an Apt signing key] ********************************************************************************************************************************************************************************************
changed: [host_01]

TASK [minikube : Kubectl. Add repo] **********************************************************************************************************************************************************************************************************
changed: [host_01]

TASK [minikube : Kubectl. Update cache] ******************************************************************************************************************************************************************************************************
changed: [host_01]

TASK [minikube : Kubectl. Install Kubectl] ***************************************************************************************************************************************************************************************************
changed: [host_01]

TASK [minikube : Docker. Add an Apt signing key] *********************************************************************************************************************************************************************************************
changed: [host_01]

TASK [minikube : Docker. Add repo] ***********************************************************************************************************************************************************************************************************
changed: [host_01]

TASK [minikube : Docker. Update cache] *******************************************************************************************************************************************************************************************************
changed: [host_01]

TASK [minikube : Docker. Install Docker] *****************************************************************************************************************************************************************************************************
changed: [host_01]

TASK [minikube : Docker. Access] *************************************************************************************************************************************************************************************************************
changed: [host_01]

TASK [minikube : Minikube. Downloading] ******************************************************************************************************************************************************************************************************
changed: [host_01]

TASK [minikube : Minikube. Access] ***********************************************************************************************************************************************************************************************************
 [WARNING]: Consider using the file module with mode rather than running chmod.  If you need to use command because file is insufficient you can add warn=False to this command task or set command_warnings=False in ansible.cfg to get rid
of this message.

changed: [host_01]

TASK [minikube : Minikube. Setting up and starting] ******************************************************************************************************************************************************************************************
 [WARNING]: Consider using 'become', 'become_method', and 'become_user' rather than running sudo

changed: [host_01]

PLAY RECAP ***********************************************************************************************************************************************************************************************************************************
host_01                    : ok=13   changed=12   unreachable=0    failed=0   