$ vagrant up
Bringing machine 'minikube' up with 'virtualbox' provider...
==> minikube: Importing base box 'bento/ubuntu-16.04'...
==> minikube: Matching MAC address for NAT networking...
==> minikube: Checking if box 'bento/ubuntu-16.04' version '201812.27.0' is up to date...
==> minikube: Setting the name of the VM: hw_minikube_1559757146517_88528
==> minikube: Fixed port collision for 443 => 443. Now on port 2200.
==> minikube: Clearing any previously set network interfaces...
==> minikube: Preparing network interfaces based on configuration...
    minikube: Adapter 1: nat
    minikube: Adapter 2: bridged
==> minikube: You are trying to forward to privileged ports (ports <= 1024). Most
==> minikube: operating systems restrict this to only privileged process (typically
==> minikube: processes running as an administrative user). This is a warning in case
==> minikube: the port forwarding doesn't work. If any problems occur, please try a
==> minikube: port higher than 1024.
==> minikube: Forwarding ports...
    minikube: 30000 (guest) => 30000 (host) (adapter 1)
    minikube: 80 (guest) => 80 (host) (adapter 1)
    minikube: 443 (guest) => 2200 (host) (adapter 1)
    minikube: 22 (guest) => 2222 (host) (adapter 1)
==> minikube: Running 'pre-boot' VM customizations...
==> minikube: Booting VM...
==> minikube: Waiting for machine to boot. This may take a few minutes...
    minikube: SSH address: 127.0.0.1:2222
    minikube: SSH username: vagrant
    minikube: SSH auth method: private key
==> minikube: Machine booted and ready!
[minikube] GuestAdditions versions on your host (6.0.6) and guest (5.2.22) do not match.
Reading package lists...
Building dependency tree...
Reading state information...
dkms is already the newest version (2.2.0.3-2ubuntu11.5).
The following NEW packages will be installed:
  linux-headers-4.4.0-131 linux-headers-4.4.0-131-generic
0 upgraded, 2 newly installed, 0 to remove and 0 not upgraded.
Need to get 10.9 MB of archives.
After this operation, 78.4 MB of additional disk space will be used.
Get:1 http://archive.ubuntu.com/ubuntu xenial-updates/main amd64 linux-headers-4.4.0-131 all 4.4.0-131.157 [10.0 MB]
Get:2 http://archive.ubuntu.com/ubuntu xenial-updates/main amd64 linux-headers-4.4.0-131-generic amd64 4.4.0-131.157 [820 kB]
dpkg-preconfigure: unable to re-open stdin: No such file or directory
Fetched 10.9 MB in 1s (5,938 kB/s)
Selecting previously unselected package linux-headers-4.4.0-131.
(Reading database ... 38412 files and directories currently installed.)
Preparing to unpack .../linux-headers-4.4.0-131_4.4.0-131.157_all.deb ...
Unpacking linux-headers-4.4.0-131 (4.4.0-131.157) ...
Selecting previously unselected package linux-headers-4.4.0-131-generic.
Preparing to unpack .../linux-headers-4.4.0-131-generic_4.4.0-131.157_amd64.deb ...
Unpacking linux-headers-4.4.0-131-generic (4.4.0-131.157) ...
Setting up linux-headers-4.4.0-131 (4.4.0-131.157) ...
Setting up linux-headers-4.4.0-131-generic (4.4.0-131.157) ...
Examining /etc/kernel/header_postinst.d.
run-parts: executing /etc/kernel/header_postinst.d/dkms 4.4.0-131-generic /boot/vmlinuz-4.4.0-131-generic
Copy iso file /usr/share/virtualbox/VBoxGuestAdditions.iso into the box /tmp/VBoxGuestAdditions.iso
Mounting Virtualbox Guest Additions ISO to: /mnt
mount: /dev/loop0 is write-protected, mounting read-only
Installing Virtualbox Guest Additions 6.0.6 - guest version is 5.2.22
Verifying archive integrity... All good.
Uncompressing VirtualBox 6.0.6 Guest Additions for Linux........
VirtualBox Guest Additions installer
Removing installed version 5.2.22 of VirtualBox Guest Additions...
update-initramfs: Generating /boot/initrd.img-4.4.0-131-generic
Copying additional installer modules ...
Installing additional modules ...
VirtualBox Guest Additions: Starting.
VirtualBox Guest Additions: Building the VirtualBox Guest Additions kernel 
modules.  This may take a while.
VirtualBox Guest Additions: To build modules for other installed kernels, run
VirtualBox Guest Additions:   /sbin/rcvboxadd quicksetup <version>
VirtualBox Guest Additions: or
VirtualBox Guest Additions:   /sbin/rcvboxadd quicksetup all
VirtualBox Guest Additions: Building the modules for kernel 4.4.0-131-generic.
update-initramfs: Generating /boot/initrd.img-4.4.0-131-generic
W: mdadm: /etc/mdadm/mdadm.conf defines no arrays.
VirtualBox Guest Additions: Running kernel modules will not be replaced until 
the system is restarted
An error occurred during installation of VirtualBox Guest Additions 6.0.6. Some functionality may not work as intended.
In most cases it is OK that the "Window System drivers" installation failed.
Unmounting Virtualbox Guest Additions ISO from: /mnt
Got different reports about installed GuestAdditions version:
Virtualbox on your host claims:   5.2.22
VBoxService inside the vm claims: 6.0.6
Going on, assuming VBoxService is correct...
Got different reports about installed GuestAdditions version:
Virtualbox on your host claims:   5.2.22
VBoxService inside the vm claims: 6.0.6
Going on, assuming VBoxService is correct...
==> minikube: Checking for guest additions in VM...
    minikube: The guest additions on this VM do not match the installed version of
    minikube: VirtualBox! In most cases this is fine, but in rare cases it can
    minikube: prevent things such as shared folders from working properly. If you see
    minikube: shared folder errors, please make sure the guest additions within the
    minikube: virtual machine match the version of VirtualBox you have installed on
    minikube: your host and reload your VM.
    minikube: 
    minikube: Guest Additions Version: 5.2.22
    minikube: VirtualBox Version: 6.0
==> minikube: Configuring and enabling network interfaces...
==> minikube: Mounting shared folders...
